117.02.05 22:11 B G:\ixwebhosting\CNYmasonry\index.htm --> web300.ixwebhosting.com /pgoh13.com/CNYmasonry index.htm
117.02.05 22:11 B G:\ixwebhosting\CNYmasonry\img21.jpg --> web300.ixwebhosting.com /pgoh13.com/CNYmasonry img21.jpg
117.02.05 22:11 B G:\ixwebhosting\CNYmasonry\img46.jpg --> web300.ixwebhosting.com /pgoh13.com/CNYmasonry img46.jpg
117.02.05 22:11 B G:\ixwebhosting\CNYmasonry\img45.jpg --> web300.ixwebhosting.com /pgoh13.com/CNYmasonry img45.jpg
117.02.05 22:11 B G:\ixwebhosting\CNYmasonry\img44.jpg --> web300.ixwebhosting.com /pgoh13.com/CNYmasonry img44.jpg
117.02.05 22:11 B G:\ixwebhosting\CNYmasonry\img43.jpg --> web300.ixwebhosting.com /pgoh13.com/CNYmasonry img43.jpg
117.02.05 22:11 B G:\ixwebhosting\CNYmasonry\img42.jpg --> web300.ixwebhosting.com /pgoh13.com/CNYmasonry img42.jpg
117.02.05 22:11 B G:\ixwebhosting\CNYmasonry\img41.jpg --> web300.ixwebhosting.com /pgoh13.com/CNYmasonry img41.jpg
117.02.05 22:11 B G:\ixwebhosting\CNYmasonry\img40.jpg --> web300.ixwebhosting.com /pgoh13.com/CNYmasonry img40.jpg
117.02.05 22:11 B G:\ixwebhosting\CNYmasonry\img39.jpg --> web300.ixwebhosting.com /pgoh13.com/CNYmasonry img39.jpg
117.02.05 22:11 B G:\ixwebhosting\CNYmasonry\img38.jpg --> web300.ixwebhosting.com /pgoh13.com/CNYmasonry img38.jpg
117.02.05 22:11 B G:\ixwebhosting\CNYmasonry\img37.jpg --> web300.ixwebhosting.com /pgoh13.com/CNYmasonry img37.jpg
117.02.05 22:11 B G:\ixwebhosting\CNYmasonry\img36.jpg --> web300.ixwebhosting.com /pgoh13.com/CNYmasonry img36.jpg
117.02.05 22:11 B G:\ixwebhosting\CNYmasonry\img35.jpg --> web300.ixwebhosting.com /pgoh13.com/CNYmasonry img35.jpg
117.02.05 22:11 B G:\ixwebhosting\CNYmasonry\img34.jpg --> web300.ixwebhosting.com /pgoh13.com/CNYmasonry img34.jpg
117.02.05 22:11 B G:\ixwebhosting\CNYmasonry\img33.jpg --> web300.ixwebhosting.com /pgoh13.com/CNYmasonry img33.jpg
117.02.05 22:11 B G:\ixwebhosting\CNYmasonry\img32.jpg --> web300.ixwebhosting.com /pgoh13.com/CNYmasonry img32.jpg
117.02.05 22:11 B G:\ixwebhosting\CNYmasonry\img31.jpg --> web300.ixwebhosting.com /pgoh13.com/CNYmasonry img31.jpg
117.02.05 22:11 B G:\ixwebhosting\CNYmasonry\img30.jpg --> web300.ixwebhosting.com /pgoh13.com/CNYmasonry img30.jpg
117.02.05 22:11 B G:\ixwebhosting\CNYmasonry\img29.jpg --> web300.ixwebhosting.com /pgoh13.com/CNYmasonry img29.jpg
117.02.05 22:11 B G:\ixwebhosting\CNYmasonry\img28.jpg --> web300.ixwebhosting.com /pgoh13.com/CNYmasonry img28.jpg
117.02.05 22:11 B G:\ixwebhosting\CNYmasonry\img27.jpg --> web300.ixwebhosting.com /pgoh13.com/CNYmasonry img27.jpg
117.02.05 22:11 B G:\ixwebhosting\CNYmasonry\img26.jpg --> web300.ixwebhosting.com /pgoh13.com/CNYmasonry img26.jpg
117.02.05 22:11 B G:\ixwebhosting\CNYmasonry\img25.jpg --> web300.ixwebhosting.com /pgoh13.com/CNYmasonry img25.jpg
117.02.05 22:11 B G:\ixwebhosting\CNYmasonry\img24.jpg --> web300.ixwebhosting.com /pgoh13.com/CNYmasonry img24.jpg
117.02.05 22:11 B G:\ixwebhosting\CNYmasonry\img23.jpg --> web300.ixwebhosting.com /pgoh13.com/CNYmasonry img23.jpg
117.02.05 22:11 B G:\ixwebhosting\CNYmasonry\img22.jpg --> web300.ixwebhosting.com /pgoh13.com/CNYmasonry img22.jpg
117.02.05 22:12 B G:\ixwebhosting\CNYmasonry\img20.jpg --> web300.ixwebhosting.com /pgoh13.com/CNYmasonry img20.jpg
117.02.05 22:12 B G:\ixwebhosting\CNYmasonry\img19.jpg --> web300.ixwebhosting.com /pgoh13.com/CNYmasonry img19.jpg
117.02.05 22:12 B G:\ixwebhosting\CNYmasonry\img18.jpg --> web300.ixwebhosting.com /pgoh13.com/CNYmasonry img18.jpg
117.02.05 22:12 B G:\ixwebhosting\CNYmasonry\img17.jpg --> web300.ixwebhosting.com /pgoh13.com/CNYmasonry img17.jpg
117.02.05 22:12 B G:\ixwebhosting\CNYmasonry\img16.jpg --> web300.ixwebhosting.com /pgoh13.com/CNYmasonry img16.jpg
117.02.05 22:12 B G:\ixwebhosting\CNYmasonry\img15.jpg --> web300.ixwebhosting.com /pgoh13.com/CNYmasonry img15.jpg
117.02.05 22:12 B G:\ixwebhosting\CNYmasonry\img14.jpg --> web300.ixwebhosting.com /pgoh13.com/CNYmasonry img14.jpg
117.02.05 22:12 B G:\ixwebhosting\CNYmasonry\img13.jpg --> web300.ixwebhosting.com /pgoh13.com/CNYmasonry img13.jpg
117.02.05 22:12 B G:\ixwebhosting\CNYmasonry\img12.jpg --> web300.ixwebhosting.com /pgoh13.com/CNYmasonry img12.jpg
117.02.05 22:12 B G:\ixwebhosting\CNYmasonry\img11.jpg --> web300.ixwebhosting.com /pgoh13.com/CNYmasonry img11.jpg
117.02.05 22:12 B G:\ixwebhosting\CNYmasonry\img9.jpg --> web300.ixwebhosting.com /pgoh13.com/CNYmasonry img9.jpg
117.02.05 22:12 B G:\ixwebhosting\CNYmasonry\img10.jpg --> web300.ixwebhosting.com /pgoh13.com/CNYmasonry img10.jpg
117.02.05 22:12 B G:\ixwebhosting\CNYmasonry\img8.jpg --> web300.ixwebhosting.com /pgoh13.com/CNYmasonry img8.jpg
117.02.05 22:12 B G:\ixwebhosting\CNYmasonry\img7.jpg --> web300.ixwebhosting.com /pgoh13.com/CNYmasonry img7.jpg
117.02.05 22:12 B G:\ixwebhosting\CNYmasonry\img6.jpg --> web300.ixwebhosting.com /pgoh13.com/CNYmasonry img6.jpg
117.02.05 22:12 B G:\ixwebhosting\CNYmasonry\img5.jpg --> web300.ixwebhosting.com /pgoh13.com/CNYmasonry img5.jpg
117.02.05 22:12 B G:\ixwebhosting\CNYmasonry\img4.jpg --> web300.ixwebhosting.com /pgoh13.com/CNYmasonry img4.jpg
117.02.05 22:12 B G:\ixwebhosting\CNYmasonry\img3.jpg --> web300.ixwebhosting.com /pgoh13.com/CNYmasonry img3.jpg
117.02.05 22:12 B G:\ixwebhosting\CNYmasonry\img2.jpg --> web300.ixwebhosting.com /pgoh13.com/CNYmasonry img2.jpg
117.02.05 22:12 B G:\ixwebhosting\CNYmasonry\img1.jpg --> web300.ixwebhosting.com /pgoh13.com/CNYmasonry img1.jpg
117.02.06 07:01 B G:\ixwebhosting\CNYmasonry\test2000px.htm --> web300.ixwebhosting.com /pgoh13.com/CNYmasonry test2000px.htm
117.02.06 17:30 B G:\ixwebhosting\CNYmasonry\index.htm --> web300.ixwebhosting.com /pgoh13.com/CNYmasonry index.htm
121.01.23 18:31 B D:\free2\travel\CNYmasonry\WS_FTP.LOG <-- hostinger /domains/pgoh13.eu/public_html/free_site/travel/CNYmasonry WS_FTP.LOG
121.01.23 18:31 B D:\free2\travel\CNYmasonry\index.htm <-- hostinger /domains/pgoh13.eu/public_html/free_site/travel/CNYmasonry index.htm
121.01.23 18:31 B D:\free2\travel\CNYmasonry\img46.jpg <-- hostinger /domains/pgoh13.eu/public_html/free_site/travel/CNYmasonry img46.jpg
121.01.23 18:31 B D:\free2\travel\CNYmasonry\img45.jpg <-- hostinger /domains/pgoh13.eu/public_html/free_site/travel/CNYmasonry img45.jpg
121.01.23 18:31 B D:\free2\travel\CNYmasonry\img44.jpg <-- hostinger /domains/pgoh13.eu/public_html/free_site/travel/CNYmasonry img44.jpg
121.01.23 18:31 B D:\free2\travel\CNYmasonry\img43.jpg <-- hostinger /domains/pgoh13.eu/public_html/free_site/travel/CNYmasonry img43.jpg
121.01.23 18:31 B D:\free2\travel\CNYmasonry\img42.jpg <-- hostinger /domains/pgoh13.eu/public_html/free_site/travel/CNYmasonry img42.jpg
121.01.23 18:31 B D:\free2\travel\CNYmasonry\img41.jpg <-- hostinger /domains/pgoh13.eu/public_html/free_site/travel/CNYmasonry img41.jpg
121.01.23 18:31 B D:\free2\travel\CNYmasonry\img40.jpg <-- hostinger /domains/pgoh13.eu/public_html/free_site/travel/CNYmasonry img40.jpg
121.01.23 18:31 B D:\free2\travel\CNYmasonry\img39.jpg <-- hostinger /domains/pgoh13.eu/public_html/free_site/travel/CNYmasonry img39.jpg
121.01.23 18:31 B D:\free2\travel\CNYmasonry\img38.jpg <-- hostinger /domains/pgoh13.eu/public_html/free_site/travel/CNYmasonry img38.jpg
121.01.23 18:31 B D:\free2\travel\CNYmasonry\img37.jpg <-- hostinger /domains/pgoh13.eu/public_html/free_site/travel/CNYmasonry img37.jpg
121.01.23 18:31 B D:\free2\travel\CNYmasonry\img36.jpg <-- hostinger /domains/pgoh13.eu/public_html/free_site/travel/CNYmasonry img36.jpg
121.01.23 18:31 B D:\free2\travel\CNYmasonry\img35.jpg <-- hostinger /domains/pgoh13.eu/public_html/free_site/travel/CNYmasonry img35.jpg
121.01.23 18:31 B D:\free2\travel\CNYmasonry\img34.jpg <-- hostinger /domains/pgoh13.eu/public_html/free_site/travel/CNYmasonry img34.jpg
121.01.23 18:31 B D:\free2\travel\CNYmasonry\img33.jpg <-- hostinger /domains/pgoh13.eu/public_html/free_site/travel/CNYmasonry img33.jpg
121.01.23 18:31 B D:\free2\travel\CNYmasonry\img32.jpg <-- hostinger /domains/pgoh13.eu/public_html/free_site/travel/CNYmasonry img32.jpg
121.01.23 18:31 B D:\free2\travel\CNYmasonry\img31.jpg <-- hostinger /domains/pgoh13.eu/public_html/free_site/travel/CNYmasonry img31.jpg
121.01.23 18:31 B D:\free2\travel\CNYmasonry\img30.jpg <-- hostinger /domains/pgoh13.eu/public_html/free_site/travel/CNYmasonry img30.jpg
121.01.23 18:31 B D:\free2\travel\CNYmasonry\img29.jpg <-- hostinger /domains/pgoh13.eu/public_html/free_site/travel/CNYmasonry img29.jpg
121.01.23 18:31 B D:\free2\travel\CNYmasonry\img28.jpg <-- hostinger /domains/pgoh13.eu/public_html/free_site/travel/CNYmasonry img28.jpg
121.01.23 18:31 B D:\free2\travel\CNYmasonry\img27.jpg <-- hostinger /domains/pgoh13.eu/public_html/free_site/travel/CNYmasonry img27.jpg
121.01.23 18:31 B D:\free2\travel\CNYmasonry\img26.jpg <-- hostinger /domains/pgoh13.eu/public_html/free_site/travel/CNYmasonry img26.jpg
121.01.23 18:31 B D:\free2\travel\CNYmasonry\img25.jpg <-- hostinger /domains/pgoh13.eu/public_html/free_site/travel/CNYmasonry img25.jpg
121.01.23 18:31 B D:\free2\travel\CNYmasonry\img21.jpg <-- hostinger /domains/pgoh13.eu/public_html/free_site/travel/CNYmasonry img21.jpg
