120.08.23 14:27 B D:\free2\rome\rome_balcony.jpg <-- free.fr /rome rome_balcony.jpg
120.08.23 14:27 B D:\free2\rome\pompeii_ruins3.jpg <-- free.fr /rome pompeii_ruins3.jpg
120.08.23 14:27 B D:\free2\rome\pompeii_ruins2.jpg <-- free.fr /rome pompeii_ruins2.jpg
120.08.23 14:27 B D:\free2\rome\pompeii_ruins1.jpg <-- free.fr /rome pompeii_ruins1.jpg
120.08.23 14:27 B D:\free2\rome\index.html <-- free.fr /rome index.html
120.08.23 14:27 B D:\free2\rome\capri_village.jpg <-- free.fr /rome capri_village.jpg
120.08.23 14:27 B D:\free2\rome\capri_port.jpg <-- free.fr /rome capri_port.jpg
120.08.23 14:27 B D:\free2\rome\sorrento_resort.jpg <-- free.fr /rome sorrento_resort.jpg
120.08.23 14:27 B D:\free2\rome\rome_yhgarden.jpg <-- free.fr /rome rome_yhgarden.jpg
120.08.23 14:27 B D:\free2\rome\rome_tourists_trap.jpg <-- free.fr /rome rome_tourists_trap.jpg
120.08.23 14:27 B D:\free2\rome\rome_queue.jpg <-- free.fr /rome rome_queue.jpg
120.08.23 14:27 B D:\free2\rome\rome_ostia_antica.jpg <-- free.fr /rome rome_ostia_antica.jpg
120.08.23 14:27 B D:\free2\rome\rome_mainstation.jpg <-- free.fr /rome rome_mainstation.jpg
120.08.23 14:27 B D:\free2\rome\rome_maggiore.jpg <-- free.fr /rome rome_maggiore.jpg
120.08.23 14:27 B D:\free2\rome\rome_fountain.jpg <-- free.fr /rome rome_fountain.jpg
120.08.23 14:27 B D:\free2\rome\rome_coliseum.jpg <-- free.fr /rome rome_coliseum.jpg
120.08.23 14:27 B D:\free2\rome\rome_capitolini.jpg <-- free.fr /rome rome_capitolini.jpg
120.08.23 14:27 B D:\free2\rome\rome_campidoglio.jpg <-- free.fr /rome rome_campidoglio.jpg
120.08.23 14:27 B D:\free2\rome\rome_bridge.jpg <-- free.fr /rome rome_bridge.jpg
120.08.23 14:27 B D:\free2\rome\rome_beach.jpg <-- free.fr /rome rome_beach.jpg
120.08.23 14:27 B D:\free2\rome\naples_yh.jpg <-- free.fr /rome naples_yh.jpg
120.08.23 14:27 B D:\free2\rome\naples_trippa_musso.jpg <-- free.fr /rome naples_trippa_musso.jpg
120.08.23 14:27 B D:\free2\rome\naples_sunset.jpg <-- free.fr /rome naples_sunset.jpg
120.08.23 14:27 B D:\free2\rome\naples_sunrise.jpg <-- free.fr /rome naples_sunrise.jpg
120.08.23 14:27 B D:\free2\rome\naples_poverty.jpg <-- free.fr /rome naples_poverty.jpg
120.08.23 14:27 B D:\free2\rome\naples_pigs_tripe.jpg <-- free.fr /rome naples_pigs_tripe.jpg
120.08.23 14:27 B D:\free2\rome\naples_paolo_angela.jpg <-- free.fr /rome naples_paolo_angela.jpg
120.08.23 14:27 B D:\free2\rome\naples_fullmoon.jpg <-- free.fr /rome naples_fullmoon.jpg
120.08.23 14:27 B D:\free2\rome\capri_wonder.jpg <-- free.fr /rome capri_wonder.jpg
120.08.23 14:27 B D:\free2\rome\capri_beach.jpg <-- free.fr /rome capri_beach.jpg
121.01.13 23:18 B D:\free2\travel\rome\WS_FTP.LOG <-- hostinger /domains/pgoh13.eu/public_html/free_site/travel/rome WS_FTP.LOG
