110.11.09 16:15 B D:\My Dropbox\madrid\puertadelsol.jpg --> ftpperso.free.fr /madrid puertadelsol.jpg
110.11.10 00:03 B D:\My Dropbox\madrid\index.php --> ftpperso.free.fr /madrid index.php
110.11.10 00:03 B D:\My Dropbox\madrid\WS_FTP.LOG --> ftpperso.free.fr /madrid WS_FTP.LOG
110.11.10 00:03 B D:\My Dropbox\madrid\S7303700_toledo_puertabisagra.jpg.JPG --> ftpperso.free.fr /madrid S7303700_toledo_puertabisagra.jpg.JPG
110.11.10 00:03 B D:\My Dropbox\madrid\S7303684_gardeninsideatocha.jpg.JPG --> ftpperso.free.fr /madrid S7303684_gardeninsideatocha.jpg.JPG
110.11.10 00:03 B D:\My Dropbox\madrid\S7303713_toledo-succulentpolloasadoconsidra.jpg.JPG --> ftpperso.free.fr /madrid S7303713_toledo-succulentpolloasadoconsidra.jpg.JPG
110.11.10 00:03 B D:\My Dropbox\madrid\S7303711_toledo_alcazar.jpg.JPG --> ftpperso.free.fr /madrid S7303711_toledo_alcazar.jpg.JPG
110.11.10 00:03 B D:\My Dropbox\madrid\S7303709_toledo-catedraldesantamaria.jpg.JPG --> ftpperso.free.fr /madrid S7303709_toledo-catedraldesantamaria.jpg.JPG
110.11.10 00:03 B D:\My Dropbox\madrid\S7303703_toledo_puertadelsol.jpg.JPG --> ftpperso.free.fr /madrid S7303703_toledo_puertadelsol.jpg.JPG
110.11.10 00:03 B D:\My Dropbox\madrid\S7303695_toledo_plazazocodover.jpg.JPG --> ftpperso.free.fr /madrid S7303695_toledo_plazazocodover.jpg.JPG
110.11.10 00:03 B D:\My Dropbox\madrid\S7303687_atocharailwaystation.jpg.JPG --> ftpperso.free.fr /madrid S7303687_atocharailwaystation.jpg.JPG
110.11.10 00:03 B D:\My Dropbox\madrid\S7303679_falunclass.jpg.JPG --> ftpperso.free.fr /madrid S7303679_falunclass.jpg.JPG
110.11.10 00:03 B D:\My Dropbox\madrid\S7303675_boatingatlake.jpg.JPG --> ftpperso.free.fr /madrid S7303675_boatingatlake.jpg.JPG
110.11.10 00:03 B D:\My Dropbox\madrid\S7303666_palaciocristal.jpg.JPG --> ftpperso.free.fr /madrid S7303666_palaciocristal.jpg.JPG
110.11.10 00:03 B D:\My Dropbox\madrid\S7303651_stand1.jpg.JPG --> ftpperso.free.fr /madrid S7303651_stand1.jpg.JPG
110.11.10 00:03 B D:\My Dropbox\madrid\S7303646_stand3.jpg.JPG --> ftpperso.free.fr /madrid S7303646_stand3.jpg.JPG
110.11.10 00:03 B D:\My Dropbox\madrid\S7303645_stand2.jpg.JPG --> ftpperso.free.fr /madrid S7303645_stand2.jpg.JPG
110.11.10 00:03 B D:\My Dropbox\madrid\S7303638_arguelleswallpainting.jpg.JPG --> ftpperso.free.fr /madrid S7303638_arguelleswallpainting.jpg.JPG
110.11.10 00:03 B D:\My Dropbox\madrid\S7303623_fountainatnight.jpg.JPG --> ftpperso.free.fr /madrid S7303623_fountainatnight.jpg.JPG
110.11.10 00:03 B D:\My Dropbox\madrid\S7303615_stadiumopensdoors.jpg.JPG --> ftpperso.free.fr /madrid S7303615_stadiumopensdoors.jpg.JPG
110.11.10 00:03 B D:\My Dropbox\madrid\S7303608_stadium.jpg.JPG --> ftpperso.free.fr /madrid S7303608_stadium.jpg.JPG
110.11.10 00:03 B D:\My Dropbox\madrid\S7303601_neptunessculpture_pradomuseum.jpg.JPG --> ftpperso.free.fr /madrid S7303601_neptunessculpture_pradomuseum.jpg.JPG
110.11.10 00:03 B D:\My Dropbox\madrid\S7303600_pradomusuem2.jpg.JPG --> ftpperso.free.fr /madrid S7303600_pradomusuem2.jpg.JPG
110.11.10 00:04 B D:\My Dropbox\madrid\S7303599_pradomusuem1.jpg.JPG --> ftpperso.free.fr /madrid S7303599_pradomusuem1.jpg.JPG
110.11.10 00:04 B D:\My Dropbox\madrid\S7303595_caixasvegetalwall.jpg.JPG --> ftpperso.free.fr /madrid S7303595_caixasvegetalwall.jpg.JPG
110.11.10 00:04 B D:\My Dropbox\madrid\S7303591_jambon_everywhere.jpg.JPG --> ftpperso.free.fr /madrid S7303591_jambon_everywhere.jpg.JPG
110.11.10 00:04 B D:\My Dropbox\madrid\S7303589_paella.jpg.JPG --> ftpperso.free.fr /madrid S7303589_paella.jpg.JPG
110.11.10 00:04 B D:\My Dropbox\madrid\S7303588__reinasofia_brushstroke.jpg.JPG --> ftpperso.free.fr /madrid S7303588__reinasofia_brushstroke.jpg.JPG
110.11.10 00:04 B D:\My Dropbox\madrid\S7303582_puertasol.jpg.JPG --> ftpperso.free.fr /madrid S7303582_puertasol.jpg.JPG
110.11.10 00:04 B D:\My Dropbox\madrid\S7303579_callemayor.jpg.JPG --> ftpperso.free.fr /madrid S7303579_callemayor.jpg.JPG
110.11.10 00:04 B D:\My Dropbox\madrid\S7303574_royalpalace.jpg.JPG --> ftpperso.free.fr /madrid S7303574_royalpalace.jpg.JPG
110.11.10 00:04 B D:\My Dropbox\madrid\S7303572_policeonhorseback.jpg.JPG --> ftpperso.free.fr /madrid S7303572_policeonhorseback.jpg.JPG
110.11.10 00:04 B D:\My Dropbox\madrid\S7303570_museocatedralalmudena.jpg.JPG --> ftpperso.free.fr /madrid S7303570_museocatedralalmudena.jpg.JPG
110.11.10 00:04 B D:\My Dropbox\madrid\S7303558_chocolateconchurros.jpg.JPG --> ftpperso.free.fr /madrid S7303558_chocolateconchurros.jpg.JPG
110.11.10 00:04 B D:\My Dropbox\madrid\S7303549_plazaespana.jpg.JPG --> ftpperso.free.fr /madrid S7303549_plazaespana.jpg.JPG
110.11.10 00:04 B D:\My Dropbox\madrid\S7303548-oneofmanyfountains.jpg.JPG --> ftpperso.free.fr /madrid S7303548-oneofmanyfountains.jpg.JPG
110.11.10 00:04 B D:\My Dropbox\madrid\thyssen.jpg --> ftpperso.free.fr /madrid thyssen.jpg
110.11.10 00:04 B D:\My Dropbox\madrid\puertadelsol.jpg --> ftpperso.free.fr /madrid puertadelsol.jpg
110.11.10 00:04 B D:\My Dropbox\madrid\airport.jpg --> ftpperso.free.fr /madrid airport.jpg
110.11.10 00:04 B D:\My Dropbox\madrid\rastrocalle_riberadecurtidores.jpg --> ftpperso.free.fr /madrid rastrocalle_riberadecurtidores.jpg
110.11.10 00:10 B D:\My Dropbox\madrid\index.php --> ftpperso.free.fr /madrid index.php
110.11.10 00:12 B D:\My Dropbox\madrid\index.php --> ftpperso.free.fr /madrid index.php
110.11.10 00:13 B D:\My Dropbox\madrid\madrid_metro.pdf --> ftpperso.free.fr /madrid madrid_metro.pdf
110.11.10 00:18 B D:\My Dropbox\madrid\index.php --> ftpperso.free.fr /madrid index.php
110.11.10 07:00 B D:\My Dropbox\madrid\madrid_notes.txt --> ftpperso.free.fr /madrid madrid_notes.txt
110.11.10 07:00 B D:\My Dropbox\madrid\index.php --> ftpperso.free.fr /madrid index.php
110.11.10 07:00 B D:\My Dropbox\madrid\WS_FTP.LOG --> ftpperso.free.fr /madrid WS_FTP.LOG
110.11.10 07:00 B D:\My Dropbox\madrid\toledo_puertabisagra250.jpg --> ftpperso.free.fr /madrid toledo_puertabisagra250.jpg
110.11.10 07:00 B D:\My Dropbox\madrid\toledo_puertabisagra.jpg --> ftpperso.free.fr /madrid toledo_puertabisagra.jpg
110.11.10 07:00 B D:\My Dropbox\madrid\garden_atocha250.jpg --> ftpperso.free.fr /madrid garden_atocha250.jpg
110.11.10 07:00 B D:\My Dropbox\madrid\garden_atocha.jpg --> ftpperso.free.fr /madrid garden_atocha.jpg
110.11.10 07:00 B D:\My Dropbox\madrid\toledo_polloasado250.jpg --> ftpperso.free.fr /madrid toledo_polloasado250.jpg
110.11.10 07:00 B D:\My Dropbox\madrid\toledo_polloasado.jpg --> ftpperso.free.fr /madrid toledo_polloasado.jpg
110.11.10 07:00 B D:\My Dropbox\madrid\toledo_alcazar250.jpg --> ftpperso.free.fr /madrid toledo_alcazar250.jpg
110.11.10 07:00 B D:\My Dropbox\madrid\toledo_alcazar.jpg --> ftpperso.free.fr /madrid toledo_alcazar.jpg
110.11.10 07:00 B D:\My Dropbox\madrid\toledo_zocodover250.jpg --> ftpperso.free.fr /madrid toledo_zocodover250.jpg
110.11.10 07:00 B D:\My Dropbox\madrid\toledo_zocodover.jpg --> ftpperso.free.fr /madrid toledo_zocodover.jpg
110.11.10 07:00 B D:\My Dropbox\madrid\toledo_puertadelsol250.jpg --> ftpperso.free.fr /madrid toledo_puertadelsol250.jpg
110.11.10 07:00 B D:\My Dropbox\madrid\toledo_puertadelsol.jpg --> ftpperso.free.fr /madrid toledo_puertadelsol.jpg
110.11.10 07:00 B D:\My Dropbox\madrid\toledo_catedraldesantamaria250.jpg --> ftpperso.free.fr /madrid toledo_catedraldesantamaria250.jpg
110.11.10 07:00 B D:\My Dropbox\madrid\toledo_catedraldesantamaria.jpg --> ftpperso.free.fr /madrid toledo_catedraldesantamaria.jpg
110.11.10 07:00 B D:\My Dropbox\madrid\falun_dafa250.jpg --> ftpperso.free.fr /madrid falun_dafa250.jpg
110.11.10 07:00 B D:\My Dropbox\madrid\falun_dafa.jpg --> ftpperso.free.fr /madrid falun_dafa.jpg
110.11.10 07:00 B D:\My Dropbox\madrid\boating_atretiro250.jpg --> ftpperso.free.fr /madrid boating_atretiro250.jpg
110.11.10 07:00 B D:\My Dropbox\madrid\boating_atretiro.jpg --> ftpperso.free.fr /madrid boating_atretiro.jpg
110.11.10 07:00 B D:\My Dropbox\madrid\santiago_bernadeu250.jpg --> ftpperso.free.fr /madrid santiago_bernadeu250.jpg
110.11.10 07:00 B D:\My Dropbox\madrid\santiago_bernadeu.jpg --> ftpperso.free.fr /madrid santiago_bernadeu.jpg
110.11.10 07:00 B D:\My Dropbox\madrid\real_madrid250.jpg --> ftpperso.free.fr /madrid real_madrid250.jpg
110.11.10 07:00 B D:\My Dropbox\madrid\real_madrid.jpg --> ftpperso.free.fr /madrid real_madrid.jpg
110.11.10 07:00 B D:\My Dropbox\madrid\rastro_stand3250.jpg --> ftpperso.free.fr /madrid rastro_stand3250.jpg
110.11.10 07:00 B D:\My Dropbox\madrid\rastro_stand3.jpg --> ftpperso.free.fr /madrid rastro_stand3.jpg
110.11.10 07:00 B D:\My Dropbox\madrid\rastro_stand2250.jpg --> ftpperso.free.fr /madrid rastro_stand2250.jpg
110.11.10 07:00 B D:\My Dropbox\madrid\rastro_stand2.jpg --> ftpperso.free.fr /madrid rastro_stand2.jpg
110.11.10 07:00 B D:\My Dropbox\madrid\rastro_stand1250.jpg --> ftpperso.free.fr /madrid rastro_stand1250.jpg
110.11.10 07:00 B D:\My Dropbox\madrid\rastro_stand1.jpg --> ftpperso.free.fr /madrid rastro_stand1.jpg
110.11.10 07:00 B D:\My Dropbox\madrid\palacio_decristal250.jpg --> ftpperso.free.fr /madrid palacio_decristal250.jpg
110.11.10 07:00 B D:\My Dropbox\madrid\palacio_decristal.jpg --> ftpperso.free.fr /madrid palacio_decristal.jpg
110.11.10 07:00 B D:\My Dropbox\madrid\arguelles_metro250.jpg --> ftpperso.free.fr /madrid arguelles_metro250.jpg
110.11.10 07:00 B D:\My Dropbox\madrid\arguelles_metro.jpg --> ftpperso.free.fr /madrid arguelles_metro.jpg
110.11.10 07:00 B D:\My Dropbox\madrid\reinasofia250.jpg --> ftpperso.free.fr /madrid reinasofia250.jpg
110.11.10 07:00 B D:\My Dropbox\madrid\reinasofia.jpg --> ftpperso.free.fr /madrid reinasofia.jpg
110.11.10 07:00 B D:\My Dropbox\madrid\puertadelsol2250.jpg --> ftpperso.free.fr /madrid puertadelsol2250.jpg
110.11.10 07:00 B D:\My Dropbox\madrid\puertadelsol2.jpg --> ftpperso.free.fr /madrid puertadelsol2.jpg
110.11.10 07:00 B D:\My Dropbox\madrid\pradomuseum2250.jpg --> ftpperso.free.fr /madrid pradomuseum2250.jpg
110.11.10 07:00 B D:\My Dropbox\madrid\pradomuseum2.jpg --> ftpperso.free.fr /madrid pradomuseum2.jpg
110.11.10 07:00 B D:\My Dropbox\madrid\pradomuseum1250.jpg --> ftpperso.free.fr /madrid pradomuseum1250.jpg
110.11.10 07:00 B D:\My Dropbox\madrid\pradomuseum1.jpg --> ftpperso.free.fr /madrid pradomuseum1.jpg
110.11.10 07:00 B D:\My Dropbox\madrid\neptunes_fountain250.jpg --> ftpperso.free.fr /madrid neptunes_fountain250.jpg
110.11.10 07:00 B D:\My Dropbox\madrid\neptunes_fountain.jpg --> ftpperso.free.fr /madrid neptunes_fountain.jpg
110.11.10 07:00 B D:\My Dropbox\madrid\caixas_forum250.jpg --> ftpperso.free.fr /madrid caixas_forum250.jpg
110.11.10 07:00 B D:\My Dropbox\madrid\caixas_forum.jpg --> ftpperso.free.fr /madrid caixas_forum.jpg
110.11.10 07:00 B D:\My Dropbox\madrid\thyssen250.jpg --> ftpperso.free.fr /madrid thyssen250.jpg
110.11.10 07:01 B D:\My Dropbox\madrid\royalpalace250.jpg --> ftpperso.free.fr /madrid royalpalace250.jpg
110.11.10 07:01 B D:\My Dropbox\madrid\royalpalace.jpg --> ftpperso.free.fr /madrid royalpalace.jpg
110.11.10 07:01 B D:\My Dropbox\madrid\policeonhorseback250.jpg --> ftpperso.free.fr /madrid policeonhorseback250.jpg
110.11.10 07:01 B D:\My Dropbox\madrid\policeonhorseback.jpg --> ftpperso.free.fr /madrid policeonhorseback.jpg
110.11.10 07:01 B D:\My Dropbox\madrid\plazaespana250.jpg --> ftpperso.free.fr /madrid plazaespana250.jpg
110.11.10 07:01 B D:\My Dropbox\madrid\plazaespana.jpg --> ftpperso.free.fr /madrid plazaespana.jpg
110.11.10 07:01 B D:\My Dropbox\madrid\fountain_atnight250.jpg --> ftpperso.free.fr /madrid fountain_atnight250.jpg
110.11.10 07:01 B D:\My Dropbox\madrid\fountain_atnight.jpg --> ftpperso.free.fr /madrid fountain_atnight.jpg
110.11.10 07:01 B D:\My Dropbox\madrid\chocolateconchurros250.jpg --> ftpperso.free.fr /madrid chocolateconchurros250.jpg
110.11.10 07:01 B D:\My Dropbox\madrid\chocolateconchurros.jpg --> ftpperso.free.fr /madrid chocolateconchurros.jpg
110.11.10 07:01 B D:\My Dropbox\madrid\catedralalmudena250.jpg --> ftpperso.free.fr /madrid catedralalmudena250.jpg
110.11.10 07:01 B D:\My Dropbox\madrid\catedralalmudena.jpg --> ftpperso.free.fr /madrid catedralalmudena.jpg
110.11.10 07:01 B D:\My Dropbox\madrid\callemayor250.jpg --> ftpperso.free.fr /madrid callemayor250.jpg
110.11.10 07:01 B D:\My Dropbox\madrid\callemayor.jpg --> ftpperso.free.fr /madrid callemayor.jpg
110.11.10 07:01 B D:\My Dropbox\madrid\thyssen.jpg --> ftpperso.free.fr /madrid thyssen.jpg
110.11.10 07:01 B D:\My Dropbox\madrid\puertadelsol250.jpg --> ftpperso.free.fr /madrid puertadelsol250.jpg
110.11.10 07:01 B D:\My Dropbox\madrid\puertadelsol.jpg --> ftpperso.free.fr /madrid puertadelsol.jpg
110.11.10 07:01 B D:\My Dropbox\madrid\rastro250.jpg --> ftpperso.free.fr /madrid rastro250.jpg
110.11.10 07:01 B D:\My Dropbox\madrid\rastro.jpg --> ftpperso.free.fr /madrid rastro.jpg
110.11.10 07:01 B D:\My Dropbox\madrid\madrid_metro.pdf --> ftpperso.free.fr /madrid madrid_metro.pdf
110.11.10 07:16 B D:\My Dropbox\madrid\toledo_zocodover375.jpg --> ftpperso.free.fr /madrid toledo_zocodover375.jpg
110.11.10 07:16 B D:\My Dropbox\madrid\toledo_puertadelsol375.jpg --> ftpperso.free.fr /madrid toledo_puertadelsol375.jpg
110.11.10 07:16 B D:\My Dropbox\madrid\toledo_puertabisagra375.jpg --> ftpperso.free.fr /madrid toledo_puertabisagra375.jpg
110.11.10 07:16 B D:\My Dropbox\madrid\toledo_catedraldesantamaria375.jpg --> ftpperso.free.fr /madrid toledo_catedraldesantamaria375.jpg
110.11.10 07:16 B D:\My Dropbox\madrid\toledo_alcazar375.jpg --> ftpperso.free.fr /madrid toledo_alcazar375.jpg
110.11.10 07:39 B D:\My Dropbox\madrid\toledo.php --> ftpperso.free.fr /madrid toledo.php
110.11.10 07:39 B D:\My Dropbox\madrid\index.php --> ftpperso.free.fr /madrid index.php
110.11.10 08:13 B D:\My Dropbox\madrid\toledo.php --> ftpperso.free.fr /madrid toledo.php
110.11.10 08:17 B D:\My Dropbox\madrid\toledo.php --> ftpperso.free.fr /madrid toledo.php
110.11.10 08:19 B D:\My Dropbox\madrid\toledo.php --> ftpperso.free.fr /madrid toledo.php
110.11.10 08:24 B D:\My Dropbox\madrid\toledo.php --> ftpperso.free.fr /madrid toledo.php
110.11.10 09:14 B D:\My Dropbox\madrid\index.php --> ftpperso.free.fr /madrid index.php
110.11.10 09:15 B D:\My Dropbox\madrid\index.php --> ftpperso.free.fr /madrid index.php
110.11.10 09:17 B D:\My Dropbox\madrid\index.php --> ftpperso.free.fr /madrid index.php
110.11.10 09:22 B D:\My Dropbox\madrid\index.php --> ftpperso.free.fr /madrid index.php
110.11.10 09:26 B D:\My Dropbox\madrid\index.php --> ftpperso.free.fr /madrid index.php
110.11.10 09:29 B D:\My Dropbox\madrid\index.php --> ftpperso.free.fr /madrid index.php
110.11.10 09:30 B D:\My Dropbox\madrid\index.php --> ftpperso.free.fr /madrid index.php
110.11.10 09:31 B D:\My Dropbox\madrid\index.php --> ftpperso.free.fr /madrid index.php
110.11.10 09:33 B D:\My Dropbox\madrid\index.php --> ftpperso.free.fr /madrid index.php
110.11.10 09:34 B D:\My Dropbox\madrid\index.php --> ftpperso.free.fr /madrid index.php
110.11.10 09:51 B D:\My Dropbox\madrid\index.php --> ftpperso.free.fr /madrid index.php
110.11.10 09:54 B D:\My Dropbox\madrid\index.php --> ftpperso.free.fr /madrid index.php
110.11.10 09:57 B D:\My Dropbox\madrid\index.php --> ftpperso.free.fr /madrid index.php
110.11.10 09:59 B D:\My Dropbox\madrid\index.php --> ftpperso.free.fr /madrid index.php
110.11.10 10:00 B D:\My Dropbox\madrid\airport.jpg --> ftpperso.free.fr /madrid airport.jpg
110.11.10 10:00 B D:\My Dropbox\madrid\airport250.jpg --> ftpperso.free.fr /madrid airport250.jpg
110.11.10 10:08 B D:\My Dropbox\madrid\index.php --> ftpperso.free.fr /madrid index.php
110.11.10 10:08 B D:\My Dropbox\madrid\madrid2.php --> ftpperso.free.fr /madrid madrid2.php
110.11.10 10:11 B D:\My Dropbox\madrid\madrid2.php --> ftpperso.free.fr /madrid madrid2.php
110.11.10 10:11 B D:\My Dropbox\madrid\index.php --> ftpperso.free.fr /madrid index.php
110.11.10 10:12 B D:\My Dropbox\madrid\index.php --> ftpperso.free.fr /madrid index.php
110.11.10 10:14 B D:\My Dropbox\madrid\index.php --> ftpperso.free.fr /madrid index.php
110.11.10 10:14 B D:\My Dropbox\madrid\index.php --> ftpperso.free.fr /madrid index.php
110.11.10 10:17 B D:\My Dropbox\madrid\index.php --> ftpperso.free.fr /madrid index.php
110.11.10 10:19 B D:\My Dropbox\madrid\index.php --> ftpperso.free.fr /madrid index.php
110.11.10 10:22 B D:\My Dropbox\madrid\index.php --> ftpperso.free.fr /madrid index.php
110.11.10 10:22 B D:\My Dropbox\madrid\madrid2.php --> ftpperso.free.fr /madrid madrid2.php
110.11.10 10:24 B D:\My Dropbox\madrid\madrid2.php --> ftpperso.free.fr /madrid madrid2.php
110.11.10 10:24 B D:\My Dropbox\madrid\index.php --> ftpperso.free.fr /madrid index.php
110.11.10 10:25 B D:\My Dropbox\madrid\index.php --> ftpperso.free.fr /madrid index.php
110.11.10 10:27 B D:\My Dropbox\madrid\index.php --> ftpperso.free.fr /madrid index.php
110.11.10 10:27 B D:\My Dropbox\madrid\madrid2.php --> ftpperso.free.fr /madrid madrid2.php
110.11.10 10:31 B D:\My Dropbox\madrid\madrid2.php --> ftpperso.free.fr /madrid madrid2.php
110.11.10 10:33 B D:\My Dropbox\madrid\madrid2.php --> ftpperso.free.fr /madrid madrid2.php
110.11.10 10:36 B D:\My Dropbox\madrid\madrid2.php --> ftpperso.free.fr /madrid madrid2.php
110.11.10 11:30 B D:\My Dropbox\madrid\madrid2.php --> ftpperso.free.fr /madrid madrid2.php
110.11.10 11:30 B D:\My Dropbox\madrid\index.php --> ftpperso.free.fr /madrid index.php
110.11.10 15:24 B D:\My Dropbox\madrid\index.php --> ftpperso.free.fr /madrid index.php
110.11.10 15:25 B D:\My Dropbox\madrid\index.php --> ftpperso.free.fr /madrid index.php
110.11.10 15:26 B D:\My Dropbox\madrid\index.php --> ftpperso.free.fr /madrid index.php
110.11.10 15:27 B D:\My Dropbox\madrid\index.php --> ftpperso.free.fr /madrid index.php
110.11.10 15:28 B D:\My Dropbox\madrid\index.php --> ftpperso.free.fr /madrid index.php
110.11.10 15:29 B D:\My Dropbox\madrid\index.php --> ftpperso.free.fr /madrid index.php
110.11.10 15:33 B D:\My Dropbox\madrid\madrid2.php --> ftpperso.free.fr /madrid madrid2.php
110.11.10 17:31 B D:\My Dropbox\madrid\index.php --> ftpperso.free.fr /madrid index.php
110.11.10 17:31 B D:\My Dropbox\madrid\madrid2.php --> ftpperso.free.fr /madrid madrid2.php
110.11.10 17:50 B D:\My Dropbox\madrid\index.php --> ftpperso.free.fr /madrid index.php
110.11.10 18:15 B D:\My Dropbox\madrid\simple_paella.jpg --> ftpperso.free.fr /madrid simple_paella.jpg
110.11.10 18:15 B D:\My Dropbox\madrid\simple_paella250.jpg --> ftpperso.free.fr /madrid simple_paella250.jpg
110.11.10 18:23 B D:\My Dropbox\madrid\madrid2.php --> ftpperso.free.fr /madrid madrid2.php
110.11.10 18:24 B D:\My Dropbox\madrid\madrid2.php --> ftpperso.free.fr /madrid madrid2.php
110.11.10 18:43 B D:\My Dropbox\madrid\madrid2.php --> ftpperso.free.fr /madrid madrid2.php
110.11.10 19:00 B D:\My Dropbox\madrid\madrid2.php --> ftpperso.free.fr /madrid madrid2.php
110.11.10 19:05 B D:\My Dropbox\madrid\2madrid2.php --> ftpperso.free.fr /madrid 2madrid2.php
110.11.10 19:09 B D:\My Dropbox\madrid\madrid2.php --> ftpperso.free.fr /madrid madrid2.php
110.11.10 19:21 B D:\My Dropbox\madrid\madrid2.php --> ftpperso.free.fr /madrid madrid2.php
110.11.10 19:21 B D:\My Dropbox\madrid\ham_everywhere250.jpg --> ftpperso.free.fr /madrid ham_everywhere250.jpg
110.11.10 19:21 B D:\My Dropbox\madrid\ham_everywhere.jpg --> ftpperso.free.fr /madrid ham_everywhere.jpg
110.11.10 19:47 B D:\My Dropbox\madrid\madrid2.php --> ftpperso.free.fr /madrid madrid2.php
110.11.10 19:49 B D:\My Dropbox\madrid\madrid2.php --> ftpperso.free.fr /madrid madrid2.php
110.11.10 19:51 B D:\My Dropbox\madrid\madrid2.php --> ftpperso.free.fr /madrid madrid2.php
110.11.10 20:22 B D:\My Dropbox\madrid\madrid2.php --> ftpperso.free.fr /madrid madrid2.php
110.11.10 20:25 B D:\My Dropbox\madrid\madrid2.php --> ftpperso.free.fr /madrid madrid2.php
110.11.10 20:26 B D:\My Dropbox\madrid\madrid2.php --> ftpperso.free.fr /madrid madrid2.php
110.11.10 21:52 B D:\My Dropbox\madrid\toledo.php --> ftpperso.free.fr /madrid toledo.php
110.11.10 21:52 B D:\My Dropbox\madrid\madrid2.php --> ftpperso.free.fr /madrid madrid2.php
110.11.10 21:52 B D:\My Dropbox\madrid\index.php --> ftpperso.free.fr /madrid index.php
110.11.10 22:47 B D:\My Dropbox\madrid\madrid2.php --> ftpperso.free.fr /madrid madrid2.php
110.11.10 22:47 B D:\My Dropbox\madrid\toledo.php --> ftpperso.free.fr /madrid toledo.php
110.11.10 23:44 B D:\My Dropbox\madrid\index.php --> ftpperso.free.fr /madrid index.php
110.11.10 23:44 B D:\My Dropbox\madrid\madrid2.php --> ftpperso.free.fr /madrid madrid2.php
110.11.11 00:07 B D:\My Dropbox\madrid\madrid2.php --> ftpperso.free.fr /madrid madrid2.php
110.11.11 09:29 B D:\My Dropbox\madrid\index.php --> ftpperso.free.fr /madrid index.php
110.11.11 09:41 B D:\My Dropbox\madrid\index.php --> ftpperso.free.fr /madrid index.php
110.11.11 09:50 B D:\My Dropbox\madrid\index.php --> ftpperso.free.fr /madrid index.php
110.11.11 09:57 B D:\My Dropbox\madrid\index.php --> ftpperso.free.fr /madrid index.php
110.11.11 09:59 B D:\My Dropbox\madrid\index.php --> ftpperso.free.fr /madrid index.php
110.11.11 10:22 B D:\My Dropbox\madrid\index.php --> ftpperso.free.fr /madrid index.php
110.11.11 10:22 B D:\My Dropbox\madrid\madrid2.php --> ftpperso.free.fr /madrid madrid2.php
110.11.11 10:45 B D:\My Dropbox\madrid\index.php --> ftpperso.free.fr /madrid index.php
110.11.11 10:48 B D:\My Dropbox\madrid\index.php --> ftpperso.free.fr /madrid index.php
110.11.11 10:52 B D:\My Dropbox\madrid\index.php --> ftpperso.free.fr /madrid index.php
110.11.11 10:56 B D:\My Dropbox\madrid\index.php --> ftpperso.free.fr /madrid index.php
110.11.11 10:58 B D:\My Dropbox\madrid\index.php --> ftpperso.free.fr /madrid index.php
110.11.11 11:01 B D:\My Dropbox\madrid\index.php --> ftpperso.free.fr /madrid index.php
110.11.11 11:02 B D:\My Dropbox\madrid\index.php --> ftpperso.free.fr /madrid index.php
110.11.11 15:31 B D:\My Dropbox\madrid\madrid2.php --> ftpperso.free.fr /madrid madrid2.php
110.11.11 15:31 B D:\My Dropbox\madrid\index.php --> ftpperso.free.fr /madrid index.php
110.11.11 15:33 B D:\My Dropbox\madrid\index.php --> ftpperso.free.fr /madrid index.php
110.11.11 15:33 B D:\My Dropbox\madrid\index.php --> ftpperso.free.fr /madrid index.php
110.11.11 15:36 B D:\My Dropbox\madrid\madrid2.php --> ftpperso.free.fr /madrid madrid2.php
110.11.11 15:37 B D:\My Dropbox\madrid\madrid2.php --> ftpperso.free.fr /madrid madrid2.php
110.11.11 15:44 B D:\My Dropbox\madrid\index.php --> ftpperso.free.fr /madrid index.php
110.11.11 15:49 B D:\My Dropbox\madrid\index.php --> ftpperso.free.fr /madrid index.php
110.11.11 15:51 B D:\My Dropbox\madrid\index.php --> ftpperso.free.fr /madrid index.php
110.11.11 15:57 B D:\My Dropbox\madrid\madrid2.php --> ftpperso.free.fr /madrid madrid2.php
110.11.11 15:57 B D:\My Dropbox\madrid\index.php --> ftpperso.free.fr /madrid index.php
110.11.11 15:59 B D:\My Dropbox\madrid\index.php --> ftpperso.free.fr /madrid index.php
110.11.11 16:04 B D:\My Dropbox\madrid\madrid2.php --> ftpperso.free.fr /madrid madrid2.php
110.11.11 16:04 B D:\My Dropbox\madrid\index.php --> ftpperso.free.fr /madrid index.php
110.11.11 16:07 B D:\My Dropbox\madrid\madrid2.php --> ftpperso.free.fr /madrid madrid2.php
110.11.11 16:07 B D:\My Dropbox\madrid\index.php --> ftpperso.free.fr /madrid index.php
110.11.11 16:17 B D:\My Dropbox\madrid\madrid2.php --> ftpperso.free.fr /madrid madrid2.php
110.11.11 16:19 B D:\My Dropbox\madrid\index.php --> ftpperso.free.fr /madrid index.php
110.11.11 17:04 B D:\My Dropbox\madrid\madrid2.php --> ftpperso.free.fr /madrid madrid2.php
110.11.11 17:04 B D:\My Dropbox\madrid\index.php --> ftpperso.free.fr /madrid index.php
110.11.11 17:59 B D:\My Dropbox\madrid\madrid2.php --> ftpperso.free.fr /madrid madrid2.php
110.11.11 18:19 B D:\My Dropbox\madrid\madrid2.php --> ftpperso.free.fr /madrid madrid2.php
110.11.11 20:05 B D:\My Dropbox\madrid\madrid2.php --> ftpperso.free.fr /madrid madrid2.php
110.11.11 20:05 B D:\My Dropbox\madrid\index.php --> ftpperso.free.fr /madrid index.php
110.11.11 20:05 B D:\My Dropbox\madrid\toledo.php --> ftpperso.free.fr /madrid toledo.php
110.11.11 20:33 B D:\My Dropbox\madrid\index.php --> ftpperso.free.fr /madrid index.php
110.11.11 20:37 B D:\My Dropbox\madrid\madrid2.php --> ftpperso.free.fr /madrid madrid2.php
110.11.11 20:38 B D:\My Dropbox\madrid\madrid2.php --> ftpperso.free.fr /madrid madrid2.php
110.11.11 20:44 B D:\My Dropbox\madrid\madrid2.php --> ftpperso.free.fr /madrid madrid2.php
110.11.11 20:46 B D:\My Dropbox\madrid\madrid2.php --> ftpperso.free.fr /madrid madrid2.php
110.11.11 20:47 B D:\My Dropbox\madrid\madrid2.php --> ftpperso.free.fr /madrid madrid2.php
110.11.11 20:48 B D:\My Dropbox\madrid\madrid2.php --> ftpperso.free.fr /madrid madrid2.php
110.11.11 20:50 B D:\My Dropbox\madrid\madrid2.php --> ftpperso.free.fr /madrid madrid2.php
110.11.11 20:50 B D:\My Dropbox\madrid\index.php --> ftpperso.free.fr /madrid index.php
110.11.11 20:52 B D:\My Dropbox\madrid\toledo.php --> ftpperso.free.fr /madrid toledo.php
110.11.11 20:57 B D:\My Dropbox\madrid\toledo.php --> ftpperso.free.fr /madrid toledo.php
110.11.11 21:06 B D:\My Dropbox\madrid\toledo.php --> ftpperso.free.fr /madrid toledo.php
110.11.11 21:19 B D:\My Dropbox\madrid\madrid2.php --> ftpperso.free.fr /madrid madrid2.php
110.11.11 21:19 B D:\My Dropbox\madrid\toledo.php --> ftpperso.free.fr /madrid toledo.php
110.11.11 21:23 B D:\My Dropbox\madrid\index.php --> ftpperso.free.fr /madrid index.php
110.11.11 21:28 B D:\My Dropbox\madrid\madrid2.php --> ftpperso.free.fr /madrid madrid2.php
110.11.11 21:29 B D:\My Dropbox\madrid\madrid2.php --> ftpperso.free.fr /madrid madrid2.php
110.11.11 21:36 B D:\My Dropbox\madrid\madrid2.php --> ftpperso.free.fr /madrid madrid2.php
110.11.11 21:37 B D:\My Dropbox\madrid\madrid2.php --> ftpperso.free.fr /madrid madrid2.php
110.11.11 21:44 B D:\My Dropbox\madrid\madrid2.php --> ftpperso.free.fr /madrid madrid2.php
110.11.11 21:56 B D:\My Dropbox\madrid\madrid2.php --> ftpperso.free.fr /madrid madrid2.php
110.11.11 22:22 B D:\My Dropbox\madrid\toledo.php --> ftpperso.free.fr /madrid toledo.php
110.11.11 22:23 B D:\My Dropbox\madrid\toledo.php --> ftpperso.free.fr /madrid toledo.php
110.11.11 22:26 B D:\My Dropbox\madrid\toledo.php --> ftpperso.free.fr /madrid toledo.php
110.11.11 22:35 B D:\My Dropbox\madrid\index.php --> ftpperso.free.fr /madrid index.php
110.11.11 22:37 B D:\My Dropbox\madrid\index.php --> ftpperso.free.fr /madrid index.php
110.11.11 22:38 B D:\My Dropbox\madrid\index.php --> ftpperso.free.fr /madrid index.php
110.11.11 22:39 B D:\My Dropbox\madrid\index.php --> ftpperso.free.fr /madrid index.php
110.11.11 23:04 B D:\My Dropbox\madrid\madrid2.php --> ftpperso.free.fr /madrid madrid2.php
110.11.11 23:04 B D:\My Dropbox\madrid\index.php --> ftpperso.free.fr /madrid index.php
110.11.11 23:14 B D:\My Dropbox\madrid\toledo.php --> ftpperso.free.fr /madrid toledo.php
110.11.11 23:21 B D:\My Dropbox\madrid\index.php --> ftpperso.free.fr /madrid index.php
110.11.11 23:22 B D:\My Dropbox\madrid\index.php --> ftpperso.free.fr /madrid index.php
110.11.11 23:29 B D:\My Dropbox\madrid\index.php --> ftpperso.free.fr /madrid index.php
110.11.11 23:30 B D:\My Dropbox\madrid\index.php --> ftpperso.free.fr /madrid index.php
110.11.11 23:32 B D:\My Dropbox\madrid\madrid2.php --> ftpperso.free.fr /madrid madrid2.php
110.11.11 23:36 B D:\My Dropbox\madrid\madrid2.php --> ftpperso.free.fr /madrid madrid2.php
110.11.11 23:36 B D:\My Dropbox\madrid\madrid2.php --> ftpperso.free.fr /madrid madrid2.php
110.11.11 23:42 B D:\My Dropbox\madrid\madrid2.php --> ftpperso.free.fr /madrid madrid2.php
110.11.11 23:44 B D:\My Dropbox\madrid\madrid2.php --> ftpperso.free.fr /madrid madrid2.php
110.11.11 23:46 B D:\My Dropbox\madrid\madrid2.php --> ftpperso.free.fr /madrid madrid2.php
110.11.11 23:47 B D:\My Dropbox\madrid\madrid2.php --> ftpperso.free.fr /madrid madrid2.php
110.11.11 23:50 B D:\My Dropbox\madrid\madrid2.php --> ftpperso.free.fr /madrid madrid2.php
110.11.11 23:51 B D:\My Dropbox\madrid\madrid2.php --> ftpperso.free.fr /madrid madrid2.php
110.11.11 23:53 B D:\My Dropbox\madrid\toledo.php --> ftpperso.free.fr /madrid toledo.php
110.11.11 23:55 B D:\My Dropbox\madrid\index.php --> ftpperso.free.fr /madrid index.php
110.11.12 00:26 B D:\My Dropbox\madrid\toledo.php --> ftpperso.free.fr /madrid toledo.php
110.11.12 06:19 B D:\My Dropbox\madrid\index.php --> ftpperso.free.fr /madrid index.php
110.11.12 06:22 B D:\My Dropbox\madrid\index.php --> ftpperso.free.fr /madrid index.php
110.11.12 06:30 B D:\My Dropbox\madrid\madrid2.php --> ftpperso.free.fr /madrid madrid2.php
110.11.12 06:37 B D:\My Dropbox\madrid\madrid2.php --> ftpperso.free.fr /madrid madrid2.php
110.11.12 06:39 B D:\My Dropbox\madrid\madrid2.php --> ftpperso.free.fr /madrid madrid2.php
110.11.12 06:41 B D:\My Dropbox\madrid\madrid2.php --> ftpperso.free.fr /madrid madrid2.php
110.11.12 06:46 B D:\My Dropbox\madrid\index.php --> ftpperso.free.fr /madrid index.php
110.11.12 06:46 B D:\My Dropbox\madrid\madrid2.php --> ftpperso.free.fr /madrid madrid2.php
110.11.12 06:49 B D:\My Dropbox\madrid\madrid2.php --> ftpperso.free.fr /madrid madrid2.php
110.11.12 06:50 B D:\My Dropbox\madrid\madrid2.php --> ftpperso.free.fr /madrid madrid2.php
110.11.12 06:53 B D:\My Dropbox\madrid\madrid2.php --> ftpperso.free.fr /madrid madrid2.php
110.11.12 06:55 B D:\My Dropbox\madrid\madrid2.php --> ftpperso.free.fr /madrid madrid2.php
110.11.12 06:57 B D:\My Dropbox\madrid\madrid2.php --> ftpperso.free.fr /madrid madrid2.php
110.11.12 07:23 B D:\My Dropbox\madrid\index.php --> ftpperso.free.fr /madrid index.php
110.11.12 07:23 B D:\My Dropbox\madrid\madrid2.php --> ftpperso.free.fr /madrid madrid2.php
110.11.12 07:26 B D:\My Dropbox\madrid\madrid2.php --> ftpperso.free.fr /madrid madrid2.php
110.11.12 08:22 B D:\My Dropbox\madrid\madrid2.php --> ftpperso.free.fr /madrid madrid2.php
110.11.12 08:22 B D:\My Dropbox\madrid\index.php --> ftpperso.free.fr /madrid index.php
110.11.12 08:57 B D:\My Dropbox\madrid\toledo.php --> ftpperso.free.fr /madrid toledo.php
110.11.12 10:54 B D:\My Dropbox\madrid\madrid2.php --> ftpperso.free.fr /madrid madrid2.php
110.11.12 10:55 B D:\My Dropbox\madrid\madrid2.php --> ftpperso.free.fr /madrid madrid2.php
110.11.12 10:57 B D:\My Dropbox\madrid\madrid2.php --> ftpperso.free.fr /madrid madrid2.php
110.11.12 10:59 B D:\My Dropbox\madrid\madrid2.php --> ftpperso.free.fr /madrid madrid2.php
110.11.12 18:16 B D:\My Dropbox\madrid\toledo.php --> ftpperso.free.fr /madrid toledo.php
110.11.12 18:16 B D:\My Dropbox\madrid\index.php --> ftpperso.free.fr /madrid index.php
110.11.12 19:47 B D:\My Dropbox\madrid\madrid2.php --> ftpperso.free.fr /madrid madrid2.php
110.11.12 19:51 B D:\My Dropbox\madrid\madrid2.php --> ftpperso.free.fr /madrid madrid2.php
110.11.12 19:55 B D:\My Dropbox\madrid\madrid2.php --> ftpperso.free.fr /madrid madrid2.php
110.11.12 20:11 B D:\My Dropbox\madrid\toledo.php --> ftpperso.free.fr /madrid toledo.php
110.11.12 21:56 B D:\My Dropbox\madrid\toledo.php --> ftpperso.free.fr /madrid toledo.php
110.11.13 22:42 B D:\My Dropbox\madrid\index.php --> ftpperso.free.fr /madrid index.php
110.11.13 22:46 B D:\My Dropbox\madrid\index.php --> ftpperso.free.fr /madrid index.php
110.11.13 22:47 B D:\My Dropbox\madrid\index.php --> ftpperso.free.fr /madrid index.php
110.11.14 11:54 B D:\My Dropbox\madrid\index.php --> ftpperso.free.fr /madrid index.php
110.11.14 12:07 B D:\My Dropbox\madrid\madrid2.php --> ftpperso.free.fr /madrid madrid2.php
110.11.14 12:08 B D:\My Dropbox\madrid\madrid2.php --> ftpperso.free.fr /madrid madrid2.php
110.11.14 12:16 B D:\My Dropbox\madrid\madrid2.php --> ftpperso.free.fr /madrid madrid2.php
110.11.14 22:05 B D:\My Dropbox\madrid\pradomuseum2.jpg --> ftpperso.free.fr /madrid pradomuseum2.jpg
110.11.14 22:05 B D:\My Dropbox\madrid\pradomuseum2250.jpg --> ftpperso.free.fr /madrid pradomuseum2250.jpg
110.11.14 22:09 B D:\My Dropbox\madrid\index.php --> ftpperso.free.fr /madrid index.php
110.11.14 22:11 B D:\My Dropbox\madrid\index.php --> ftpperso.free.fr /madrid index.php
110.11.15 06:19 B D:\My Dropbox\madrid\index.php --> ftpperso.free.fr /madrid index.php
110.11.15 08:03 B D:\My Dropbox\madrid\WS_FTP.LOG --> ftp.pgoh13.com /pgoh13.com/backup/madrid WS_FTP.LOG
110.11.15 08:03 B D:\My Dropbox\madrid\index.php --> ftp.pgoh13.com /pgoh13.com/backup/madrid index.php
110.11.15 08:03 B D:\My Dropbox\madrid\pradomuseum2250.jpg --> ftp.pgoh13.com /pgoh13.com/backup/madrid pradomuseum2250.jpg
110.11.15 08:03 B D:\My Dropbox\madrid\madrid2.php --> ftp.pgoh13.com /pgoh13.com/backup/madrid madrid2.php
110.11.15 08:03 B D:\My Dropbox\madrid\toledo.php --> ftp.pgoh13.com /pgoh13.com/backup/madrid toledo.php
110.11.15 08:03 B D:\My Dropbox\madrid\ham_everywhere250.jpg --> ftp.pgoh13.com /pgoh13.com/backup/madrid ham_everywhere250.jpg
110.11.15 08:03 B D:\My Dropbox\madrid\simple_paella250.jpg --> ftp.pgoh13.com /pgoh13.com/backup/madrid simple_paella250.jpg
110.11.15 08:03 B D:\My Dropbox\madrid\index_ori.php --> ftp.pgoh13.com /pgoh13.com/backup/madrid index_ori.php
110.11.15 08:03 B D:\My Dropbox\madrid\madrid_notes.txt --> ftp.pgoh13.com /pgoh13.com/backup/madrid madrid_notes.txt
110.11.15 08:03 B D:\My Dropbox\madrid\toledo_puertabisagra375.jpg --> ftp.pgoh13.com /pgoh13.com/backup/madrid toledo_puertabisagra375.jpg
110.11.15 08:03 B D:\My Dropbox\madrid\toledo_puertabisagra.jpg --> ftp.pgoh13.com /pgoh13.com/backup/madrid toledo_puertabisagra.jpg
110.11.15 08:03 B D:\My Dropbox\madrid\garden_atocha250.jpg --> ftp.pgoh13.com /pgoh13.com/backup/madrid garden_atocha250.jpg
110.11.15 08:03 B D:\My Dropbox\madrid\garden_atocha.jpg --> ftp.pgoh13.com /pgoh13.com/backup/madrid garden_atocha.jpg
110.11.15 08:03 B D:\My Dropbox\madrid\toledo_alcazar375.jpg --> ftp.pgoh13.com /pgoh13.com/backup/madrid toledo_alcazar375.jpg
110.11.15 08:03 B D:\My Dropbox\madrid\toledo_alcazar.jpg --> ftp.pgoh13.com /pgoh13.com/backup/madrid toledo_alcazar.jpg
110.11.15 08:03 B D:\My Dropbox\madrid\polloasado250.jpg --> ftp.pgoh13.com /pgoh13.com/backup/madrid polloasado250.jpg
110.11.15 08:03 B D:\My Dropbox\madrid\polloasado.jpg --> ftp.pgoh13.com /pgoh13.com/backup/madrid polloasado.jpg
110.11.15 08:04 B D:\My Dropbox\madrid\toledo_zocodover375.jpg --> ftp.pgoh13.com /pgoh13.com/backup/madrid toledo_zocodover375.jpg
110.11.15 08:04 B D:\My Dropbox\madrid\toledo_zocodover.jpg --> ftp.pgoh13.com /pgoh13.com/backup/madrid toledo_zocodover.jpg
110.11.15 08:04 B D:\My Dropbox\madrid\toledo_puertadelsol375.jpg --> ftp.pgoh13.com /pgoh13.com/backup/madrid toledo_puertadelsol375.jpg
110.11.15 08:04 B D:\My Dropbox\madrid\toledo_puertadelsol.jpg --> ftp.pgoh13.com /pgoh13.com/backup/madrid toledo_puertadelsol.jpg
110.11.15 08:04 B D:\My Dropbox\madrid\toledo_catedraldesantamaria375.jpg --> ftp.pgoh13.com /pgoh13.com/backup/madrid toledo_catedraldesantamaria375.jpg
110.11.15 08:04 B D:\My Dropbox\madrid\toledo_catedraldesantamaria.jpg --> ftp.pgoh13.com /pgoh13.com/backup/madrid toledo_catedraldesantamaria.jpg
110.11.15 08:04 B D:\My Dropbox\madrid\falun_dafa250.jpg --> ftp.pgoh13.com /pgoh13.com/backup/madrid falun_dafa250.jpg
110.11.15 08:04 B D:\My Dropbox\madrid\falun_dafa.jpg --> ftp.pgoh13.com /pgoh13.com/backup/madrid falun_dafa.jpg
110.11.15 08:04 B D:\My Dropbox\madrid\boating_atretiro250.jpg --> ftp.pgoh13.com /pgoh13.com/backup/madrid boating_atretiro250.jpg
110.11.15 08:04 B D:\My Dropbox\madrid\boating_atretiro.jpg --> ftp.pgoh13.com /pgoh13.com/backup/madrid boating_atretiro.jpg
110.11.15 08:04 B D:\My Dropbox\madrid\santiago_bernadeu250.jpg --> ftp.pgoh13.com /pgoh13.com/backup/madrid santiago_bernadeu250.jpg
110.11.15 08:04 B D:\My Dropbox\madrid\santiago_bernadeu.jpg --> ftp.pgoh13.com /pgoh13.com/backup/madrid santiago_bernadeu.jpg
110.11.15 08:04 B D:\My Dropbox\madrid\real_madrid250.jpg --> ftp.pgoh13.com /pgoh13.com/backup/madrid real_madrid250.jpg
110.11.15 08:05 B D:\My Dropbox\madrid\real_madrid.jpg --> ftp.pgoh13.com /pgoh13.com/backup/madrid real_madrid.jpg
110.11.15 08:05 B D:\My Dropbox\madrid\rastro_stand3250.jpg --> ftp.pgoh13.com /pgoh13.com/backup/madrid rastro_stand3250.jpg
110.11.15 08:05 B D:\My Dropbox\madrid\rastro_stand3.jpg --> ftp.pgoh13.com /pgoh13.com/backup/madrid rastro_stand3.jpg
110.11.15 08:05 B D:\My Dropbox\madrid\rastro_stand2250.jpg --> ftp.pgoh13.com /pgoh13.com/backup/madrid rastro_stand2250.jpg
110.11.15 08:05 B D:\My Dropbox\madrid\rastro_stand2.jpg --> ftp.pgoh13.com /pgoh13.com/backup/madrid rastro_stand2.jpg
110.11.15 08:05 B D:\My Dropbox\madrid\rastro_stand1250.jpg --> ftp.pgoh13.com /pgoh13.com/backup/madrid rastro_stand1250.jpg
110.11.15 08:05 B D:\My Dropbox\madrid\rastro_stand1.jpg --> ftp.pgoh13.com /pgoh13.com/backup/madrid rastro_stand1.jpg
110.11.15 08:05 B D:\My Dropbox\madrid\palacio_decristal250.jpg --> ftp.pgoh13.com /pgoh13.com/backup/madrid palacio_decristal250.jpg
110.11.15 08:05 B D:\My Dropbox\madrid\palacio_decristal.jpg --> ftp.pgoh13.com /pgoh13.com/backup/madrid palacio_decristal.jpg
110.11.15 08:05 B D:\My Dropbox\madrid\arguelles_metro250.jpg --> ftp.pgoh13.com /pgoh13.com/backup/madrid arguelles_metro250.jpg
110.11.15 08:05 B D:\My Dropbox\madrid\arguelles_metro.jpg --> ftp.pgoh13.com /pgoh13.com/backup/madrid arguelles_metro.jpg
110.11.15 08:05 B D:\My Dropbox\madrid\reinasofia250.jpg --> ftp.pgoh13.com /pgoh13.com/backup/madrid reinasofia250.jpg
110.11.15 08:05 B D:\My Dropbox\madrid\reinasofia.jpg --> ftp.pgoh13.com /pgoh13.com/backup/madrid reinasofia.jpg
110.11.15 08:06 B D:\My Dropbox\madrid\puertadelsol2250.jpg --> ftp.pgoh13.com /pgoh13.com/backup/madrid puertadelsol2250.jpg
110.11.15 08:06 B D:\My Dropbox\madrid\puertadelsol2.jpg --> ftp.pgoh13.com /pgoh13.com/backup/madrid puertadelsol2.jpg
110.11.15 08:06 B D:\My Dropbox\madrid\pradomuseum2_no.jpg --> ftp.pgoh13.com /pgoh13.com/backup/madrid pradomuseum2_no.jpg
110.11.15 08:06 B D:\My Dropbox\madrid\pradomuseum2250_no.jpg --> ftp.pgoh13.com /pgoh13.com/backup/madrid pradomuseum2250_no.jpg
110.11.15 08:06 B D:\My Dropbox\madrid\pradomuseum1250.jpg --> ftp.pgoh13.com /pgoh13.com/backup/madrid pradomuseum1250.jpg
110.11.15 08:06 B D:\My Dropbox\madrid\pradomuseum1.jpg --> ftp.pgoh13.com /pgoh13.com/backup/madrid pradomuseum1.jpg
110.11.15 08:06 B D:\My Dropbox\madrid\neptunes_fountain250.jpg --> ftp.pgoh13.com /pgoh13.com/backup/madrid neptunes_fountain250.jpg
110.11.15 08:06 B D:\My Dropbox\madrid\neptunes_fountain.jpg --> ftp.pgoh13.com /pgoh13.com/backup/madrid neptunes_fountain.jpg
110.11.15 08:06 B D:\My Dropbox\madrid\ham_everywhere.jpg --> ftp.pgoh13.com /pgoh13.com/backup/madrid ham_everywhere.jpg
110.11.15 08:06 B D:\My Dropbox\madrid\caixas_forum250.jpg --> ftp.pgoh13.com /pgoh13.com/backup/madrid caixas_forum250.jpg
110.11.15 08:06 B D:\My Dropbox\madrid\caixas_forum.jpg --> ftp.pgoh13.com /pgoh13.com/backup/madrid caixas_forum.jpg
110.11.15 08:06 B D:\My Dropbox\madrid\thyssen250.jpg --> ftp.pgoh13.com /pgoh13.com/backup/madrid thyssen250.jpg
110.11.15 08:06 B D:\My Dropbox\madrid\royalpalace250.jpg --> ftp.pgoh13.com /pgoh13.com/backup/madrid royalpalace250.jpg
110.11.15 08:07 B D:\My Dropbox\madrid\royalpalace.jpg --> ftp.pgoh13.com /pgoh13.com/backup/madrid royalpalace.jpg
110.11.15 08:07 B D:\My Dropbox\madrid\policeonhorseback250.jpg --> ftp.pgoh13.com /pgoh13.com/backup/madrid policeonhorseback250.jpg
110.11.15 08:07 B D:\My Dropbox\madrid\policeonhorseback.jpg --> ftp.pgoh13.com /pgoh13.com/backup/madrid policeonhorseback.jpg
110.11.15 08:07 B D:\My Dropbox\madrid\plazaespana250.jpg --> ftp.pgoh13.com /pgoh13.com/backup/madrid plazaespana250.jpg
110.11.15 08:07 B D:\My Dropbox\madrid\plazaespana.jpg --> ftp.pgoh13.com /pgoh13.com/backup/madrid plazaespana.jpg
110.11.15 08:07 B D:\My Dropbox\madrid\fountain_atnight250.jpg --> ftp.pgoh13.com /pgoh13.com/backup/madrid fountain_atnight250.jpg
110.11.15 08:07 B D:\My Dropbox\madrid\fountain_atnight.jpg --> ftp.pgoh13.com /pgoh13.com/backup/madrid fountain_atnight.jpg
110.11.15 08:07 B D:\My Dropbox\madrid\chocolateconchurros250.jpg --> ftp.pgoh13.com /pgoh13.com/backup/madrid chocolateconchurros250.jpg
110.11.15 08:07 B D:\My Dropbox\madrid\chocolateconchurros.jpg --> ftp.pgoh13.com /pgoh13.com/backup/madrid chocolateconchurros.jpg
110.11.15 08:07 B D:\My Dropbox\madrid\catedralalmudena250.jpg --> ftp.pgoh13.com /pgoh13.com/backup/madrid catedralalmudena250.jpg
110.11.15 08:07 B D:\My Dropbox\madrid\catedralalmudena.jpg --> ftp.pgoh13.com /pgoh13.com/backup/madrid catedralalmudena.jpg
110.11.15 08:07 B D:\My Dropbox\madrid\callemayor250.jpg --> ftp.pgoh13.com /pgoh13.com/backup/madrid callemayor250.jpg
110.11.15 08:07 B D:\My Dropbox\madrid\callemayor.jpg --> ftp.pgoh13.com /pgoh13.com/backup/madrid callemayor.jpg
110.11.15 08:08 B D:\My Dropbox\madrid\thyssen.jpg --> ftp.pgoh13.com /pgoh13.com/backup/madrid thyssen.jpg
110.11.15 08:08 B D:\My Dropbox\madrid\puertadelsol250.jpg --> ftp.pgoh13.com /pgoh13.com/backup/madrid puertadelsol250.jpg
110.11.15 08:08 B D:\My Dropbox\madrid\puertadelsol.jpg --> ftp.pgoh13.com /pgoh13.com/backup/madrid puertadelsol.jpg
110.11.15 08:08 B D:\My Dropbox\madrid\airport250.jpg --> ftp.pgoh13.com /pgoh13.com/backup/madrid airport250.jpg
110.11.15 08:08 B D:\My Dropbox\madrid\airport.jpg --> ftp.pgoh13.com /pgoh13.com/backup/madrid airport.jpg
110.11.15 08:08 B D:\My Dropbox\madrid\rastro250.jpg --> ftp.pgoh13.com /pgoh13.com/backup/madrid rastro250.jpg
110.11.15 08:08 B D:\My Dropbox\madrid\rastro.jpg --> ftp.pgoh13.com /pgoh13.com/backup/madrid rastro.jpg
110.11.15 08:08 B D:\My Dropbox\madrid\pradomuseum2.jpg --> ftp.pgoh13.com /pgoh13.com/backup/madrid pradomuseum2.jpg
110.11.15 08:08 B D:\My Dropbox\madrid\simple_paella.jpg --> ftp.pgoh13.com /pgoh13.com/backup/madrid simple_paella.jpg
110.11.15 08:08 B D:\My Dropbox\madrid\madrid_metro.pdf --> ftp.pgoh13.com /pgoh13.com/backup/madrid madrid_metro.pdf
110.11.22 09:34 B D:\My Dropbox\madrid\toledo.php --> ftpperso.free.fr /madrid toledo.php
110.12.02 09:00 B D:\My Dropbox\madrid\toledo.php --> ftp.pgoh13.com /pgoh13.com/backup/madrid toledo.php
110.12.02 09:07 B D:\My Dropbox\madrid\leftmenu.inc --> ftp.pgoh13.com /pgoh13.com/backup/madrid leftmenu.inc
116.01.07 05:41 B D:\ixwebhosting\madrid\WS_FTP.LOG <-- ixwebhosting /pgoh13.com/madrid WS_FTP.LOG
116.01.07 05:41 B D:\ixwebhosting\madrid\toledo_zocodover375.jpg <-- ixwebhosting /pgoh13.com/madrid toledo_zocodover375.jpg
116.01.07 05:41 B D:\ixwebhosting\madrid\toledo_zocodover.jpg <-- ixwebhosting /pgoh13.com/madrid toledo_zocodover.jpg
116.01.07 05:41 B D:\ixwebhosting\madrid\toledo_puertadelsol375.jpg <-- ixwebhosting /pgoh13.com/madrid toledo_puertadelsol375.jpg
116.01.07 05:41 B D:\ixwebhosting\madrid\toledo_puertadelsol.jpg <-- ixwebhosting /pgoh13.com/madrid toledo_puertadelsol.jpg
116.01.07 05:41 B D:\ixwebhosting\madrid\toledo_puertabisagra375.jpg <-- ixwebhosting /pgoh13.com/madrid toledo_puertabisagra375.jpg
116.01.07 05:41 B D:\ixwebhosting\madrid\toledo_puertabisagra.jpg <-- ixwebhosting /pgoh13.com/madrid toledo_puertabisagra.jpg
116.01.07 05:41 B D:\ixwebhosting\madrid\toledo_catedraldesantamaria375.jpg <-- ixwebhosting /pgoh13.com/madrid toledo_catedraldesantamaria375.jpg
116.01.07 05:41 B D:\ixwebhosting\madrid\toledo_catedraldesantamaria.jpg <-- ixwebhosting /pgoh13.com/madrid toledo_catedraldesantamaria.jpg
116.01.07 05:41 B D:\ixwebhosting\madrid\toledo_alcazar375.jpg <-- ixwebhosting /pgoh13.com/madrid toledo_alcazar375.jpg
116.01.07 05:41 B D:\ixwebhosting\madrid\toledo_alcazar.jpg <-- ixwebhosting /pgoh13.com/madrid toledo_alcazar.jpg
116.01.07 05:41 B D:\ixwebhosting\madrid\thyssen250.jpg <-- ixwebhosting /pgoh13.com/madrid thyssen250.jpg
116.01.07 05:41 B D:\ixwebhosting\madrid\thyssen.jpg <-- ixwebhosting /pgoh13.com/madrid thyssen.jpg
116.01.07 05:41 B D:\ixwebhosting\madrid\simple_paella250.jpg <-- ixwebhosting /pgoh13.com/madrid simple_paella250.jpg
116.01.07 05:41 B D:\ixwebhosting\madrid\simple_paella.jpg <-- ixwebhosting /pgoh13.com/madrid simple_paella.jpg
116.01.07 05:41 B D:\ixwebhosting\madrid\santiago_bernadeu250.jpg <-- ixwebhosting /pgoh13.com/madrid santiago_bernadeu250.jpg
116.01.07 05:41 B D:\ixwebhosting\madrid\santiago_bernadeu.jpg <-- ixwebhosting /pgoh13.com/madrid santiago_bernadeu.jpg
116.01.07 05:41 B D:\ixwebhosting\madrid\royalpalace250.jpg <-- ixwebhosting /pgoh13.com/madrid royalpalace250.jpg
116.01.07 05:41 B D:\ixwebhosting\madrid\royalpalace.jpg <-- ixwebhosting /pgoh13.com/madrid royalpalace.jpg
116.01.07 05:41 B D:\ixwebhosting\madrid\reinasofia250.jpg <-- ixwebhosting /pgoh13.com/madrid reinasofia250.jpg
116.01.07 05:41 B D:\ixwebhosting\madrid\reinasofia.jpg <-- ixwebhosting /pgoh13.com/madrid reinasofia.jpg
116.01.07 05:41 B D:\ixwebhosting\madrid\real_madrid250.jpg <-- ixwebhosting /pgoh13.com/madrid real_madrid250.jpg
116.01.07 05:41 B D:\ixwebhosting\madrid\real_madrid.jpg <-- ixwebhosting /pgoh13.com/madrid real_madrid.jpg
116.01.07 05:41 B D:\ixwebhosting\madrid\rastro_stand3250.jpg <-- ixwebhosting /pgoh13.com/madrid rastro_stand3250.jpg
116.01.07 05:41 B D:\ixwebhosting\madrid\rastro_stand3.jpg <-- ixwebhosting /pgoh13.com/madrid rastro_stand3.jpg
116.01.07 05:41 B D:\ixwebhosting\madrid\rastro_stand2250.jpg <-- ixwebhosting /pgoh13.com/madrid rastro_stand2250.jpg
116.01.07 05:42 B D:\ixwebhosting\madrid\rastro_stand2.jpg <-- ixwebhosting /pgoh13.com/madrid rastro_stand2.jpg
116.01.07 05:42 B D:\ixwebhosting\madrid\rastro_stand1250.jpg <-- ixwebhosting /pgoh13.com/madrid rastro_stand1250.jpg
116.01.07 05:42 B D:\ixwebhosting\madrid\rastro_stand1.jpg <-- ixwebhosting /pgoh13.com/madrid rastro_stand1.jpg
116.01.07 05:42 B D:\ixwebhosting\madrid\rastro250.jpg <-- ixwebhosting /pgoh13.com/madrid rastro250.jpg
116.01.07 05:42 B D:\ixwebhosting\madrid\rastro.jpg <-- ixwebhosting /pgoh13.com/madrid rastro.jpg
116.01.07 05:42 B D:\ixwebhosting\madrid\puertadelsol250.jpg <-- ixwebhosting /pgoh13.com/madrid puertadelsol250.jpg
116.01.07 05:42 B D:\ixwebhosting\madrid\puertadelsol2250.jpg <-- ixwebhosting /pgoh13.com/madrid puertadelsol2250.jpg
116.01.07 05:42 B D:\ixwebhosting\madrid\puertadelsol2.jpg <-- ixwebhosting /pgoh13.com/madrid puertadelsol2.jpg
116.01.07 05:42 B D:\ixwebhosting\madrid\puertadelsol.jpg <-- ixwebhosting /pgoh13.com/madrid puertadelsol.jpg
116.01.07 05:42 B D:\ixwebhosting\madrid\pradomuseum2_no.jpg <-- ixwebhosting /pgoh13.com/madrid pradomuseum2_no.jpg
116.01.07 05:42 B D:\ixwebhosting\madrid\pradomuseum2250_no.jpg <-- ixwebhosting /pgoh13.com/madrid pradomuseum2250_no.jpg
116.01.07 05:42 B D:\ixwebhosting\madrid\pradomuseum2250.jpg <-- ixwebhosting /pgoh13.com/madrid pradomuseum2250.jpg
116.01.07 05:42 B D:\ixwebhosting\madrid\pradomuseum2.jpg <-- ixwebhosting /pgoh13.com/madrid pradomuseum2.jpg
116.01.07 05:42 B D:\ixwebhosting\madrid\pradomuseum1250.jpg <-- ixwebhosting /pgoh13.com/madrid pradomuseum1250.jpg
116.01.07 05:42 B D:\ixwebhosting\madrid\pradomuseum1.jpg <-- ixwebhosting /pgoh13.com/madrid pradomuseum1.jpg
116.01.07 05:42 B D:\ixwebhosting\madrid\polloasado250.jpg <-- ixwebhosting /pgoh13.com/madrid polloasado250.jpg
116.01.07 05:42 B D:\ixwebhosting\madrid\polloasado.jpg <-- ixwebhosting /pgoh13.com/madrid polloasado.jpg
116.01.07 05:42 B D:\ixwebhosting\madrid\policeonhorseback250.jpg <-- ixwebhosting /pgoh13.com/madrid policeonhorseback250.jpg
116.01.07 05:42 B D:\ixwebhosting\madrid\policeonhorseback.jpg <-- ixwebhosting /pgoh13.com/madrid policeonhorseback.jpg
116.01.07 05:42 B D:\ixwebhosting\madrid\plazaespana250.jpg <-- ixwebhosting /pgoh13.com/madrid plazaespana250.jpg
116.01.07 05:42 B D:\ixwebhosting\madrid\plazaespana.jpg <-- ixwebhosting /pgoh13.com/madrid plazaespana.jpg
116.01.07 05:42 B D:\ixwebhosting\madrid\palacio_decristal250.jpg <-- ixwebhosting /pgoh13.com/madrid palacio_decristal250.jpg
116.01.07 05:42 B D:\ixwebhosting\madrid\palacio_decristal.jpg <-- ixwebhosting /pgoh13.com/madrid palacio_decristal.jpg
116.01.07 05:42 B D:\ixwebhosting\madrid\neptunes_fountain250.jpg <-- ixwebhosting /pgoh13.com/madrid neptunes_fountain250.jpg
116.01.07 05:42 B D:\ixwebhosting\madrid\neptunes_fountain.jpg <-- ixwebhosting /pgoh13.com/madrid neptunes_fountain.jpg
116.01.07 05:42 A D:\ixwebhosting\madrid\madrid_notes.txt <-- ixwebhosting /pgoh13.com/madrid madrid_notes.txt
116.01.07 05:42 B D:\ixwebhosting\madrid\madrid_metro.pdf <-- ixwebhosting /pgoh13.com/madrid madrid_metro.pdf
116.01.07 05:42 B D:\ixwebhosting\madrid\index_ori.php <-- ixwebhosting /pgoh13.com/madrid index_ori.php
116.01.07 05:42 B D:\ixwebhosting\madrid\ham_everywhere250.jpg <-- ixwebhosting /pgoh13.com/madrid ham_everywhere250.jpg
116.01.07 05:42 B D:\ixwebhosting\madrid\ham_everywhere.jpg <-- ixwebhosting /pgoh13.com/madrid ham_everywhere.jpg
116.01.07 05:42 B D:\ixwebhosting\madrid\garden_atocha250.jpg <-- ixwebhosting /pgoh13.com/madrid garden_atocha250.jpg
116.01.07 05:42 B D:\ixwebhosting\madrid\garden_atocha.jpg <-- ixwebhosting /pgoh13.com/madrid garden_atocha.jpg
116.01.07 05:42 B D:\ixwebhosting\madrid\fountain_atnight250.jpg <-- ixwebhosting /pgoh13.com/madrid fountain_atnight250.jpg
116.01.07 05:42 B D:\ixwebhosting\madrid\fountain_atnight.jpg <-- ixwebhosting /pgoh13.com/madrid fountain_atnight.jpg
116.01.07 05:42 B D:\ixwebhosting\madrid\falun_dafa250.jpg <-- ixwebhosting /pgoh13.com/madrid falun_dafa250.jpg
116.01.07 05:42 B D:\ixwebhosting\madrid\falun_dafa.jpg <-- ixwebhosting /pgoh13.com/madrid falun_dafa.jpg
116.01.07 05:42 B D:\ixwebhosting\madrid\chocolateconchurros250.jpg <-- ixwebhosting /pgoh13.com/madrid chocolateconchurros250.jpg
116.01.07 05:42 B D:\ixwebhosting\madrid\chocolateconchurros.jpg <-- ixwebhosting /pgoh13.com/madrid chocolateconchurros.jpg
116.01.07 05:42 B D:\ixwebhosting\madrid\catedralalmudena250.jpg <-- ixwebhosting /pgoh13.com/madrid catedralalmudena250.jpg
116.01.07 05:43 B D:\ixwebhosting\madrid\catedralalmudena.jpg <-- ixwebhosting /pgoh13.com/madrid catedralalmudena.jpg
116.01.07 05:43 B D:\ixwebhosting\madrid\callemayor250.jpg <-- ixwebhosting /pgoh13.com/madrid callemayor250.jpg
116.01.07 05:43 B D:\ixwebhosting\madrid\callemayor.jpg <-- ixwebhosting /pgoh13.com/madrid callemayor.jpg
116.01.07 05:43 B D:\ixwebhosting\madrid\caixas_forum250.jpg <-- ixwebhosting /pgoh13.com/madrid caixas_forum250.jpg
116.01.07 05:43 B D:\ixwebhosting\madrid\caixas_forum.jpg <-- ixwebhosting /pgoh13.com/madrid caixas_forum.jpg
116.01.07 05:43 B D:\ixwebhosting\madrid\boating_atretiro250.jpg <-- ixwebhosting /pgoh13.com/madrid boating_atretiro250.jpg
116.01.07 05:43 B D:\ixwebhosting\madrid\boating_atretiro.jpg <-- ixwebhosting /pgoh13.com/madrid boating_atretiro.jpg
116.01.07 05:43 B D:\ixwebhosting\madrid\arguelles_metro250.jpg <-- ixwebhosting /pgoh13.com/madrid arguelles_metro250.jpg
116.01.07 05:43 B D:\ixwebhosting\madrid\arguelles_metro.jpg <-- ixwebhosting /pgoh13.com/madrid arguelles_metro.jpg
116.01.07 05:43 B D:\ixwebhosting\madrid\airport250.jpg <-- ixwebhosting /pgoh13.com/madrid airport250.jpg
116.01.07 05:43 B D:\ixwebhosting\madrid\airport.jpg <-- ixwebhosting /pgoh13.com/madrid airport.jpg
116.01.07 06:27 B D:\ixwebhosting\madrid\index.php --> web300.ixwebhosting.com /pgoh13.com/madrid index.php
121.01.02 23:37 B D:\eu_site\free_site\travel\all_htm\madrid\WS_FTP.LOG --> 185.224.138.60 /domains/pgoh13.eu/public_html/free_site/travel/all_htm/madrid WS_FTP.LOG
121.01.02 23:37 B D:\eu_site\free_site\travel\all_htm\madrid\index.php --> 185.224.138.60 /domains/pgoh13.eu/public_html/free_site/travel/all_htm/madrid index.php
121.01.02 23:37 B D:\eu_site\free_site\travel\all_htm\madrid\chocolateconchurros.jpg --> 185.224.138.60 /domains/pgoh13.eu/public_html/free_site/travel/all_htm/madrid chocolateconchurros.jpg
121.01.02 23:37 B D:\eu_site\free_site\travel\all_htm\madrid\catedralalmudena250.jpg --> 185.224.138.60 /domains/pgoh13.eu/public_html/free_site/travel/all_htm/madrid catedralalmudena250.jpg
121.01.02 23:37 B D:\eu_site\free_site\travel\all_htm\madrid\catedralalmudena.jpg --> 185.224.138.60 /domains/pgoh13.eu/public_html/free_site/travel/all_htm/madrid catedralalmudena.jpg
121.01.02 23:37 B D:\eu_site\free_site\travel\all_htm\madrid\callemayor250.jpg --> 185.224.138.60 /domains/pgoh13.eu/public_html/free_site/travel/all_htm/madrid callemayor250.jpg
121.01.02 23:37 B D:\eu_site\free_site\travel\all_htm\madrid\callemayor.jpg --> 185.224.138.60 /domains/pgoh13.eu/public_html/free_site/travel/all_htm/madrid callemayor.jpg
121.01.02 23:37 B D:\eu_site\free_site\travel\all_htm\madrid\caixas_forum250.jpg --> 185.224.138.60 /domains/pgoh13.eu/public_html/free_site/travel/all_htm/madrid caixas_forum250.jpg
121.01.02 23:37 B D:\eu_site\free_site\travel\all_htm\madrid\caixas_forum.jpg --> 185.224.138.60 /domains/pgoh13.eu/public_html/free_site/travel/all_htm/madrid caixas_forum.jpg
121.01.02 23:37 B D:\eu_site\free_site\travel\all_htm\madrid\boating_atretiro250.jpg --> 185.224.138.60 /domains/pgoh13.eu/public_html/free_site/travel/all_htm/madrid boating_atretiro250.jpg
121.01.02 23:37 B D:\eu_site\free_site\travel\all_htm\madrid\boating_atretiro.jpg --> 185.224.138.60 /domains/pgoh13.eu/public_html/free_site/travel/all_htm/madrid boating_atretiro.jpg
121.01.02 23:37 B D:\eu_site\free_site\travel\all_htm\madrid\arguelles_metro250.jpg --> 185.224.138.60 /domains/pgoh13.eu/public_html/free_site/travel/all_htm/madrid arguelles_metro250.jpg
121.01.02 23:37 B D:\eu_site\free_site\travel\all_htm\madrid\arguelles_metro.jpg --> 185.224.138.60 /domains/pgoh13.eu/public_html/free_site/travel/all_htm/madrid arguelles_metro.jpg
121.01.02 23:37 B D:\eu_site\free_site\travel\all_htm\madrid\airport250.jpg --> 185.224.138.60 /domains/pgoh13.eu/public_html/free_site/travel/all_htm/madrid airport250.jpg
121.01.02 23:37 B D:\eu_site\free_site\travel\all_htm\madrid\airport.jpg --> 185.224.138.60 /domains/pgoh13.eu/public_html/free_site/travel/all_htm/madrid airport.jpg
121.01.02 23:37 B D:\eu_site\free_site\travel\all_htm\madrid\rastro_stand2250.jpg --> 185.224.138.60 /domains/pgoh13.eu/public_html/free_site/travel/all_htm/madrid rastro_stand2250.jpg
121.01.02 23:37 B D:\eu_site\free_site\travel\all_htm\madrid\rastro_stand2.jpg --> 185.224.138.60 /domains/pgoh13.eu/public_html/free_site/travel/all_htm/madrid rastro_stand2.jpg
121.01.02 23:37 B D:\eu_site\free_site\travel\all_htm\madrid\rastro_stand1250.jpg --> 185.224.138.60 /domains/pgoh13.eu/public_html/free_site/travel/all_htm/madrid rastro_stand1250.jpg
121.01.02 23:37 B D:\eu_site\free_site\travel\all_htm\madrid\rastro_stand1.jpg --> 185.224.138.60 /domains/pgoh13.eu/public_html/free_site/travel/all_htm/madrid rastro_stand1.jpg
121.01.02 23:37 B D:\eu_site\free_site\travel\all_htm\madrid\rastro250.jpg --> 185.224.138.60 /domains/pgoh13.eu/public_html/free_site/travel/all_htm/madrid rastro250.jpg
121.01.02 23:37 B D:\eu_site\free_site\travel\all_htm\madrid\rastro.jpg --> 185.224.138.60 /domains/pgoh13.eu/public_html/free_site/travel/all_htm/madrid rastro.jpg
121.01.02 23:37 B D:\eu_site\free_site\travel\all_htm\madrid\puertadelsol250.jpg --> 185.224.138.60 /domains/pgoh13.eu/public_html/free_site/travel/all_htm/madrid puertadelsol250.jpg
121.01.02 23:37 B D:\eu_site\free_site\travel\all_htm\madrid\puertadelsol2250.jpg --> 185.224.138.60 /domains/pgoh13.eu/public_html/free_site/travel/all_htm/madrid puertadelsol2250.jpg
121.01.02 23:37 B D:\eu_site\free_site\travel\all_htm\madrid\puertadelsol2.jpg --> 185.224.138.60 /domains/pgoh13.eu/public_html/free_site/travel/all_htm/madrid puertadelsol2.jpg
121.01.02 23:37 B D:\eu_site\free_site\travel\all_htm\madrid\puertadelsol.jpg --> 185.224.138.60 /domains/pgoh13.eu/public_html/free_site/travel/all_htm/madrid puertadelsol.jpg
121.01.02 23:37 B D:\eu_site\free_site\travel\all_htm\madrid\pradomuseum2_no.jpg --> 185.224.138.60 /domains/pgoh13.eu/public_html/free_site/travel/all_htm/madrid pradomuseum2_no.jpg
121.01.02 23:37 B D:\eu_site\free_site\travel\all_htm\madrid\pradomuseum2250_no.jpg --> 185.224.138.60 /domains/pgoh13.eu/public_html/free_site/travel/all_htm/madrid pradomuseum2250_no.jpg
121.01.02 23:37 B D:\eu_site\free_site\travel\all_htm\madrid\pradomuseum2250.jpg --> 185.224.138.60 /domains/pgoh13.eu/public_html/free_site/travel/all_htm/madrid pradomuseum2250.jpg
121.01.02 23:37 B D:\eu_site\free_site\travel\all_htm\madrid\pradomuseum2.jpg --> 185.224.138.60 /domains/pgoh13.eu/public_html/free_site/travel/all_htm/madrid pradomuseum2.jpg
121.01.02 23:37 B D:\eu_site\free_site\travel\all_htm\madrid\pradomuseum1250.jpg --> 185.224.138.60 /domains/pgoh13.eu/public_html/free_site/travel/all_htm/madrid pradomuseum1250.jpg
121.01.02 23:37 B D:\eu_site\free_site\travel\all_htm\madrid\pradomuseum1.jpg --> 185.224.138.60 /domains/pgoh13.eu/public_html/free_site/travel/all_htm/madrid pradomuseum1.jpg
121.01.02 23:37 B D:\eu_site\free_site\travel\all_htm\madrid\polloasado250.jpg --> 185.224.138.60 /domains/pgoh13.eu/public_html/free_site/travel/all_htm/madrid polloasado250.jpg
121.01.02 23:37 B D:\eu_site\free_site\travel\all_htm\madrid\polloasado.jpg --> 185.224.138.60 /domains/pgoh13.eu/public_html/free_site/travel/all_htm/madrid polloasado.jpg
121.01.02 23:37 B D:\eu_site\free_site\travel\all_htm\madrid\policeonhorseback250.jpg --> 185.224.138.60 /domains/pgoh13.eu/public_html/free_site/travel/all_htm/madrid policeonhorseback250.jpg
121.01.02 23:37 B D:\eu_site\free_site\travel\all_htm\madrid\policeonhorseback.jpg --> 185.224.138.60 /domains/pgoh13.eu/public_html/free_site/travel/all_htm/madrid policeonhorseback.jpg
121.01.02 23:37 B D:\eu_site\free_site\travel\all_htm\madrid\plazaespana250.jpg --> 185.224.138.60 /domains/pgoh13.eu/public_html/free_site/travel/all_htm/madrid plazaespana250.jpg
121.01.02 23:37 B D:\eu_site\free_site\travel\all_htm\madrid\plazaespana.jpg --> 185.224.138.60 /domains/pgoh13.eu/public_html/free_site/travel/all_htm/madrid plazaespana.jpg
121.01.02 23:37 B D:\eu_site\free_site\travel\all_htm\madrid\palacio_decristal250.jpg --> 185.224.138.60 /domains/pgoh13.eu/public_html/free_site/travel/all_htm/madrid palacio_decristal250.jpg
121.01.02 23:37 B D:\eu_site\free_site\travel\all_htm\madrid\palacio_decristal.jpg --> 185.224.138.60 /domains/pgoh13.eu/public_html/free_site/travel/all_htm/madrid palacio_decristal.jpg
121.01.02 23:37 B D:\eu_site\free_site\travel\all_htm\madrid\neptunes_fountain250.jpg --> 185.224.138.60 /domains/pgoh13.eu/public_html/free_site/travel/all_htm/madrid neptunes_fountain250.jpg
121.01.02 23:37 B D:\eu_site\free_site\travel\all_htm\madrid\neptunes_fountain.jpg --> 185.224.138.60 /domains/pgoh13.eu/public_html/free_site/travel/all_htm/madrid neptunes_fountain.jpg
121.01.02 23:37 B D:\eu_site\free_site\travel\all_htm\madrid\madrid_notes.txt --> 185.224.138.60 /domains/pgoh13.eu/public_html/free_site/travel/all_htm/madrid madrid_notes.txt
121.01.02 23:37 B D:\eu_site\free_site\travel\all_htm\madrid\madrid_metro.pdf --> 185.224.138.60 /domains/pgoh13.eu/public_html/free_site/travel/all_htm/madrid madrid_metro.pdf
121.01.02 23:37 B D:\eu_site\free_site\travel\all_htm\madrid\index_ori.php --> 185.224.138.60 /domains/pgoh13.eu/public_html/free_site/travel/all_htm/madrid index_ori.php
121.01.02 23:37 B D:\eu_site\free_site\travel\all_htm\madrid\ham_everywhere250.jpg --> 185.224.138.60 /domains/pgoh13.eu/public_html/free_site/travel/all_htm/madrid ham_everywhere250.jpg
121.01.02 23:37 B D:\eu_site\free_site\travel\all_htm\madrid\ham_everywhere.jpg --> 185.224.138.60 /domains/pgoh13.eu/public_html/free_site/travel/all_htm/madrid ham_everywhere.jpg
121.01.02 23:37 B D:\eu_site\free_site\travel\all_htm\madrid\garden_atocha250.jpg --> 185.224.138.60 /domains/pgoh13.eu/public_html/free_site/travel/all_htm/madrid garden_atocha250.jpg
121.01.02 23:37 B D:\eu_site\free_site\travel\all_htm\madrid\garden_atocha.jpg --> 185.224.138.60 /domains/pgoh13.eu/public_html/free_site/travel/all_htm/madrid garden_atocha.jpg
121.01.02 23:37 B D:\eu_site\free_site\travel\all_htm\madrid\fountain_atnight250.jpg --> 185.224.138.60 /domains/pgoh13.eu/public_html/free_site/travel/all_htm/madrid fountain_atnight250.jpg
121.01.02 23:37 B D:\eu_site\free_site\travel\all_htm\madrid\fountain_atnight.jpg --> 185.224.138.60 /domains/pgoh13.eu/public_html/free_site/travel/all_htm/madrid fountain_atnight.jpg
121.01.02 23:37 B D:\eu_site\free_site\travel\all_htm\madrid\falun_dafa250.jpg --> 185.224.138.60 /domains/pgoh13.eu/public_html/free_site/travel/all_htm/madrid falun_dafa250.jpg
121.01.02 23:37 B D:\eu_site\free_site\travel\all_htm\madrid\falun_dafa.jpg --> 185.224.138.60 /domains/pgoh13.eu/public_html/free_site/travel/all_htm/madrid falun_dafa.jpg
121.01.02 23:37 B D:\eu_site\free_site\travel\all_htm\madrid\chocolateconchurros250.jpg --> 185.224.138.60 /domains/pgoh13.eu/public_html/free_site/travel/all_htm/madrid chocolateconchurros250.jpg
121.01.02 23:37 B D:\eu_site\free_site\travel\all_htm\madrid\toledo_zocodover375.jpg --> 185.224.138.60 /domains/pgoh13.eu/public_html/free_site/travel/all_htm/madrid toledo_zocodover375.jpg
121.01.02 23:37 B D:\eu_site\free_site\travel\all_htm\madrid\toledo_zocodover.jpg --> 185.224.138.60 /domains/pgoh13.eu/public_html/free_site/travel/all_htm/madrid toledo_zocodover.jpg
121.01.02 23:37 B D:\eu_site\free_site\travel\all_htm\madrid\toledo_puertadelsol375.jpg --> 185.224.138.60 /domains/pgoh13.eu/public_html/free_site/travel/all_htm/madrid toledo_puertadelsol375.jpg
121.01.02 23:37 B D:\eu_site\free_site\travel\all_htm\madrid\toledo_puertadelsol.jpg --> 185.224.138.60 /domains/pgoh13.eu/public_html/free_site/travel/all_htm/madrid toledo_puertadelsol.jpg
121.01.02 23:37 B D:\eu_site\free_site\travel\all_htm\madrid\toledo_puertabisagra375.jpg --> 185.224.138.60 /domains/pgoh13.eu/public_html/free_site/travel/all_htm/madrid toledo_puertabisagra375.jpg
121.01.02 23:37 B D:\eu_site\free_site\travel\all_htm\madrid\toledo_puertabisagra.jpg --> 185.224.138.60 /domains/pgoh13.eu/public_html/free_site/travel/all_htm/madrid toledo_puertabisagra.jpg
121.01.02 23:37 B D:\eu_site\free_site\travel\all_htm\madrid\toledo_catedraldesantamaria375.jpg --> 185.224.138.60 /domains/pgoh13.eu/public_html/free_site/travel/all_htm/madrid toledo_catedraldesantamaria375.jpg
121.01.02 23:37 B D:\eu_site\free_site\travel\all_htm\madrid\toledo_catedraldesantamaria.jpg --> 185.224.138.60 /domains/pgoh13.eu/public_html/free_site/travel/all_htm/madrid toledo_catedraldesantamaria.jpg
121.01.02 23:37 B D:\eu_site\free_site\travel\all_htm\madrid\toledo_alcazar375.jpg --> 185.224.138.60 /domains/pgoh13.eu/public_html/free_site/travel/all_htm/madrid toledo_alcazar375.jpg
121.01.02 23:37 B D:\eu_site\free_site\travel\all_htm\madrid\toledo_alcazar.jpg --> 185.224.138.60 /domains/pgoh13.eu/public_html/free_site/travel/all_htm/madrid toledo_alcazar.jpg
121.01.02 23:37 B D:\eu_site\free_site\travel\all_htm\madrid\toledo.php --> 185.224.138.60 /domains/pgoh13.eu/public_html/free_site/travel/all_htm/madrid toledo.php
121.01.02 23:37 B D:\eu_site\free_site\travel\all_htm\madrid\thyssen250.jpg --> 185.224.138.60 /domains/pgoh13.eu/public_html/free_site/travel/all_htm/madrid thyssen250.jpg
121.01.02 23:37 B D:\eu_site\free_site\travel\all_htm\madrid\thyssen.jpg --> 185.224.138.60 /domains/pgoh13.eu/public_html/free_site/travel/all_htm/madrid thyssen.jpg
121.01.02 23:37 B D:\eu_site\free_site\travel\all_htm\madrid\sitemap.xml --> 185.224.138.60 /domains/pgoh13.eu/public_html/free_site/travel/all_htm/madrid sitemap.xml
121.01.02 23:37 B D:\eu_site\free_site\travel\all_htm\madrid\simple_paella250.jpg --> 185.224.138.60 /domains/pgoh13.eu/public_html/free_site/travel/all_htm/madrid simple_paella250.jpg
121.01.02 23:37 B D:\eu_site\free_site\travel\all_htm\madrid\simple_paella.jpg --> 185.224.138.60 /domains/pgoh13.eu/public_html/free_site/travel/all_htm/madrid simple_paella.jpg
121.01.02 23:37 B D:\eu_site\free_site\travel\all_htm\madrid\share_site.gif --> 185.224.138.60 /domains/pgoh13.eu/public_html/free_site/travel/all_htm/madrid share_site.gif
121.01.02 23:37 B D:\eu_site\free_site\travel\all_htm\madrid\santiago_bernadeu250.jpg --> 185.224.138.60 /domains/pgoh13.eu/public_html/free_site/travel/all_htm/madrid santiago_bernadeu250.jpg
121.01.02 23:37 B D:\eu_site\free_site\travel\all_htm\madrid\santiago_bernadeu.jpg --> 185.224.138.60 /domains/pgoh13.eu/public_html/free_site/travel/all_htm/madrid santiago_bernadeu.jpg
121.01.02 23:37 B D:\eu_site\free_site\travel\all_htm\madrid\rss_combined.gif --> 185.224.138.60 /domains/pgoh13.eu/public_html/free_site/travel/all_htm/madrid rss_combined.gif
121.01.02 23:37 B D:\eu_site\free_site\travel\all_htm\madrid\royalpalace250.jpg --> 185.224.138.60 /domains/pgoh13.eu/public_html/free_site/travel/all_htm/madrid royalpalace250.jpg
121.01.02 23:37 B D:\eu_site\free_site\travel\all_htm\madrid\royalpalace.jpg --> 185.224.138.60 /domains/pgoh13.eu/public_html/free_site/travel/all_htm/madrid royalpalace.jpg
121.01.02 23:37 B D:\eu_site\free_site\travel\all_htm\madrid\reinasofia250.jpg --> 185.224.138.60 /domains/pgoh13.eu/public_html/free_site/travel/all_htm/madrid reinasofia250.jpg
121.01.02 23:37 B D:\eu_site\free_site\travel\all_htm\madrid\reinasofia.jpg --> 185.224.138.60 /domains/pgoh13.eu/public_html/free_site/travel/all_htm/madrid reinasofia.jpg
121.01.02 23:37 B D:\eu_site\free_site\travel\all_htm\madrid\real_madrid250.jpg --> 185.224.138.60 /domains/pgoh13.eu/public_html/free_site/travel/all_htm/madrid real_madrid250.jpg
121.01.02 23:37 B D:\eu_site\free_site\travel\all_htm\madrid\real_madrid.jpg --> 185.224.138.60 /domains/pgoh13.eu/public_html/free_site/travel/all_htm/madrid real_madrid.jpg
121.01.02 23:37 B D:\eu_site\free_site\travel\all_htm\madrid\rastro_stand3250.jpg --> 185.224.138.60 /domains/pgoh13.eu/public_html/free_site/travel/all_htm/madrid rastro_stand3250.jpg
121.01.02 23:37 B D:\eu_site\free_site\travel\all_htm\madrid\rastro_stand3.jpg --> 185.224.138.60 /domains/pgoh13.eu/public_html/free_site/travel/all_htm/madrid rastro_stand3.jpg
121.01.02 23:37 B D:\eu_site\free_site\travel\all_htm\madrid\oneclick_away.inc --> 185.224.138.60 /domains/pgoh13.eu/public_html/free_site/travel/all_htm/madrid oneclick_away.inc
121.01.02 23:37 B D:\eu_site\free_site\travel\all_htm\madrid\madrid2.php --> 185.224.138.60 /domains/pgoh13.eu/public_html/free_site/travel/all_htm/madrid madrid2.php
121.01.02 23:37 B D:\eu_site\free_site\travel\all_htm\madrid\leftmenu_nosearch_noads.inc --> 185.224.138.60 /domains/pgoh13.eu/public_html/free_site/travel/all_htm/madrid leftmenu_nosearch_noads.inc
121.01.02 23:37 B D:\eu_site\free_site\travel\all_htm\madrid\leftmenu_nosearch.inc --> 185.224.138.60 /domains/pgoh13.eu/public_html/free_site/travel/all_htm/madrid leftmenu_nosearch.inc
121.01.02 23:37 B D:\eu_site\free_site\travel\all_htm\madrid\leftmenu_new.inc --> 185.224.138.60 /domains/pgoh13.eu/public_html/free_site/travel/all_htm/madrid leftmenu_new.inc
121.01.02 23:37 B D:\eu_site\free_site\travel\all_htm\madrid\leftmenu_francais.inc --> 185.224.138.60 /domains/pgoh13.eu/public_html/free_site/travel/all_htm/madrid leftmenu_francais.inc
121.01.02 23:37 B D:\eu_site\free_site\travel\all_htm\madrid\leftmenu_adstoright.inc --> 185.224.138.60 /domains/pgoh13.eu/public_html/free_site/travel/all_htm/madrid leftmenu_adstoright.inc
121.01.02 23:37 B D:\eu_site\free_site\travel\all_htm\madrid\leftmenu.inc --> 185.224.138.60 /domains/pgoh13.eu/public_html/free_site/travel/all_htm/madrid leftmenu.inc
121.01.02 23:37 B D:\eu_site\free_site\travel\all_htm\madrid\imagemap.inc --> 185.224.138.60 /domains/pgoh13.eu/public_html/free_site/travel/all_htm/madrid imagemap.inc
121.01.02 23:37 B D:\eu_site\free_site\travel\all_htm\madrid\google_icon.jpg --> 185.224.138.60 /domains/pgoh13.eu/public_html/free_site/travel/all_htm/madrid google_icon.jpg
121.01.02 23:37 B D:\eu_site\free_site\travel\all_htm\madrid\footer_cities728.inc --> 185.224.138.60 /domains/pgoh13.eu/public_html/free_site/travel/all_htm/madrid footer_cities728.inc
121.01.02 23:37 B D:\eu_site\free_site\travel\all_htm\madrid\footer_cities.inc --> 185.224.138.60 /domains/pgoh13.eu/public_html/free_site/travel/all_htm/madrid footer_cities.inc
121.01.02 23:37 B D:\eu_site\free_site\travel\all_htm\madrid\flag_french.gif --> 185.224.138.60 /domains/pgoh13.eu/public_html/free_site/travel/all_htm/madrid flag_french.gif
121.01.02 23:37 B D:\eu_site\free_site\travel\all_htm\madrid\error404.php --> 185.224.138.60 /domains/pgoh13.eu/public_html/free_site/travel/all_htm/madrid error404.php
121.01.02 23:37 B D:\eu_site\free_site\travel\all_htm\madrid\envelope.gif --> 185.224.138.60 /domains/pgoh13.eu/public_html/free_site/travel/all_htm/madrid envelope.gif
121.01.02 23:37 B D:\eu_site\free_site\travel\all_htm\madrid\easytobook.gif --> 185.224.138.60 /domains/pgoh13.eu/public_html/free_site/travel/all_htm/madrid easytobook.gif
121.01.02 23:37 B D:\eu_site\free_site\travel\all_htm\madrid\dropdown_menu.inc --> 185.224.138.60 /domains/pgoh13.eu/public_html/free_site/travel/all_htm/madrid dropdown_menu.inc
121.01.02 23:37 B D:\eu_site\free_site\travel\all_htm\madrid\dropdown_indexpage.inc --> 185.224.138.60 /domains/pgoh13.eu/public_html/free_site/travel/all_htm/madrid dropdown_indexpage.inc
121.01.02 23:37 B D:\eu_site\free_site\travel\all_htm\madrid\bk_widget.gif --> 185.224.138.60 /domains/pgoh13.eu/public_html/free_site/travel/all_htm/madrid bk_widget.gif
121.01.02 23:37 B D:\eu_site\free_site\travel\all_htm\madrid\banner_textonly.inc --> 185.224.138.60 /domains/pgoh13.eu/public_html/free_site/travel/all_htm/madrid banner_textonly.inc
121.01.02 23:37 B D:\eu_site\free_site\travel\all_htm\madrid\banner_ad_single.inc --> 185.224.138.60 /domains/pgoh13.eu/public_html/free_site/travel/all_htm/madrid banner_ad_single.inc
121.01.02 23:37 B D:\eu_site\free_site\travel\all_htm\madrid\banner_ad.inc --> 185.224.138.60 /domains/pgoh13.eu/public_html/free_site/travel/all_htm/madrid banner_ad.inc
121.01.02 23:37 B D:\eu_site\free_site\travel\all_htm\madrid\banner_2ads.inc --> 185.224.138.60 /domains/pgoh13.eu/public_html/free_site/travel/all_htm/madrid banner_2ads.inc
121.01.02 23:37 B D:\eu_site\free_site\travel\all_htm\madrid\arrow_widget.gif --> 185.224.138.60 /domains/pgoh13.eu/public_html/free_site/travel/all_htm/madrid arrow_widget.gif
121.01.02 23:37 B D:\eu_site\free_site\travel\all_htm\madrid\728banner.inc --> 185.224.138.60 /domains/pgoh13.eu/public_html/free_site/travel/all_htm/madrid 728banner.inc
121.01.02 23:37 B D:\eu_site\free_site\travel\all_htm\madrid\600vertical_imageonly.inc --> 185.224.138.60 /domains/pgoh13.eu/public_html/free_site/travel/all_htm/madrid 600vertical_imageonly.inc
121.01.02 23:37 B D:\eu_site\free_site\travel\all_htm\madrid\2index.php --> 185.224.138.60 /domains/pgoh13.eu/public_html/free_site/travel/all_htm/madrid 2index.php
121.01.02 23:37 B D:\eu_site\free_site\travel\all_htm\madrid\2index.html --> 185.224.138.60 /domains/pgoh13.eu/public_html/free_site/travel/all_htm/madrid 2index.html
121.01.02 23:37 B D:\eu_site\free_site\travel\all_htm\madrid\leftmenu_really_noads.inc --> 185.224.138.60 /domains/pgoh13.eu/public_html/free_site/travel/all_htm/madrid leftmenu_really_noads.inc
121.01.02 23:37 B D:\eu_site\free_site\travel\all_htm\madrid\leftmenu_noads.inc --> 185.224.138.60 /domains/pgoh13.eu/public_html/free_site/travel/all_htm/madrid leftmenu_noads.inc
121.01.13 23:13 B D:\free2\travel\madrid\WS_FTP.LOG <-- hostinger /domains/pgoh13.eu/public_html/free_site/travel/madrid WS_FTP.LOG
