121.01.13 23:18 B D:\free2\travel\shanghai\blue_mountain.jpg <-- hostinger /domains/pgoh13.eu/public_html/free_site/travel/shanghai blue_mountain.jpg
121.01.13 23:18 B D:\free2\travel\shanghai\blue_mountain400.jpg <-- hostinger /domains/pgoh13.eu/public_html/free_site/travel/shanghai blue_mountain400.jpg
121.01.13 23:20 B D:\free2\travel\shanghai\yugarden_bazaar400.jpg <-- hostinger /domains/pgoh13.eu/public_html/free_site/travel/shanghai yugarden_bazaar400.jpg
121.01.13 23:20 B D:\free2\travel\shanghai\yugarden_bazaar.jpg <-- hostinger /domains/pgoh13.eu/public_html/free_site/travel/shanghai yugarden_bazaar.jpg
121.01.13 23:20 B D:\free2\travel\shanghai\yu_garden400.jpg <-- hostinger /domains/pgoh13.eu/public_html/free_site/travel/shanghai yu_garden400.jpg
121.01.13 23:20 B D:\free2\travel\shanghai\yu_garden.jpg <-- hostinger /domains/pgoh13.eu/public_html/free_site/travel/shanghai yu_garden.jpg
121.01.13 23:20 B D:\free2\travel\shanghai\waitingroom_shanghai400.jpg <-- hostinger /domains/pgoh13.eu/public_html/free_site/travel/shanghai waitingroom_shanghai400.jpg
121.01.13 23:20 B D:\free2\travel\shanghai\waitingroom_shanghai.jpg <-- hostinger /domains/pgoh13.eu/public_html/free_site/travel/shanghai waitingroom_shanghai.jpg
121.01.13 23:20 B D:\free2\travel\shanghai\viewfrom_thebund400.jpg <-- hostinger /domains/pgoh13.eu/public_html/free_site/travel/shanghai viewfrom_thebund400.jpg
121.01.13 23:20 B D:\free2\travel\shanghai\viewfrom_thebund.jpg <-- hostinger /domains/pgoh13.eu/public_html/free_site/travel/shanghai viewfrom_thebund.jpg
121.01.13 23:20 B D:\free2\travel\shanghai\tianyaoqiao_road400.jpg <-- hostinger /domains/pgoh13.eu/public_html/free_site/travel/shanghai tianyaoqiao_road400.jpg
121.01.13 23:20 B D:\free2\travel\shanghai\tianyaoqiao_road.jpg <-- hostinger /domains/pgoh13.eu/public_html/free_site/travel/shanghai tianyaoqiao_road.jpg
121.01.13 23:20 B D:\free2\travel\shanghai\thebund_atnight400.jpg <-- hostinger /domains/pgoh13.eu/public_html/free_site/travel/shanghai thebund_atnight400.jpg
121.01.13 23:20 B D:\free2\travel\shanghai\thebund_atnight.jpg <-- hostinger /domains/pgoh13.eu/public_html/free_site/travel/shanghai thebund_atnight.jpg
121.01.13 23:20 B D:\free2\travel\shanghai\sunyatsen_residence400.jpg <-- hostinger /domains/pgoh13.eu/public_html/free_site/travel/shanghai sunyatsen_residence400.jpg
121.01.13 23:20 B D:\free2\travel\shanghai\sunyatsen_residence.jpg <-- hostinger /domains/pgoh13.eu/public_html/free_site/travel/shanghai sunyatsen_residence.jpg
121.01.13 23:20 B D:\free2\travel\shanghai\subway_scene400.jpg <-- hostinger /domains/pgoh13.eu/public_html/free_site/travel/shanghai subway_scene400.jpg
121.01.13 23:20 B D:\free2\travel\shanghai\subway_scene.jpg <-- hostinger /domains/pgoh13.eu/public_html/free_site/travel/shanghai subway_scene.jpg
121.01.13 23:20 B D:\free2\travel\shanghai\south_station400.jpg <-- hostinger /domains/pgoh13.eu/public_html/free_site/travel/shanghai south_station400.jpg
121.01.13 23:20 B D:\free2\travel\shanghai\south_station.jpg <-- hostinger /domains/pgoh13.eu/public_html/free_site/travel/shanghai south_station.jpg
121.01.13 23:20 B D:\free2\travel\shanghai\shanghais_hutong400.jpg <-- hostinger /domains/pgoh13.eu/public_html/free_site/travel/shanghai shanghais_hutong400.jpg
121.01.13 23:20 B D:\free2\travel\shanghai\shanghais_hutong.jpg <-- hostinger /domains/pgoh13.eu/public_html/free_site/travel/shanghai shanghais_hutong.jpg
121.01.13 23:20 B D:\free2\travel\shanghai\shanghai_skyline400.jpg <-- hostinger /domains/pgoh13.eu/public_html/free_site/travel/shanghai shanghai_skyline400.jpg
121.01.13 23:20 B D:\free2\travel\shanghai\shanghai_skyline.jpg <-- hostinger /domains/pgoh13.eu/public_html/free_site/travel/shanghai shanghai_skyline.jpg
121.01.13 23:20 B D:\free2\travel\shanghai\shanghai_airport400.jpg <-- hostinger /domains/pgoh13.eu/public_html/free_site/travel/shanghai shanghai_airport400.jpg
121.01.13 23:20 B D:\free2\travel\shanghai\shanghai_airport.jpg <-- hostinger /domains/pgoh13.eu/public_html/free_site/travel/shanghai shanghai_airport.jpg
121.01.13 23:20 B D:\free2\travel\shanghai\roadside_tailor400.jpg <-- hostinger /domains/pgoh13.eu/public_html/free_site/travel/shanghai roadside_tailor400.jpg
121.01.13 23:20 B D:\free2\travel\shanghai\roadside_tailor.jpg <-- hostinger /domains/pgoh13.eu/public_html/free_site/travel/shanghai roadside_tailor.jpg
121.01.13 23:20 B D:\free2\travel\shanghai\roadside_fishmonger400.jpg <-- hostinger /domains/pgoh13.eu/public_html/free_site/travel/shanghai roadside_fishmonger400.jpg
121.01.13 23:20 B D:\free2\travel\shanghai\roadside_fishmonger.jpg <-- hostinger /domains/pgoh13.eu/public_html/free_site/travel/shanghai roadside_fishmonger.jpg
121.01.13 23:20 B D:\free2\travel\shanghai\porcelain_seller400.jpg <-- hostinger /domains/pgoh13.eu/public_html/free_site/travel/shanghai porcelain_seller400.jpg
121.01.13 23:20 B D:\free2\travel\shanghai\porcelain_seller.jpg <-- hostinger /domains/pgoh13.eu/public_html/free_site/travel/shanghai porcelain_seller.jpg
121.01.13 23:20 B D:\free2\travel\shanghai\poormens_picnic400.jpg <-- hostinger /domains/pgoh13.eu/public_html/free_site/travel/shanghai poormens_picnic400.jpg
121.01.13 23:20 B D:\free2\travel\shanghai\poormens_picnic.jpg <-- hostinger /domains/pgoh13.eu/public_html/free_site/travel/shanghai poormens_picnic.jpg
121.01.13 23:20 B D:\free2\travel\shanghai\peoples_square400.jpg <-- hostinger /domains/pgoh13.eu/public_html/free_site/travel/shanghai peoples_square400.jpg
121.01.13 23:20 B D:\free2\travel\shanghai\peoples_square.jpg <-- hostinger /domains/pgoh13.eu/public_html/free_site/travel/shanghai peoples_square.jpg
121.01.13 23:20 B D:\free2\travel\shanghai\peoples_park400.jpg <-- hostinger /domains/pgoh13.eu/public_html/free_site/travel/shanghai peoples_park400.jpg
121.01.13 23:20 B D:\free2\travel\shanghai\peoples_park.jpg <-- hostinger /domains/pgoh13.eu/public_html/free_site/travel/shanghai peoples_park.jpg
121.01.13 23:20 B D:\free2\travel\shanghai\otherside_ofthebund400.jpg <-- hostinger /domains/pgoh13.eu/public_html/free_site/travel/shanghai otherside_ofthebund400.jpg
121.01.13 23:20 B D:\free2\travel\shanghai\otherside_ofthebund.jpg <-- hostinger /domains/pgoh13.eu/public_html/free_site/travel/shanghai otherside_ofthebund.jpg
121.01.13 23:20 B D:\free2\travel\shanghai\nanpu_bridge400.jpg <-- hostinger /domains/pgoh13.eu/public_html/free_site/travel/shanghai nanpu_bridge400.jpg
121.01.13 23:20 B D:\free2\travel\shanghai\nanpu_bridge.jpg <-- hostinger /domains/pgoh13.eu/public_html/free_site/travel/shanghai nanpu_bridge.jpg
121.01.13 23:20 B D:\free2\travel\shanghai\nanjing_street_east400.jpg <-- hostinger /domains/pgoh13.eu/public_html/free_site/travel/shanghai nanjing_street_east400.jpg
121.01.13 23:20 B D:\free2\travel\shanghai\nanjing_street_east.jpg <-- hostinger /domains/pgoh13.eu/public_html/free_site/travel/shanghai nanjing_street_east.jpg
121.01.13 23:20 B D:\free2\travel\shanghai\men_atplay400.jpg <-- hostinger /domains/pgoh13.eu/public_html/free_site/travel/shanghai men_atplay400.jpg
121.01.13 23:20 B D:\free2\travel\shanghai\men_atplay.jpg <-- hostinger /domains/pgoh13.eu/public_html/free_site/travel/shanghai men_atplay.jpg
121.01.13 23:20 B D:\free2\travel\shanghai\mans_courage2400.jpg <-- hostinger /domains/pgoh13.eu/public_html/free_site/travel/shanghai mans_courage2400.jpg
121.01.13 23:20 B D:\free2\travel\shanghai\mans_courage2.jpg <-- hostinger /domains/pgoh13.eu/public_html/free_site/travel/shanghai mans_courage2.jpg
121.01.13 23:20 B D:\free2\travel\shanghai\lupu_bridge400.jpg <-- hostinger /domains/pgoh13.eu/public_html/free_site/travel/shanghai lupu_bridge400.jpg
121.01.13 23:20 B D:\free2\travel\shanghai\lupu_bridge.jpg <-- hostinger /domains/pgoh13.eu/public_html/free_site/travel/shanghai lupu_bridge.jpg
121.01.13 23:20 B D:\free2\travel\shanghai\laoximen_market400.jpg <-- hostinger /domains/pgoh13.eu/public_html/free_site/travel/shanghai laoximen_market400.jpg
121.01.13 23:20 B D:\free2\travel\shanghai\laoximen_market.jpg <-- hostinger /domains/pgoh13.eu/public_html/free_site/travel/shanghai laoximen_market.jpg
121.01.13 23:20 B D:\free2\travel\shanghai\jinmao_tower400.jpg <-- hostinger /domains/pgoh13.eu/public_html/free_site/travel/shanghai jinmao_tower400.jpg
121.01.13 23:20 B D:\free2\travel\shanghai\jinmao_tower.jpg <-- hostinger /domains/pgoh13.eu/public_html/free_site/travel/shanghai jinmao_tower.jpg
121.01.13 23:20 B D:\free2\travel\shanghai\index.html <-- hostinger /domains/pgoh13.eu/public_html/free_site/travel/shanghai index.html
121.01.13 23:20 B D:\free2\travel\shanghai\huaihai_lu400.jpg <-- hostinger /domains/pgoh13.eu/public_html/free_site/travel/shanghai huaihai_lu400.jpg
121.01.13 23:20 B D:\free2\travel\shanghai\huaihai_lu.jpg <-- hostinger /domains/pgoh13.eu/public_html/free_site/travel/shanghai huaihai_lu.jpg
121.01.13 23:20 B D:\free2\travel\shanghai\haibao_mascot400.jpg <-- hostinger /domains/pgoh13.eu/public_html/free_site/travel/shanghai haibao_mascot400.jpg
121.01.13 23:20 B D:\free2\travel\shanghai\haibao_mascot.jpg <-- hostinger /domains/pgoh13.eu/public_html/free_site/travel/shanghai haibao_mascot.jpg
121.01.13 23:20 B D:\free2\travel\shanghai\expo_airport400.jpg <-- hostinger /domains/pgoh13.eu/public_html/free_site/travel/shanghai expo_airport400.jpg
121.01.13 23:20 B D:\free2\travel\shanghai\expo_airport.jpg <-- hostinger /domains/pgoh13.eu/public_html/free_site/travel/shanghai expo_airport.jpg
121.01.13 23:20 B D:\free2\travel\shanghai\construction_works400.jpg <-- hostinger /domains/pgoh13.eu/public_html/free_site/travel/shanghai construction_works400.jpg
121.01.13 23:20 B D:\free2\travel\shanghai\construction_works.jpg <-- hostinger /domains/pgoh13.eu/public_html/free_site/travel/shanghai construction_works.jpg
121.01.13 23:20 B D:\free2\travel\shanghai\clothes_atroadside400.jpg <-- hostinger /domains/pgoh13.eu/public_html/free_site/travel/shanghai clothes_atroadside400.jpg
121.01.13 23:20 B D:\free2\travel\shanghai\clothes_atroadside.jpg <-- hostinger /domains/pgoh13.eu/public_html/free_site/travel/shanghai clothes_atroadside.jpg
121.01.14 18:37 B D:\free2\travel\shanghai\yugarden_bazaar400.jpg --> ftpperso.free.fr /travel/shanghai yugarden_bazaar400.jpg
121.01.14 18:37 B D:\free2\travel\shanghai\yugarden_bazaar.jpg --> ftpperso.free.fr /travel/shanghai yugarden_bazaar.jpg
121.01.14 18:37 B D:\free2\travel\shanghai\yu_garden400.jpg --> ftpperso.free.fr /travel/shanghai yu_garden400.jpg
121.01.14 18:37 B D:\free2\travel\shanghai\yu_garden.jpg --> ftpperso.free.fr /travel/shanghai yu_garden.jpg
