118.01.23 14:35 B G:\ixweb_for_free\budapest\index.html <-- ixwebhosting /pgoh13.com/budapest index.html
118.01.23 14:35 B G:\ixweb_for_free\budapest\panoramic_bastion60.jpg <-- ixwebhosting /pgoh13.com/budapest panoramic_bastion60.jpg
118.01.23 14:35 B G:\ixweb_for_free\budapest\szechenyi_pool600.jpg <-- ixwebhosting /pgoh13.com/budapest szechenyi_pool600.jpg
118.01.23 14:35 B G:\ixweb_for_free\budapest\panoramic_bastion.jpg <-- ixwebhosting /pgoh13.com/budapest panoramic_bastion.jpg
118.01.23 14:35 B G:\ixweb_for_free\budapest\mucsarnok_museum400.jpg <-- ixwebhosting /pgoh13.com/budapest mucsarnok_museum400.jpg
118.01.23 14:35 B G:\ixweb_for_free\budapest\mucsarnok_museum.jpg <-- ixwebhosting /pgoh13.com/budapest mucsarnok_museum.jpg
118.01.23 14:35 B G:\ixweb_for_free\budapest\ImreBukta_painting.jpg <-- ixwebhosting /pgoh13.com/budapest ImreBukta_painting.jpg
118.01.23 14:35 B G:\ixweb_for_free\budapest\viewfrom_budahill.jpg <-- ixwebhosting /pgoh13.com/budapest viewfrom_budahill.jpg
118.01.23 14:35 B G:\ixweb_for_free\budapest\vorosmarty_square400.jpg <-- ixwebhosting /pgoh13.com/budapest vorosmarty_square400.jpg
118.01.23 14:35 B G:\ixweb_for_free\budapest\vaci_utca400.jpg <-- ixwebhosting /pgoh13.com/budapest vaci_utca400.jpg
118.01.23 14:35 B G:\ixweb_for_free\budapest\stickers_cheesestall400.jpg <-- ixwebhosting /pgoh13.com/budapest stickers_cheesestall400.jpg
118.01.23 14:35 B G:\ixweb_for_free\budapest\promenade_pestside400.jpg <-- ixwebhosting /pgoh13.com/budapest promenade_pestside400.jpg
118.01.23 14:35 B G:\ixweb_for_free\budapest\parliament_night400.jpg <-- ixwebhosting /pgoh13.com/budapest parliament_night400.jpg
118.01.23 14:35 B G:\ixweb_for_free\budapest\paprika_stall400.jpg <-- ixwebhosting /pgoh13.com/budapest paprika_stall400.jpg
118.01.23 14:35 B G:\ixweb_for_free\budapest\oldestmetro_lineone400.jpg <-- ixwebhosting /pgoh13.com/budapest oldestmetro_lineone400.jpg
118.01.23 14:36 B G:\ixweb_for_free\budapest\nationalmuseum_budapest400.jpg <-- ixwebhosting /pgoh13.com/budapest nationalmuseum_budapest400.jpg
118.01.23 14:36 B G:\ixweb_for_free\budapest\matthias_church400.jpg <-- ixwebhosting /pgoh13.com/budapest matthias_church400.jpg
118.01.23 14:36 B G:\ixweb_for_free\budapest\matthias_church.jpg <-- ixwebhosting /pgoh13.com/budapest matthias_church.jpg
118.01.23 14:36 B G:\ixweb_for_free\budapest\libertybridge_budapest400.jpg <-- ixwebhosting /pgoh13.com/budapest libertybridge_budapest400.jpg
118.01.23 14:36 B G:\ixweb_for_free\budapest\kalvin_ter400.jpg <-- ixwebhosting /pgoh13.com/budapest kalvin_ter400.jpg
118.01.23 14:36 B G:\ixweb_for_free\budapest\heroessquare_millenium400.jpg <-- ixwebhosting /pgoh13.com/budapest heroessquare_millenium400.jpg
118.01.23 14:36 B G:\ixweb_for_free\budapest\halaszle_fishsoup400.jpg <-- ixwebhosting /pgoh13.com/budapest halaszle_fishsoup400.jpg
118.01.23 14:36 B G:\ixweb_for_free\budapest\gellert_hilltop400.jpg <-- ixwebhosting /pgoh13.com/budapest gellert_hilltop400.jpg
118.01.23 14:36 B G:\ixweb_for_free\budapest\funicular_budahill300.jpg <-- ixwebhosting /pgoh13.com/budapest funicular_budahill300.jpg
118.01.23 14:36 B G:\ixweb_for_free\budapest\foodstall_market400.jpg <-- ixwebhosting /pgoh13.com/budapest foodstall_market400.jpg
118.01.23 14:36 B G:\ixweb_for_free\budapest\fishermens_bastion400.jpg <-- ixwebhosting /pgoh13.com/budapest fishermens_bastion400.jpg
118.01.23 14:36 B G:\ixweb_for_free\budapest\elizabethbridge_budapest400.jpg <-- ixwebhosting /pgoh13.com/budapest elizabethbridge_budapest400.jpg
118.01.23 14:36 B G:\ixweb_for_free\budapest\city_park400.jpg <-- ixwebhosting /pgoh13.com/budapest city_park400.jpg
118.01.23 14:36 B G:\ixweb_for_free\budapest\chicken_paprika400.jpg <-- ixwebhosting /pgoh13.com/budapest chicken_paprika400.jpg
118.01.23 14:36 B G:\ixweb_for_free\budapest\chainbridge400.jpg <-- ixwebhosting /pgoh13.com/budapest chainbridge400.jpg
118.01.23 14:36 B G:\ixweb_for_free\budapest\ceremony_royalpalace400.jpg <-- ixwebhosting /pgoh13.com/budapest ceremony_royalpalace400.jpg
118.01.23 14:36 B G:\ixweb_for_free\budapest\centralmarket_budapest400.jpg <-- ixwebhosting /pgoh13.com/budapest centralmarket_budapest400.jpg
118.01.23 14:36 B G:\ixweb_for_free\budapest\budapest_tram400.jpg <-- ixwebhosting /pgoh13.com/budapest budapest_tram400.jpg
118.01.23 14:36 B G:\ixweb_for_free\budapest\budapest_castle400.jpg <-- ixwebhosting /pgoh13.com/budapest budapest_castle400.jpg
118.01.23 14:36 B G:\ixweb_for_free\budapest\budapest_castle300.jpg <-- ixwebhosting /pgoh13.com/budapest budapest_castle300.jpg
118.01.23 14:36 B G:\ixweb_for_free\budapest\budapest_castle.jpg <-- ixwebhosting /pgoh13.com/budapest budapest_castle.jpg
118.01.23 14:36 B G:\ixweb_for_free\budapest\vorosmarty_square300.jpg <-- ixwebhosting /pgoh13.com/budapest vorosmarty_square300.jpg
118.01.23 14:36 B G:\ixweb_for_free\budapest\vorosmarty_square.jpg <-- ixwebhosting /pgoh13.com/budapest vorosmarty_square.jpg
118.01.23 14:36 B G:\ixweb_for_free\budapest\vaci_utca300.jpg <-- ixwebhosting /pgoh13.com/budapest vaci_utca300.jpg
118.01.23 14:36 B G:\ixweb_for_free\budapest\vaci_utca.jpg <-- ixwebhosting /pgoh13.com/budapest vaci_utca.jpg
118.01.23 14:36 B G:\ixweb_for_free\budapest\szechenyi_pool300.jpg <-- ixwebhosting /pgoh13.com/budapest szechenyi_pool300.jpg
118.01.23 14:36 B G:\ixweb_for_free\budapest\szechenyi_pool.jpg <-- ixwebhosting /pgoh13.com/budapest szechenyi_pool.jpg
118.01.23 14:36 B G:\ixweb_for_free\budapest\stickers_cheesestall300.jpg <-- ixwebhosting /pgoh13.com/budapest stickers_cheesestall300.jpg
118.01.23 14:36 B G:\ixweb_for_free\budapest\stickers_cheesestall.jpg <-- ixwebhosting /pgoh13.com/budapest stickers_cheesestall.jpg
118.01.23 14:36 B G:\ixweb_for_free\budapest\promenade_pestside300.jpg <-- ixwebhosting /pgoh13.com/budapest promenade_pestside300.jpg
118.01.23 14:36 B G:\ixweb_for_free\budapest\promenade_pestside.jpg <-- ixwebhosting /pgoh13.com/budapest promenade_pestside.jpg
118.01.23 14:36 B G:\ixweb_for_free\budapest\parliament_night300.jpg <-- ixwebhosting /pgoh13.com/budapest parliament_night300.jpg
118.01.23 14:36 B G:\ixweb_for_free\budapest\parliament_night.jpg <-- ixwebhosting /pgoh13.com/budapest parliament_night.jpg
118.01.23 14:36 B G:\ixweb_for_free\budapest\paprika_stall300.jpg <-- ixwebhosting /pgoh13.com/budapest paprika_stall300.jpg
118.01.23 14:36 B G:\ixweb_for_free\budapest\paprika_stall.jpg <-- ixwebhosting /pgoh13.com/budapest paprika_stall.jpg
118.01.23 14:36 B G:\ixweb_for_free\budapest\panoramic_bastion_ori.jpg <-- ixwebhosting /pgoh13.com/budapest panoramic_bastion_ori.jpg
118.01.23 14:36 B G:\ixweb_for_free\budapest\oldestmetro_lineone300.jpg <-- ixwebhosting /pgoh13.com/budapest oldestmetro_lineone300.jpg
118.01.23 14:36 B G:\ixweb_for_free\budapest\oldestmetro_lineone.jpg <-- ixwebhosting /pgoh13.com/budapest oldestmetro_lineone.jpg
118.01.23 14:36 B G:\ixweb_for_free\budapest\nationalmuseum_budapest300.jpg <-- ixwebhosting /pgoh13.com/budapest nationalmuseum_budapest300.jpg
118.01.23 14:36 B G:\ixweb_for_free\budapest\nationalmuseum_budapest.jpg <-- ixwebhosting /pgoh13.com/budapest nationalmuseum_budapest.jpg
118.01.23 14:36 B G:\ixweb_for_free\budapest\matthias_church300.jpg <-- ixwebhosting /pgoh13.com/budapest matthias_church300.jpg
118.01.23 14:36 B G:\ixweb_for_free\budapest\libertybridge_budapest.jpg <-- ixwebhosting /pgoh13.com/budapest libertybridge_budapest.jpg
118.01.23 14:36 B G:\ixweb_for_free\budapest\libertybridge_budapest.300.jpg <-- ixwebhosting /pgoh13.com/budapest libertybridge_budapest.300.jpg
118.01.23 14:36 B G:\ixweb_for_free\budapest\kalvin_ter300.jpg <-- ixwebhosting /pgoh13.com/budapest kalvin_ter300.jpg
118.01.23 14:36 B G:\ixweb_for_free\budapest\kalvin_ter.jpg <-- ixwebhosting /pgoh13.com/budapest kalvin_ter.jpg
118.01.23 14:36 B G:\ixweb_for_free\budapest\heroessquare_millenium300.jpg <-- ixwebhosting /pgoh13.com/budapest heroessquare_millenium300.jpg
118.01.23 14:36 B G:\ixweb_for_free\budapest\heroessquare_millenium.jpg <-- ixwebhosting /pgoh13.com/budapest heroessquare_millenium.jpg
118.01.23 14:36 B G:\ixweb_for_free\budapest\halaszle_fishsoup300.jpg <-- ixwebhosting /pgoh13.com/budapest halaszle_fishsoup300.jpg
118.01.23 14:36 B G:\ixweb_for_free\budapest\halaszle_fishsoup.jpg <-- ixwebhosting /pgoh13.com/budapest halaszle_fishsoup.jpg
118.01.23 14:36 B G:\ixweb_for_free\budapest\gellert_hilltop300.jpg <-- ixwebhosting /pgoh13.com/budapest gellert_hilltop300.jpg
118.01.23 14:36 B G:\ixweb_for_free\budapest\gellert_hilltop.jpg <-- ixwebhosting /pgoh13.com/budapest gellert_hilltop.jpg
118.01.23 14:36 B G:\ixweb_for_free\budapest\funicular_budahill.jpg <-- ixwebhosting /pgoh13.com/budapest funicular_budahill.jpg
118.01.23 14:37 B G:\ixweb_for_free\budapest\foodstall_market300.jpg <-- ixwebhosting /pgoh13.com/budapest foodstall_market300.jpg
118.01.23 14:37 B G:\ixweb_for_free\budapest\foodstall_market.jpg <-- ixwebhosting /pgoh13.com/budapest foodstall_market.jpg
118.01.23 14:37 B G:\ixweb_for_free\budapest\fishermens_bastion300.jpg <-- ixwebhosting /pgoh13.com/budapest fishermens_bastion300.jpg
118.01.23 14:37 B G:\ixweb_for_free\budapest\fishermens_bastion.jpg <-- ixwebhosting /pgoh13.com/budapest fishermens_bastion.jpg
118.01.23 14:37 B G:\ixweb_for_free\budapest\elizbridge_atnight300.jpg <-- ixwebhosting /pgoh13.com/budapest elizbridge_atnight300.jpg
118.01.23 14:37 B G:\ixweb_for_free\budapest\elizbridge_atnight.jpg <-- ixwebhosting /pgoh13.com/budapest elizbridge_atnight.jpg
118.01.23 14:37 B G:\ixweb_for_free\budapest\elizabethbridge_budapest300.jpg <-- ixwebhosting /pgoh13.com/budapest elizabethbridge_budapest300.jpg
118.01.23 14:37 B G:\ixweb_for_free\budapest\elizabethbridge_budapest.jpg <-- ixwebhosting /pgoh13.com/budapest elizabethbridge_budapest.jpg
118.01.23 14:37 B G:\ixweb_for_free\budapest\city_park300.jpg <-- ixwebhosting /pgoh13.com/budapest city_park300.jpg
118.01.23 14:37 B G:\ixweb_for_free\budapest\city_park.jpg <-- ixwebhosting /pgoh13.com/budapest city_park.jpg
118.01.23 14:37 B G:\ixweb_for_free\budapest\chicken_paprika300.jpg <-- ixwebhosting /pgoh13.com/budapest chicken_paprika300.jpg
118.01.23 14:37 B G:\ixweb_for_free\budapest\chicken_paprika.jpg <-- ixwebhosting /pgoh13.com/budapest chicken_paprika.jpg
118.01.23 14:37 B G:\ixweb_for_free\budapest\chainbridge300.jpg <-- ixwebhosting /pgoh13.com/budapest chainbridge300.jpg
118.01.23 14:37 B G:\ixweb_for_free\budapest\chainbridge.jpg <-- ixwebhosting /pgoh13.com/budapest chainbridge.jpg
118.01.23 14:37 B G:\ixweb_for_free\budapest\ceremony_royalpalace300.jpg <-- ixwebhosting /pgoh13.com/budapest ceremony_royalpalace300.jpg
118.01.23 14:37 B G:\ixweb_for_free\budapest\ceremony_royalpalace.jpg <-- ixwebhosting /pgoh13.com/budapest ceremony_royalpalace.jpg
118.01.23 14:37 B G:\ixweb_for_free\budapest\centralmarket_budapest300.jpg <-- ixwebhosting /pgoh13.com/budapest centralmarket_budapest300.jpg
118.01.23 14:37 B G:\ixweb_for_free\budapest\centralmarket_budapest.jpg <-- ixwebhosting /pgoh13.com/budapest centralmarket_budapest.jpg
118.01.23 14:37 B G:\ixweb_for_free\budapest\budapest_tram300.jpg <-- ixwebhosting /pgoh13.com/budapest budapest_tram300.jpg
118.01.23 14:37 B G:\ixweb_for_free\budapest\budapest_tram.jpg <-- ixwebhosting /pgoh13.com/budapest budapest_tram.jpg
118.01.23 15:48 B G:\ixweb_for_free\budapest\budapest_castle.jpg --> ftpperso.free.fr /budapest budapest_castle.jpg
118.01.23 15:48 B G:\ixweb_for_free\budapest\budapest_castle300.jpg --> ftpperso.free.fr /budapest budapest_castle300.jpg
118.01.23 15:48 B G:\ixweb_for_free\budapest\budapest_castle400.jpg --> ftpperso.free.fr /budapest budapest_castle400.jpg
118.01.23 15:48 B G:\ixweb_for_free\budapest\budapest_tram.jpg --> ftpperso.free.fr /budapest budapest_tram.jpg
118.01.23 15:48 B G:\ixweb_for_free\budapest\budapest_tram300.jpg --> ftpperso.free.fr /budapest budapest_tram300.jpg
118.01.23 15:48 B G:\ixweb_for_free\budapest\budapest_tram400.jpg --> ftpperso.free.fr /budapest budapest_tram400.jpg
118.01.23 15:48 B G:\ixweb_for_free\budapest\centralmarket_budapest.jpg --> ftpperso.free.fr /budapest centralmarket_budapest.jpg
118.01.23 15:48 B G:\ixweb_for_free\budapest\centralmarket_budapest300.jpg --> ftpperso.free.fr /budapest centralmarket_budapest300.jpg
118.01.23 15:48 B G:\ixweb_for_free\budapest\centralmarket_budapest400.jpg --> ftpperso.free.fr /budapest centralmarket_budapest400.jpg
118.01.23 15:48 B G:\ixweb_for_free\budapest\ceremony_royalpalace.jpg --> ftpperso.free.fr /budapest ceremony_royalpalace.jpg
118.01.23 15:48 B G:\ixweb_for_free\budapest\ceremony_royalpalace300.jpg --> ftpperso.free.fr /budapest ceremony_royalpalace300.jpg
118.01.23 15:48 B G:\ixweb_for_free\budapest\ceremony_royalpalace400.jpg --> ftpperso.free.fr /budapest ceremony_royalpalace400.jpg
118.01.23 15:48 B G:\ixweb_for_free\budapest\chainbridge.jpg --> ftpperso.free.fr /budapest chainbridge.jpg
118.01.23 15:48 B G:\ixweb_for_free\budapest\chainbridge300.jpg --> ftpperso.free.fr /budapest chainbridge300.jpg
118.01.23 15:48 B G:\ixweb_for_free\budapest\chainbridge400.jpg --> ftpperso.free.fr /budapest chainbridge400.jpg
118.01.23 15:48 B G:\ixweb_for_free\budapest\chicken_paprika.jpg --> ftpperso.free.fr /budapest chicken_paprika.jpg
118.01.23 15:48 B G:\ixweb_for_free\budapest\chicken_paprika300.jpg --> ftpperso.free.fr /budapest chicken_paprika300.jpg
118.01.23 15:48 B G:\ixweb_for_free\budapest\chicken_paprika400.jpg --> ftpperso.free.fr /budapest chicken_paprika400.jpg
118.01.23 15:48 B G:\ixweb_for_free\budapest\city_park.jpg --> ftpperso.free.fr /budapest city_park.jpg
118.01.23 15:48 B G:\ixweb_for_free\budapest\city_park300.jpg --> ftpperso.free.fr /budapest city_park300.jpg
118.01.23 15:48 B G:\ixweb_for_free\budapest\city_park400.jpg --> ftpperso.free.fr /budapest city_park400.jpg
118.01.23 15:48 B G:\ixweb_for_free\budapest\elizabethbridge_budapest.jpg --> ftpperso.free.fr /budapest elizabethbridge_budapest.jpg
118.01.23 15:48 B G:\ixweb_for_free\budapest\elizabethbridge_budapest300.jpg --> ftpperso.free.fr /budapest elizabethbridge_budapest300.jpg
118.01.23 15:48 B G:\ixweb_for_free\budapest\elizabethbridge_budapest400.jpg --> ftpperso.free.fr /budapest elizabethbridge_budapest400.jpg
118.01.23 15:48 B G:\ixweb_for_free\budapest\elizbridge_atnight.jpg --> ftpperso.free.fr /budapest elizbridge_atnight.jpg
118.01.23 15:48 B G:\ixweb_for_free\budapest\elizbridge_atnight300.jpg --> ftpperso.free.fr /budapest elizbridge_atnight300.jpg
118.01.23 15:48 B G:\ixweb_for_free\budapest\fishermens_bastion.jpg --> ftpperso.free.fr /budapest fishermens_bastion.jpg
118.01.23 15:48 B G:\ixweb_for_free\budapest\fishermens_bastion300.jpg --> ftpperso.free.fr /budapest fishermens_bastion300.jpg
118.01.23 15:48 B G:\ixweb_for_free\budapest\fishermens_bastion400.jpg --> ftpperso.free.fr /budapest fishermens_bastion400.jpg
118.01.23 15:48 B G:\ixweb_for_free\budapest\foodstall_market.jpg --> ftpperso.free.fr /budapest foodstall_market.jpg
118.01.23 15:48 B G:\ixweb_for_free\budapest\foodstall_market300.jpg --> ftpperso.free.fr /budapest foodstall_market300.jpg
118.01.23 15:48 B G:\ixweb_for_free\budapest\foodstall_market400.jpg --> ftpperso.free.fr /budapest foodstall_market400.jpg
118.01.23 15:48 B G:\ixweb_for_free\budapest\funicular_budahill.jpg --> ftpperso.free.fr /budapest funicular_budahill.jpg
118.01.23 15:48 B G:\ixweb_for_free\budapest\funicular_budahill300.jpg --> ftpperso.free.fr /budapest funicular_budahill300.jpg
118.01.23 15:48 B G:\ixweb_for_free\budapest\gellert_hilltop.jpg --> ftpperso.free.fr /budapest gellert_hilltop.jpg
118.01.23 15:48 B G:\ixweb_for_free\budapest\gellert_hilltop300.jpg --> ftpperso.free.fr /budapest gellert_hilltop300.jpg
118.01.23 15:48 B G:\ixweb_for_free\budapest\gellert_hilltop400.jpg --> ftpperso.free.fr /budapest gellert_hilltop400.jpg
118.01.23 15:48 B G:\ixweb_for_free\budapest\halaszle_fishsoup.jpg --> ftpperso.free.fr /budapest halaszle_fishsoup.jpg
118.01.23 15:48 B G:\ixweb_for_free\budapest\halaszle_fishsoup300.jpg --> ftpperso.free.fr /budapest halaszle_fishsoup300.jpg
118.01.23 15:48 B G:\ixweb_for_free\budapest\halaszle_fishsoup400.jpg --> ftpperso.free.fr /budapest halaszle_fishsoup400.jpg
118.01.23 15:49 B G:\ixweb_for_free\budapest\heroessquare_millenium.jpg --> ftpperso.free.fr /budapest heroessquare_millenium.jpg
118.01.23 15:49 B G:\ixweb_for_free\budapest\heroessquare_millenium300.jpg --> ftpperso.free.fr /budapest heroessquare_millenium300.jpg
118.01.23 15:49 B G:\ixweb_for_free\budapest\heroessquare_millenium400.jpg --> ftpperso.free.fr /budapest heroessquare_millenium400.jpg
118.01.23 15:49 B G:\ixweb_for_free\budapest\ImreBukta_painting.jpg --> ftpperso.free.fr /budapest ImreBukta_painting.jpg
118.01.23 15:49 B G:\ixweb_for_free\budapest\index.html --> ftpperso.free.fr /budapest index.html
118.01.23 15:49 B G:\ixweb_for_free\budapest\kalvin_ter.jpg --> ftpperso.free.fr /budapest kalvin_ter.jpg
118.01.23 15:49 B G:\ixweb_for_free\budapest\kalvin_ter300.jpg --> ftpperso.free.fr /budapest kalvin_ter300.jpg
118.01.23 15:49 B G:\ixweb_for_free\budapest\kalvin_ter400.jpg --> ftpperso.free.fr /budapest kalvin_ter400.jpg
118.01.23 15:49 B G:\ixweb_for_free\budapest\libertybridge_budapest.300.jpg --> ftpperso.free.fr /budapest libertybridge_budapest.300.jpg
118.01.23 15:49 B G:\ixweb_for_free\budapest\libertybridge_budapest.jpg --> ftpperso.free.fr /budapest libertybridge_budapest.jpg
118.01.23 15:49 B G:\ixweb_for_free\budapest\libertybridge_budapest400.jpg --> ftpperso.free.fr /budapest libertybridge_budapest400.jpg
118.01.23 15:49 B G:\ixweb_for_free\budapest\matthias_church.jpg --> ftpperso.free.fr /budapest matthias_church.jpg
118.01.23 15:49 B G:\ixweb_for_free\budapest\matthias_church300.jpg --> ftpperso.free.fr /budapest matthias_church300.jpg
118.01.23 15:49 B G:\ixweb_for_free\budapest\matthias_church400.jpg --> ftpperso.free.fr /budapest matthias_church400.jpg
118.01.23 15:49 B G:\ixweb_for_free\budapest\mucsarnok_museum.jpg --> ftpperso.free.fr /budapest mucsarnok_museum.jpg
118.01.23 15:49 B G:\ixweb_for_free\budapest\mucsarnok_museum400.jpg --> ftpperso.free.fr /budapest mucsarnok_museum400.jpg
118.01.23 15:49 B G:\ixweb_for_free\budapest\nationalmuseum_budapest.jpg --> ftpperso.free.fr /budapest nationalmuseum_budapest.jpg
118.01.23 15:49 B G:\ixweb_for_free\budapest\nationalmuseum_budapest300.jpg --> ftpperso.free.fr /budapest nationalmuseum_budapest300.jpg
118.01.23 15:49 B G:\ixweb_for_free\budapest\nationalmuseum_budapest400.jpg --> ftpperso.free.fr /budapest nationalmuseum_budapest400.jpg
118.01.23 15:49 B G:\ixweb_for_free\budapest\oldestmetro_lineone.jpg --> ftpperso.free.fr /budapest oldestmetro_lineone.jpg
118.01.23 15:49 B G:\ixweb_for_free\budapest\oldestmetro_lineone300.jpg --> ftpperso.free.fr /budapest oldestmetro_lineone300.jpg
118.01.23 15:49 B G:\ixweb_for_free\budapest\oldestmetro_lineone400.jpg --> ftpperso.free.fr /budapest oldestmetro_lineone400.jpg
118.01.23 15:49 B G:\ixweb_for_free\budapest\panoramic_bastion.jpg --> ftpperso.free.fr /budapest panoramic_bastion.jpg
118.01.23 15:49 B G:\ixweb_for_free\budapest\panoramic_bastion60.jpg --> ftpperso.free.fr /budapest panoramic_bastion60.jpg
118.01.23 15:49 B G:\ixweb_for_free\budapest\panoramic_bastion_ori.jpg --> ftpperso.free.fr /budapest panoramic_bastion_ori.jpg
118.01.23 15:49 B G:\ixweb_for_free\budapest\paprika_stall.jpg --> ftpperso.free.fr /budapest paprika_stall.jpg
118.01.23 15:49 B G:\ixweb_for_free\budapest\paprika_stall300.jpg --> ftpperso.free.fr /budapest paprika_stall300.jpg
118.01.23 15:49 B G:\ixweb_for_free\budapest\paprika_stall400.jpg --> ftpperso.free.fr /budapest paprika_stall400.jpg
118.01.23 15:49 B G:\ixweb_for_free\budapest\parliament_night.jpg --> ftpperso.free.fr /budapest parliament_night.jpg
118.01.23 15:49 B G:\ixweb_for_free\budapest\parliament_night300.jpg --> ftpperso.free.fr /budapest parliament_night300.jpg
118.01.23 15:49 B G:\ixweb_for_free\budapest\parliament_night400.jpg --> ftpperso.free.fr /budapest parliament_night400.jpg
118.01.23 15:49 B G:\ixweb_for_free\budapest\promenade_pestside.jpg --> ftpperso.free.fr /budapest promenade_pestside.jpg
118.01.23 15:49 B G:\ixweb_for_free\budapest\promenade_pestside300.jpg --> ftpperso.free.fr /budapest promenade_pestside300.jpg
118.01.23 15:49 B G:\ixweb_for_free\budapest\promenade_pestside400.jpg --> ftpperso.free.fr /budapest promenade_pestside400.jpg
118.01.23 15:49 B G:\ixweb_for_free\budapest\stickers_cheesestall.jpg --> ftpperso.free.fr /budapest stickers_cheesestall.jpg
118.01.23 15:49 B G:\ixweb_for_free\budapest\stickers_cheesestall300.jpg --> ftpperso.free.fr /budapest stickers_cheesestall300.jpg
118.01.23 15:49 B G:\ixweb_for_free\budapest\stickers_cheesestall400.jpg --> ftpperso.free.fr /budapest stickers_cheesestall400.jpg
118.01.23 15:49 B G:\ixweb_for_free\budapest\szechenyi_pool.jpg --> ftpperso.free.fr /budapest szechenyi_pool.jpg
118.01.23 15:49 B G:\ixweb_for_free\budapest\szechenyi_pool300.jpg --> ftpperso.free.fr /budapest szechenyi_pool300.jpg
118.01.23 15:49 B G:\ixweb_for_free\budapest\szechenyi_pool600.jpg --> ftpperso.free.fr /budapest szechenyi_pool600.jpg
118.01.23 15:49 B G:\ixweb_for_free\budapest\vaci_utca.jpg --> ftpperso.free.fr /budapest vaci_utca.jpg
118.01.23 15:49 B G:\ixweb_for_free\budapest\vaci_utca300.jpg --> ftpperso.free.fr /budapest vaci_utca300.jpg
118.01.23 15:49 B G:\ixweb_for_free\budapest\vaci_utca400.jpg --> ftpperso.free.fr /budapest vaci_utca400.jpg
118.01.23 15:49 B G:\ixweb_for_free\budapest\viewfrom_budahill.jpg --> ftpperso.free.fr /budapest viewfrom_budahill.jpg
118.01.23 15:49 B G:\ixweb_for_free\budapest\vorosmarty_square.jpg --> ftpperso.free.fr /budapest vorosmarty_square.jpg
118.01.23 15:49 B G:\ixweb_for_free\budapest\vorosmarty_square300.jpg --> ftpperso.free.fr /budapest vorosmarty_square300.jpg
118.01.23 15:49 B G:\ixweb_for_free\budapest\vorosmarty_square400.jpg --> ftpperso.free.fr /budapest vorosmarty_square400.jpg
120.08.23 14:18 B D:\free2\budapest\WS_FTP.LOG <-- free.fr /budapest WS_FTP.LOG
120.08.23 14:18 B D:\free2\budapest\vorosmarty_square400.jpg <-- free.fr /budapest vorosmarty_square400.jpg
120.08.23 14:18 B D:\free2\budapest\vorosmarty_square300.jpg <-- free.fr /budapest vorosmarty_square300.jpg
120.08.23 14:18 B D:\free2\budapest\vorosmarty_square.jpg <-- free.fr /budapest vorosmarty_square.jpg
120.08.23 14:18 B D:\free2\budapest\viewfrom_budahill.jpg <-- free.fr /budapest viewfrom_budahill.jpg
120.08.23 14:18 B D:\free2\budapest\vaci_utca400.jpg <-- free.fr /budapest vaci_utca400.jpg
120.08.23 14:18 B D:\free2\budapest\vaci_utca300.jpg <-- free.fr /budapest vaci_utca300.jpg
120.08.23 14:18 B D:\free2\budapest\vaci_utca.jpg <-- free.fr /budapest vaci_utca.jpg
120.08.23 14:18 B D:\free2\budapest\szechenyi_pool600.jpg <-- free.fr /budapest szechenyi_pool600.jpg
120.08.23 14:18 B D:\free2\budapest\szechenyi_pool300.jpg <-- free.fr /budapest szechenyi_pool300.jpg
120.08.23 14:18 B D:\free2\budapest\szechenyi_pool.jpg <-- free.fr /budapest szechenyi_pool.jpg
120.08.23 14:18 B D:\free2\budapest\stickers_cheesestall400.jpg <-- free.fr /budapest stickers_cheesestall400.jpg
120.08.23 14:18 B D:\free2\budapest\stickers_cheesestall300.jpg <-- free.fr /budapest stickers_cheesestall300.jpg
120.08.23 14:18 B D:\free2\budapest\stickers_cheesestall.jpg <-- free.fr /budapest stickers_cheesestall.jpg
120.08.23 14:18 B D:\free2\budapest\promenade_pestside400.jpg <-- free.fr /budapest promenade_pestside400.jpg
120.08.23 14:18 B D:\free2\budapest\promenade_pestside300.jpg <-- free.fr /budapest promenade_pestside300.jpg
120.08.23 14:18 B D:\free2\budapest\promenade_pestside.jpg <-- free.fr /budapest promenade_pestside.jpg
120.08.23 14:18 B D:\free2\budapest\parliament_night400.jpg <-- free.fr /budapest parliament_night400.jpg
120.08.23 14:18 B D:\free2\budapest\parliament_night300.jpg <-- free.fr /budapest parliament_night300.jpg
120.08.23 14:18 B D:\free2\budapest\parliament_night.jpg <-- free.fr /budapest parliament_night.jpg
120.08.23 14:18 B D:\free2\budapest\paprika_stall400.jpg <-- free.fr /budapest paprika_stall400.jpg
120.08.23 14:18 B D:\free2\budapest\paprika_stall300.jpg <-- free.fr /budapest paprika_stall300.jpg
120.08.23 14:18 B D:\free2\budapest\paprika_stall.jpg <-- free.fr /budapest paprika_stall.jpg
120.08.23 14:18 B D:\free2\budapest\panoramic_bastion_ori.jpg <-- free.fr /budapest panoramic_bastion_ori.jpg
120.08.23 14:18 B D:\free2\budapest\panoramic_bastion60.jpg <-- free.fr /budapest panoramic_bastion60.jpg
120.08.23 14:18 B D:\free2\budapest\panoramic_bastion.jpg <-- free.fr /budapest panoramic_bastion.jpg
120.08.23 14:18 B D:\free2\budapest\oldestmetro_lineone400.jpg <-- free.fr /budapest oldestmetro_lineone400.jpg
120.08.23 14:18 B D:\free2\budapest\oldestmetro_lineone300.jpg <-- free.fr /budapest oldestmetro_lineone300.jpg
120.08.23 14:18 B D:\free2\budapest\oldestmetro_lineone.jpg <-- free.fr /budapest oldestmetro_lineone.jpg
120.08.23 14:18 B D:\free2\budapest\nationalmuseum_budapest400.jpg <-- free.fr /budapest nationalmuseum_budapest400.jpg
120.08.23 14:18 B D:\free2\budapest\nationalmuseum_budapest300.jpg <-- free.fr /budapest nationalmuseum_budapest300.jpg
120.08.23 14:18 B D:\free2\budapest\nationalmuseum_budapest.jpg <-- free.fr /budapest nationalmuseum_budapest.jpg
120.08.23 14:18 B D:\free2\budapest\mucsarnok_museum400.jpg <-- free.fr /budapest mucsarnok_museum400.jpg
120.08.23 14:18 B D:\free2\budapest\mucsarnok_museum.jpg <-- free.fr /budapest mucsarnok_museum.jpg
120.08.23 14:18 B D:\free2\budapest\matthias_church400.jpg <-- free.fr /budapest matthias_church400.jpg
120.08.23 14:18 B D:\free2\budapest\matthias_church300.jpg <-- free.fr /budapest matthias_church300.jpg
120.08.23 14:18 B D:\free2\budapest\matthias_church.jpg <-- free.fr /budapest matthias_church.jpg
120.08.23 14:18 B D:\free2\budapest\libertybridge_budapest400.jpg <-- free.fr /budapest libertybridge_budapest400.jpg
120.08.23 14:18 B D:\free2\budapest\libertybridge_budapest.jpg <-- free.fr /budapest libertybridge_budapest.jpg
120.08.23 14:18 B D:\free2\budapest\libertybridge_budapest.300.jpg <-- free.fr /budapest libertybridge_budapest.300.jpg
120.08.23 14:18 B D:\free2\budapest\kalvin_ter400.jpg <-- free.fr /budapest kalvin_ter400.jpg
120.08.23 14:18 B D:\free2\budapest\kalvin_ter300.jpg <-- free.fr /budapest kalvin_ter300.jpg
120.08.23 14:18 B D:\free2\budapest\kalvin_ter.jpg <-- free.fr /budapest kalvin_ter.jpg
120.08.23 14:18 B D:\free2\budapest\index.html <-- free.fr /budapest index.html
120.08.23 14:18 B D:\free2\budapest\ImreBukta_painting.jpg <-- free.fr /budapest ImreBukta_painting.jpg
120.08.23 14:18 B D:\free2\budapest\heroessquare_millenium400.jpg <-- free.fr /budapest heroessquare_millenium400.jpg
120.08.23 14:18 B D:\free2\budapest\heroessquare_millenium300.jpg <-- free.fr /budapest heroessquare_millenium300.jpg
120.08.23 14:18 B D:\free2\budapest\heroessquare_millenium.jpg <-- free.fr /budapest heroessquare_millenium.jpg
120.08.23 14:18 B D:\free2\budapest\halaszle_fishsoup400.jpg <-- free.fr /budapest halaszle_fishsoup400.jpg
120.08.23 14:18 B D:\free2\budapest\halaszle_fishsoup300.jpg <-- free.fr /budapest halaszle_fishsoup300.jpg
120.08.23 14:18 B D:\free2\budapest\halaszle_fishsoup.jpg <-- free.fr /budapest halaszle_fishsoup.jpg
120.08.23 14:18 B D:\free2\budapest\gellert_hilltop400.jpg <-- free.fr /budapest gellert_hilltop400.jpg
120.08.23 14:18 B D:\free2\budapest\gellert_hilltop300.jpg <-- free.fr /budapest gellert_hilltop300.jpg
120.08.23 14:18 B D:\free2\budapest\gellert_hilltop.jpg <-- free.fr /budapest gellert_hilltop.jpg
120.08.23 14:18 B D:\free2\budapest\funicular_budahill300.jpg <-- free.fr /budapest funicular_budahill300.jpg
120.08.23 14:18 B D:\free2\budapest\funicular_budahill.jpg <-- free.fr /budapest funicular_budahill.jpg
120.08.23 14:18 B D:\free2\budapest\foodstall_market400.jpg <-- free.fr /budapest foodstall_market400.jpg
120.08.23 14:18 B D:\free2\budapest\foodstall_market300.jpg <-- free.fr /budapest foodstall_market300.jpg
120.08.23 14:18 B D:\free2\budapest\foodstall_market.jpg <-- free.fr /budapest foodstall_market.jpg
120.08.23 14:18 B D:\free2\budapest\fishermens_bastion400.jpg <-- free.fr /budapest fishermens_bastion400.jpg
120.08.23 14:18 B D:\free2\budapest\fishermens_bastion300.jpg <-- free.fr /budapest fishermens_bastion300.jpg
120.08.23 14:18 B D:\free2\budapest\fishermens_bastion.jpg <-- free.fr /budapest fishermens_bastion.jpg
120.08.23 14:18 B D:\free2\budapest\elizbridge_atnight300.jpg <-- free.fr /budapest elizbridge_atnight300.jpg
120.08.23 14:18 B D:\free2\budapest\elizbridge_atnight.jpg <-- free.fr /budapest elizbridge_atnight.jpg
120.08.23 14:18 B D:\free2\budapest\elizabethbridge_budapest400.jpg <-- free.fr /budapest elizabethbridge_budapest400.jpg
120.08.23 14:18 B D:\free2\budapest\elizabethbridge_budapest300.jpg <-- free.fr /budapest elizabethbridge_budapest300.jpg
120.08.23 14:18 B D:\free2\budapest\elizabethbridge_budapest.jpg <-- free.fr /budapest elizabethbridge_budapest.jpg
120.08.23 14:18 B D:\free2\budapest\city_park400.jpg <-- free.fr /budapest city_park400.jpg
120.08.23 14:18 B D:\free2\budapest\city_park300.jpg <-- free.fr /budapest city_park300.jpg
120.08.23 14:18 B D:\free2\budapest\city_park.jpg <-- free.fr /budapest city_park.jpg
120.08.23 14:18 B D:\free2\budapest\chicken_paprika400.jpg <-- free.fr /budapest chicken_paprika400.jpg
120.08.23 14:18 B D:\free2\budapest\chicken_paprika300.jpg <-- free.fr /budapest chicken_paprika300.jpg
120.08.23 14:18 B D:\free2\budapest\chicken_paprika.jpg <-- free.fr /budapest chicken_paprika.jpg
120.08.23 14:18 B D:\free2\budapest\chainbridge400.jpg <-- free.fr /budapest chainbridge400.jpg
120.08.23 14:18 B D:\free2\budapest\chainbridge300.jpg <-- free.fr /budapest chainbridge300.jpg
120.08.23 14:18 B D:\free2\budapest\chainbridge.jpg <-- free.fr /budapest chainbridge.jpg
120.08.23 14:18 B D:\free2\budapest\ceremony_royalpalace400.jpg <-- free.fr /budapest ceremony_royalpalace400.jpg
120.08.23 14:18 B D:\free2\budapest\ceremony_royalpalace300.jpg <-- free.fr /budapest ceremony_royalpalace300.jpg
120.08.23 14:18 B D:\free2\budapest\ceremony_royalpalace.jpg <-- free.fr /budapest ceremony_royalpalace.jpg
120.08.23 14:18 B D:\free2\budapest\centralmarket_budapest400.jpg <-- free.fr /budapest centralmarket_budapest400.jpg
120.08.23 14:18 B D:\free2\budapest\centralmarket_budapest300.jpg <-- free.fr /budapest centralmarket_budapest300.jpg
120.08.23 14:18 B D:\free2\budapest\centralmarket_budapest.jpg <-- free.fr /budapest centralmarket_budapest.jpg
120.08.23 14:18 B D:\free2\budapest\budapest_tram400.jpg <-- free.fr /budapest budapest_tram400.jpg
120.08.23 14:18 B D:\free2\budapest\budapest_tram300.jpg <-- free.fr /budapest budapest_tram300.jpg
120.08.23 14:18 B D:\free2\budapest\budapest_tram.jpg <-- free.fr /budapest budapest_tram.jpg
120.08.23 14:18 B D:\free2\budapest\budapest_castle400.jpg <-- free.fr /budapest budapest_castle400.jpg
120.08.23 14:18 B D:\free2\budapest\budapest_castle300.jpg <-- free.fr /budapest budapest_castle300.jpg
120.08.23 14:18 B D:\free2\budapest\budapest_castle.jpg <-- free.fr /budapest budapest_castle.jpg
121.01.05 17:01 B D:\free2\budapest\budapest_castle.jpg --> 185.224.138.60 /domains/pgoh13.eu/public_html/free_site/travel/budapest budapest_castle.jpg
121.01.05 17:01 B D:\free2\budapest\budapest_castle300.jpg --> 185.224.138.60 /domains/pgoh13.eu/public_html/free_site/travel/budapest budapest_castle300.jpg
121.01.05 17:01 B D:\free2\budapest\budapest_castle400.jpg --> 185.224.138.60 /domains/pgoh13.eu/public_html/free_site/travel/budapest budapest_castle400.jpg
121.01.05 17:01 B D:\free2\budapest\budapest_tram.jpg --> 185.224.138.60 /domains/pgoh13.eu/public_html/free_site/travel/budapest budapest_tram.jpg
121.01.05 17:01 B D:\free2\budapest\budapest_tram300.jpg --> 185.224.138.60 /domains/pgoh13.eu/public_html/free_site/travel/budapest budapest_tram300.jpg
121.01.05 17:01 B D:\free2\budapest\budapest_tram400.jpg --> 185.224.138.60 /domains/pgoh13.eu/public_html/free_site/travel/budapest budapest_tram400.jpg
121.01.05 17:01 B D:\free2\budapest\centralmarket_budapest.jpg --> 185.224.138.60 /domains/pgoh13.eu/public_html/free_site/travel/budapest centralmarket_budapest.jpg
121.01.05 17:01 B D:\free2\budapest\centralmarket_budapest300.jpg --> 185.224.138.60 /domains/pgoh13.eu/public_html/free_site/travel/budapest centralmarket_budapest300.jpg
121.01.05 17:01 B D:\free2\budapest\centralmarket_budapest400.jpg --> 185.224.138.60 /domains/pgoh13.eu/public_html/free_site/travel/budapest centralmarket_budapest400.jpg
121.01.05 17:01 B D:\free2\budapest\ceremony_royalpalace.jpg --> 185.224.138.60 /domains/pgoh13.eu/public_html/free_site/travel/budapest ceremony_royalpalace.jpg
121.01.05 17:01 B D:\free2\budapest\ceremony_royalpalace300.jpg --> 185.224.138.60 /domains/pgoh13.eu/public_html/free_site/travel/budapest ceremony_royalpalace300.jpg
121.01.05 17:01 B D:\free2\budapest\ceremony_royalpalace400.jpg --> 185.224.138.60 /domains/pgoh13.eu/public_html/free_site/travel/budapest ceremony_royalpalace400.jpg
121.01.05 17:01 B D:\free2\budapest\chainbridge.jpg --> 185.224.138.60 /domains/pgoh13.eu/public_html/free_site/travel/budapest chainbridge.jpg
121.01.05 17:01 B D:\free2\budapest\chainbridge300.jpg --> 185.224.138.60 /domains/pgoh13.eu/public_html/free_site/travel/budapest chainbridge300.jpg
121.01.05 17:01 B D:\free2\budapest\chainbridge400.jpg --> 185.224.138.60 /domains/pgoh13.eu/public_html/free_site/travel/budapest chainbridge400.jpg
121.01.05 17:01 B D:\free2\budapest\chicken_paprika.jpg --> 185.224.138.60 /domains/pgoh13.eu/public_html/free_site/travel/budapest chicken_paprika.jpg
121.01.05 17:01 B D:\free2\budapest\chicken_paprika300.jpg --> 185.224.138.60 /domains/pgoh13.eu/public_html/free_site/travel/budapest chicken_paprika300.jpg
121.01.05 17:01 B D:\free2\budapest\chicken_paprika400.jpg --> 185.224.138.60 /domains/pgoh13.eu/public_html/free_site/travel/budapest chicken_paprika400.jpg
121.01.05 17:01 B D:\free2\budapest\city_park.jpg --> 185.224.138.60 /domains/pgoh13.eu/public_html/free_site/travel/budapest city_park.jpg
121.01.05 17:01 B D:\free2\budapest\city_park300.jpg --> 185.224.138.60 /domains/pgoh13.eu/public_html/free_site/travel/budapest city_park300.jpg
121.01.05 17:01 B D:\free2\budapest\city_park400.jpg --> 185.224.138.60 /domains/pgoh13.eu/public_html/free_site/travel/budapest city_park400.jpg
121.01.05 17:01 B D:\free2\budapest\elizabethbridge_budapest.jpg --> 185.224.138.60 /domains/pgoh13.eu/public_html/free_site/travel/budapest elizabethbridge_budapest.jpg
121.01.05 17:01 B D:\free2\budapest\elizabethbridge_budapest300.jpg --> 185.224.138.60 /domains/pgoh13.eu/public_html/free_site/travel/budapest elizabethbridge_budapest300.jpg
121.01.05 17:01 B D:\free2\budapest\elizabethbridge_budapest400.jpg --> 185.224.138.60 /domains/pgoh13.eu/public_html/free_site/travel/budapest elizabethbridge_budapest400.jpg
121.01.05 17:02 B D:\free2\budapest\elizbridge_atnight.jpg --> 185.224.138.60 /domains/pgoh13.eu/public_html/free_site/travel/budapest elizbridge_atnight.jpg
121.01.05 17:02 B D:\free2\budapest\elizbridge_atnight300.jpg --> 185.224.138.60 /domains/pgoh13.eu/public_html/free_site/travel/budapest elizbridge_atnight300.jpg
121.01.05 17:02 B D:\free2\budapest\fishermens_bastion.jpg --> 185.224.138.60 /domains/pgoh13.eu/public_html/free_site/travel/budapest fishermens_bastion.jpg
121.01.05 17:02 B D:\free2\budapest\fishermens_bastion300.jpg --> 185.224.138.60 /domains/pgoh13.eu/public_html/free_site/travel/budapest fishermens_bastion300.jpg
121.01.05 17:02 B D:\free2\budapest\fishermens_bastion400.jpg --> 185.224.138.60 /domains/pgoh13.eu/public_html/free_site/travel/budapest fishermens_bastion400.jpg
121.01.05 17:02 B D:\free2\budapest\foodstall_market.jpg --> 185.224.138.60 /domains/pgoh13.eu/public_html/free_site/travel/budapest foodstall_market.jpg
121.01.05 17:02 B D:\free2\budapest\foodstall_market300.jpg --> 185.224.138.60 /domains/pgoh13.eu/public_html/free_site/travel/budapest foodstall_market300.jpg
121.01.05 17:02 B D:\free2\budapest\foodstall_market400.jpg --> 185.224.138.60 /domains/pgoh13.eu/public_html/free_site/travel/budapest foodstall_market400.jpg
121.01.05 17:02 B D:\free2\budapest\funicular_budahill.jpg --> 185.224.138.60 /domains/pgoh13.eu/public_html/free_site/travel/budapest funicular_budahill.jpg
121.01.05 17:02 B D:\free2\budapest\funicular_budahill300.jpg --> 185.224.138.60 /domains/pgoh13.eu/public_html/free_site/travel/budapest funicular_budahill300.jpg
121.01.05 17:02 B D:\free2\budapest\gellert_hilltop.jpg --> 185.224.138.60 /domains/pgoh13.eu/public_html/free_site/travel/budapest gellert_hilltop.jpg
121.01.05 17:02 B D:\free2\budapest\gellert_hilltop300.jpg --> 185.224.138.60 /domains/pgoh13.eu/public_html/free_site/travel/budapest gellert_hilltop300.jpg
121.01.05 17:02 B D:\free2\budapest\gellert_hilltop400.jpg --> 185.224.138.60 /domains/pgoh13.eu/public_html/free_site/travel/budapest gellert_hilltop400.jpg
121.01.05 17:02 B D:\free2\budapest\halaszle_fishsoup.jpg --> 185.224.138.60 /domains/pgoh13.eu/public_html/free_site/travel/budapest halaszle_fishsoup.jpg
121.01.05 17:02 B D:\free2\budapest\halaszle_fishsoup300.jpg --> 185.224.138.60 /domains/pgoh13.eu/public_html/free_site/travel/budapest halaszle_fishsoup300.jpg
121.01.05 17:02 B D:\free2\budapest\halaszle_fishsoup400.jpg --> 185.224.138.60 /domains/pgoh13.eu/public_html/free_site/travel/budapest halaszle_fishsoup400.jpg
121.01.05 17:02 B D:\free2\budapest\heroessquare_millenium.jpg --> 185.224.138.60 /domains/pgoh13.eu/public_html/free_site/travel/budapest heroessquare_millenium.jpg
121.01.05 17:02 B D:\free2\budapest\heroessquare_millenium300.jpg --> 185.224.138.60 /domains/pgoh13.eu/public_html/free_site/travel/budapest heroessquare_millenium300.jpg
121.01.05 17:02 B D:\free2\budapest\heroessquare_millenium400.jpg --> 185.224.138.60 /domains/pgoh13.eu/public_html/free_site/travel/budapest heroessquare_millenium400.jpg
121.01.05 17:02 B D:\free2\budapest\ImreBukta_painting.jpg --> 185.224.138.60 /domains/pgoh13.eu/public_html/free_site/travel/budapest ImreBukta_painting.jpg
121.01.05 17:02 B D:\free2\budapest\index.html --> 185.224.138.60 /domains/pgoh13.eu/public_html/free_site/travel/budapest index.html
121.01.05 17:02 B D:\free2\budapest\kalvin_ter.jpg --> 185.224.138.60 /domains/pgoh13.eu/public_html/free_site/travel/budapest kalvin_ter.jpg
121.01.05 17:02 B D:\free2\budapest\kalvin_ter300.jpg --> 185.224.138.60 /domains/pgoh13.eu/public_html/free_site/travel/budapest kalvin_ter300.jpg
121.01.05 17:02 B D:\free2\budapest\kalvin_ter400.jpg --> 185.224.138.60 /domains/pgoh13.eu/public_html/free_site/travel/budapest kalvin_ter400.jpg
121.01.05 17:02 B D:\free2\budapest\libertybridge_budapest.300.jpg --> 185.224.138.60 /domains/pgoh13.eu/public_html/free_site/travel/budapest libertybridge_budapest.300.jpg
121.01.05 17:02 B D:\free2\budapest\libertybridge_budapest.jpg --> 185.224.138.60 /domains/pgoh13.eu/public_html/free_site/travel/budapest libertybridge_budapest.jpg
121.01.05 17:02 B D:\free2\budapest\libertybridge_budapest400.jpg --> 185.224.138.60 /domains/pgoh13.eu/public_html/free_site/travel/budapest libertybridge_budapest400.jpg
121.01.05 17:02 B D:\free2\budapest\matthias_church.jpg --> 185.224.138.60 /domains/pgoh13.eu/public_html/free_site/travel/budapest matthias_church.jpg
121.01.05 17:02 B D:\free2\budapest\matthias_church300.jpg --> 185.224.138.60 /domains/pgoh13.eu/public_html/free_site/travel/budapest matthias_church300.jpg
121.01.05 17:02 B D:\free2\budapest\matthias_church400.jpg --> 185.224.138.60 /domains/pgoh13.eu/public_html/free_site/travel/budapest matthias_church400.jpg
121.01.05 17:02 B D:\free2\budapest\mucsarnok_museum.jpg --> 185.224.138.60 /domains/pgoh13.eu/public_html/free_site/travel/budapest mucsarnok_museum.jpg
121.01.05 17:02 B D:\free2\budapest\mucsarnok_museum400.jpg --> 185.224.138.60 /domains/pgoh13.eu/public_html/free_site/travel/budapest mucsarnok_museum400.jpg
121.01.05 17:02 B D:\free2\budapest\nationalmuseum_budapest.jpg --> 185.224.138.60 /domains/pgoh13.eu/public_html/free_site/travel/budapest nationalmuseum_budapest.jpg
121.01.05 17:02 B D:\free2\budapest\nationalmuseum_budapest300.jpg --> 185.224.138.60 /domains/pgoh13.eu/public_html/free_site/travel/budapest nationalmuseum_budapest300.jpg
121.01.05 17:02 B D:\free2\budapest\nationalmuseum_budapest400.jpg --> 185.224.138.60 /domains/pgoh13.eu/public_html/free_site/travel/budapest nationalmuseum_budapest400.jpg
121.01.05 17:02 B D:\free2\budapest\oldestmetro_lineone.jpg --> 185.224.138.60 /domains/pgoh13.eu/public_html/free_site/travel/budapest oldestmetro_lineone.jpg
121.01.05 17:02 B D:\free2\budapest\oldestmetro_lineone300.jpg --> 185.224.138.60 /domains/pgoh13.eu/public_html/free_site/travel/budapest oldestmetro_lineone300.jpg
121.01.05 17:02 B D:\free2\budapest\oldestmetro_lineone400.jpg --> 185.224.138.60 /domains/pgoh13.eu/public_html/free_site/travel/budapest oldestmetro_lineone400.jpg
121.01.05 17:02 B D:\free2\budapest\panoramic_bastion.jpg --> 185.224.138.60 /domains/pgoh13.eu/public_html/free_site/travel/budapest panoramic_bastion.jpg
121.01.05 17:02 B D:\free2\budapest\panoramic_bastion60.jpg --> 185.224.138.60 /domains/pgoh13.eu/public_html/free_site/travel/budapest panoramic_bastion60.jpg
121.01.05 17:02 B D:\free2\budapest\panoramic_bastion_ori.jpg --> 185.224.138.60 /domains/pgoh13.eu/public_html/free_site/travel/budapest panoramic_bastion_ori.jpg
121.01.05 17:02 B D:\free2\budapest\paprika_stall.jpg --> 185.224.138.60 /domains/pgoh13.eu/public_html/free_site/travel/budapest paprika_stall.jpg
121.01.05 17:02 B D:\free2\budapest\paprika_stall300.jpg --> 185.224.138.60 /domains/pgoh13.eu/public_html/free_site/travel/budapest paprika_stall300.jpg
121.01.05 17:02 B D:\free2\budapest\paprika_stall400.jpg --> 185.224.138.60 /domains/pgoh13.eu/public_html/free_site/travel/budapest paprika_stall400.jpg
121.01.05 17:02 B D:\free2\budapest\parliament_night.jpg --> 185.224.138.60 /domains/pgoh13.eu/public_html/free_site/travel/budapest parliament_night.jpg
121.01.05 17:02 B D:\free2\budapest\parliament_night300.jpg --> 185.224.138.60 /domains/pgoh13.eu/public_html/free_site/travel/budapest parliament_night300.jpg
121.01.05 17:02 B D:\free2\budapest\parliament_night400.jpg --> 185.224.138.60 /domains/pgoh13.eu/public_html/free_site/travel/budapest parliament_night400.jpg
121.01.05 17:02 B D:\free2\budapest\promenade_pestside.jpg --> 185.224.138.60 /domains/pgoh13.eu/public_html/free_site/travel/budapest promenade_pestside.jpg
121.01.05 17:02 B D:\free2\budapest\promenade_pestside300.jpg --> 185.224.138.60 /domains/pgoh13.eu/public_html/free_site/travel/budapest promenade_pestside300.jpg
121.01.05 17:02 B D:\free2\budapest\promenade_pestside400.jpg --> 185.224.138.60 /domains/pgoh13.eu/public_html/free_site/travel/budapest promenade_pestside400.jpg
121.01.05 17:02 B D:\free2\budapest\stickers_cheesestall.jpg --> 185.224.138.60 /domains/pgoh13.eu/public_html/free_site/travel/budapest stickers_cheesestall.jpg
121.01.05 17:02 B D:\free2\budapest\stickers_cheesestall300.jpg --> 185.224.138.60 /domains/pgoh13.eu/public_html/free_site/travel/budapest stickers_cheesestall300.jpg
121.01.05 17:02 B D:\free2\budapest\stickers_cheesestall400.jpg --> 185.224.138.60 /domains/pgoh13.eu/public_html/free_site/travel/budapest stickers_cheesestall400.jpg
121.01.05 17:02 B D:\free2\budapest\szechenyi_pool.jpg --> 185.224.138.60 /domains/pgoh13.eu/public_html/free_site/travel/budapest szechenyi_pool.jpg
121.01.05 17:03 B D:\free2\budapest\szechenyi_pool300.jpg --> 185.224.138.60 /domains/pgoh13.eu/public_html/free_site/travel/budapest szechenyi_pool300.jpg
121.01.05 17:03 B D:\free2\budapest\szechenyi_pool600.jpg --> 185.224.138.60 /domains/pgoh13.eu/public_html/free_site/travel/budapest szechenyi_pool600.jpg
121.01.05 17:03 B D:\free2\budapest\vaci_utca.jpg --> 185.224.138.60 /domains/pgoh13.eu/public_html/free_site/travel/budapest vaci_utca.jpg
121.01.05 17:03 B D:\free2\budapest\vaci_utca300.jpg --> 185.224.138.60 /domains/pgoh13.eu/public_html/free_site/travel/budapest vaci_utca300.jpg
121.01.05 17:03 B D:\free2\budapest\vaci_utca400.jpg --> 185.224.138.60 /domains/pgoh13.eu/public_html/free_site/travel/budapest vaci_utca400.jpg
121.01.05 17:03 B D:\free2\budapest\viewfrom_budahill.jpg --> 185.224.138.60 /domains/pgoh13.eu/public_html/free_site/travel/budapest viewfrom_budahill.jpg
121.01.05 17:03 B D:\free2\budapest\vorosmarty_square.jpg --> 185.224.138.60 /domains/pgoh13.eu/public_html/free_site/travel/budapest vorosmarty_square.jpg
121.01.05 17:03 B D:\free2\budapest\vorosmarty_square300.jpg --> 185.224.138.60 /domains/pgoh13.eu/public_html/free_site/travel/budapest vorosmarty_square300.jpg
121.01.05 17:03 B D:\free2\budapest\vorosmarty_square400.jpg --> 185.224.138.60 /domains/pgoh13.eu/public_html/free_site/travel/budapest vorosmarty_square400.jpg
121.01.13 23:04 B D:\free2\travel\budapest\WS_FTP.LOG <-- hostinger /domains/pgoh13.eu/public_html/free_site/travel/budapest WS_FTP.LOG
