121.01.13 22:46 B D:\free2\travel\amsterdam_pix\amsterdam_airport.jpg <-- hostinger /domains/pgoh13.eu/public_html/free_site/travel/amsterdam_pix amsterdam_airport.jpg
121.01.13 22:46 B D:\free2\travel\amsterdam_pix\amsterdam_airport250.jpg <-- hostinger /domains/pgoh13.eu/public_html/free_site/travel/amsterdam_pix amsterdam_airport250.jpg
121.01.13 22:46 B D:\free2\travel\amsterdam_pix\bicycle_king.jpg <-- hostinger /domains/pgoh13.eu/public_html/free_site/travel/amsterdam_pix bicycle_king.jpg
121.01.13 22:46 B D:\free2\travel\amsterdam_pix\boatfor_marken.jpg <-- hostinger /domains/pgoh13.eu/public_html/free_site/travel/amsterdam_pix boatfor_marken.jpg
121.01.13 22:46 B D:\free2\travel\amsterdam_pix\boatfor_marken250.jpg <-- hostinger /domains/pgoh13.eu/public_html/free_site/travel/amsterdam_pix boatfor_marken250.jpg
121.01.13 22:46 B D:\free2\travel\amsterdam_pix\boatfor_marken375.jpg <-- hostinger /domains/pgoh13.eu/public_html/free_site/travel/amsterdam_pix boatfor_marken375.jpg
121.01.13 22:46 B D:\free2\travel\amsterdam_pix\canal_scene.jpg <-- hostinger /domains/pgoh13.eu/public_html/free_site/travel/amsterdam_pix canal_scene.jpg
121.01.13 22:46 B D:\free2\travel\amsterdam_pix\canal_scene250.jpg <-- hostinger /domains/pgoh13.eu/public_html/free_site/travel/amsterdam_pix canal_scene250.jpg
121.01.13 22:46 B D:\free2\travel\amsterdam_pix\central_station.jpg <-- hostinger /domains/pgoh13.eu/public_html/free_site/travel/amsterdam_pix central_station.jpg
121.01.13 22:46 B D:\free2\travel\amsterdam_pix\central_station250.jpg <-- hostinger /domains/pgoh13.eu/public_html/free_site/travel/amsterdam_pix central_station250.jpg
121.01.13 22:46 B D:\free2\travel\amsterdam_pix\cheese_farm.jpg <-- hostinger /domains/pgoh13.eu/public_html/free_site/travel/amsterdam_pix cheese_farm.jpg
121.01.13 22:46 B D:\free2\travel\amsterdam_pix\cheese_farm350.jpg <-- hostinger /domains/pgoh13.eu/public_html/free_site/travel/amsterdam_pix cheese_farm350.jpg
121.01.13 22:46 B D:\free2\travel\amsterdam_pix\clogmaker.jpg <-- hostinger /domains/pgoh13.eu/public_html/free_site/travel/amsterdam_pix clogmaker.jpg
121.01.13 22:46 B D:\free2\travel\amsterdam_pix\clogmaker350.jpg <-- hostinger /domains/pgoh13.eu/public_html/free_site/travel/amsterdam_pix clogmaker350.jpg
121.01.13 22:46 B D:\free2\travel\amsterdam_pix\cubehouse_gsuan.jpg <-- hostinger /domains/pgoh13.eu/public_html/free_site/travel/amsterdam_pix cubehouse_gsuan.jpg
121.01.13 22:46 B D:\free2\travel\amsterdam_pix\dam_square.jpg <-- hostinger /domains/pgoh13.eu/public_html/free_site/travel/amsterdam_pix dam_square.jpg
121.01.13 22:46 B D:\free2\travel\amsterdam_pix\damsquare_crowd.jpg <-- hostinger /domains/pgoh13.eu/public_html/free_site/travel/amsterdam_pix damsquare_crowd.jpg
121.01.13 22:46 B D:\free2\travel\amsterdam_pix\delft_market.jpg <-- hostinger /domains/pgoh13.eu/public_html/free_site/travel/amsterdam_pix delft_market.jpg
121.01.13 22:46 B D:\free2\travel\amsterdam_pix\delft_market250.jpg <-- hostinger /domains/pgoh13.eu/public_html/free_site/travel/amsterdam_pix delft_market250.jpg
121.01.13 22:46 B D:\free2\travel\amsterdam_pix\delft_porcelain.jpg <-- hostinger /domains/pgoh13.eu/public_html/free_site/travel/amsterdam_pix delft_porcelain.jpg
121.01.13 22:46 B D:\free2\travel\amsterdam_pix\delft_porcelain250.jpg <-- hostinger /domains/pgoh13.eu/public_html/free_site/travel/amsterdam_pix delft_porcelain250.jpg
121.01.13 22:46 B D:\free2\travel\amsterdam_pix\delft_townhall.jpg <-- hostinger /domains/pgoh13.eu/public_html/free_site/travel/amsterdam_pix delft_townhall.jpg
121.01.13 22:46 B D:\free2\travel\amsterdam_pix\delft_townhall250.jpg <-- hostinger /domains/pgoh13.eu/public_html/free_site/travel/amsterdam_pix delft_townhall250.jpg
121.01.13 22:46 B D:\free2\travel\amsterdam_pix\floating_stalls.jpg <-- hostinger /domains/pgoh13.eu/public_html/free_site/travel/amsterdam_pix floating_stalls.jpg
121.01.13 22:46 B D:\free2\travel\amsterdam_pix\floating_stalls250.jpg <-- hostinger /domains/pgoh13.eu/public_html/free_site/travel/amsterdam_pix floating_stalls250.jpg
121.01.13 22:46 B D:\free2\travel\amsterdam_pix\flower_stall.jpg <-- hostinger /domains/pgoh13.eu/public_html/free_site/travel/amsterdam_pix flower_stall.jpg
121.01.13 22:46 B D:\free2\travel\amsterdam_pix\flower_stall250.jpg <-- hostinger /domains/pgoh13.eu/public_html/free_site/travel/amsterdam_pix flower_stall250.jpg
121.01.13 22:46 B D:\free2\travel\amsterdam_pix\green_house.jpg <-- hostinger /domains/pgoh13.eu/public_html/free_site/travel/amsterdam_pix green_house.jpg
121.01.13 22:46 B D:\free2\travel\amsterdam_pix\green_house430.jpg <-- hostinger /domains/pgoh13.eu/public_html/free_site/travel/amsterdam_pix green_house430.jpg
121.01.13 22:46 B D:\free2\travel\amsterdam_pix\houses_canal.jpg <-- hostinger /domains/pgoh13.eu/public_html/free_site/travel/amsterdam_pix houses_canal.jpg
121.01.13 22:46 B D:\free2\travel\amsterdam_pix\houses_canal250.jpg <-- hostinger /domains/pgoh13.eu/public_html/free_site/travel/amsterdam_pix houses_canal250.jpg
121.01.13 22:46 B D:\free2\travel\amsterdam_pix\marken_houses.jpg <-- hostinger /domains/pgoh13.eu/public_html/free_site/travel/amsterdam_pix marken_houses.jpg
121.01.13 22:46 B D:\free2\travel\amsterdam_pix\redlight_district.jpg <-- hostinger /domains/pgoh13.eu/public_html/free_site/travel/amsterdam_pix redlight_district.jpg
121.01.13 22:46 B D:\free2\travel\amsterdam_pix\redlight_district250.jpg <-- hostinger /domains/pgoh13.eu/public_html/free_site/travel/amsterdam_pix redlight_district250.jpg
121.01.13 22:46 B D:\free2\travel\amsterdam_pix\rembrandt_museum.jpg <-- hostinger /domains/pgoh13.eu/public_html/free_site/travel/amsterdam_pix rembrandt_museum.jpg
121.01.13 22:46 B D:\free2\travel\amsterdam_pix\rembrandt_museum250.jpg <-- hostinger /domains/pgoh13.eu/public_html/free_site/travel/amsterdam_pix rembrandt_museum250.jpg
121.01.13 22:46 B D:\free2\travel\amsterdam_pix\rotterdam_building.jpg <-- hostinger /domains/pgoh13.eu/public_html/free_site/travel/amsterdam_pix rotterdam_building.jpg
121.01.13 22:46 B D:\free2\travel\amsterdam_pix\rotterdam_building390.jpg <-- hostinger /domains/pgoh13.eu/public_html/free_site/travel/amsterdam_pix rotterdam_building390.jpg
121.01.13 22:46 B D:\free2\travel\amsterdam_pix\rotterdam_erasmus_bridge.jpg <-- hostinger /domains/pgoh13.eu/public_html/free_site/travel/amsterdam_pix rotterdam_erasmus_bridge.jpg
121.01.13 22:46 B D:\free2\travel\amsterdam_pix\rotterdam_euromast.jpg <-- hostinger /domains/pgoh13.eu/public_html/free_site/travel/amsterdam_pix rotterdam_euromast.jpg
121.01.13 22:46 B D:\free2\travel\amsterdam_pix\rotterdam_euromast390.jpg <-- hostinger /domains/pgoh13.eu/public_html/free_site/travel/amsterdam_pix rotterdam_euromast390.jpg
121.01.13 22:46 B D:\free2\travel\amsterdam_pix\sunset_amsterdam.jpg <-- hostinger /domains/pgoh13.eu/public_html/free_site/travel/amsterdam_pix sunset_amsterdam.jpg
121.01.13 22:46 B D:\free2\travel\amsterdam_pix\sunset_amsterdam250.jpg <-- hostinger /domains/pgoh13.eu/public_html/free_site/travel/amsterdam_pix sunset_amsterdam250.jpg
121.01.13 22:46 B D:\free2\travel\amsterdam_pix\tidbits_gsuan.jpg <-- hostinger /domains/pgoh13.eu/public_html/free_site/travel/amsterdam_pix tidbits_gsuan.jpg
121.01.13 22:46 B D:\free2\travel\amsterdam_pix\tidbits_gsuan375.jpg <-- hostinger /domains/pgoh13.eu/public_html/free_site/travel/amsterdam_pix tidbits_gsuan375.jpg
121.01.13 22:46 B D:\free2\travel\amsterdam_pix\volendam_banner.jpg <-- hostinger /domains/pgoh13.eu/public_html/free_site/travel/amsterdam_pix volendam_banner.jpg
121.01.13 22:46 B D:\free2\travel\amsterdam_pix\volendam_banner_ori.jpg <-- hostinger /domains/pgoh13.eu/public_html/free_site/travel/amsterdam_pix volendam_banner_ori.jpg
121.01.13 22:46 B D:\free2\travel\amsterdam_pix\volendam_harbour.jpg <-- hostinger /domains/pgoh13.eu/public_html/free_site/travel/amsterdam_pix volendam_harbour.jpg
121.01.13 22:46 B D:\free2\travel\amsterdam_pix\volendam_harbour250.jpg <-- hostinger /domains/pgoh13.eu/public_html/free_site/travel/amsterdam_pix volendam_harbour250.jpg
121.01.13 22:46 B D:\free2\travel\amsterdam_pix\volendam_harbour375.jpg <-- hostinger /domains/pgoh13.eu/public_html/free_site/travel/amsterdam_pix volendam_harbour375.jpg
121.01.13 22:46 B D:\free2\travel\amsterdam_pix\volendam_street.jpg <-- hostinger /domains/pgoh13.eu/public_html/free_site/travel/amsterdam_pix volendam_street.jpg
121.01.13 22:46 B D:\free2\travel\amsterdam_pix\volendam_street250.jpg <-- hostinger /domains/pgoh13.eu/public_html/free_site/travel/amsterdam_pix volendam_street250.jpg
121.01.13 22:46 B D:\free2\travel\amsterdam_pix\volendam_street375.jpg <-- hostinger /domains/pgoh13.eu/public_html/free_site/travel/amsterdam_pix volendam_street375.jpg
121.01.13 22:46 B D:\free2\travel\amsterdam_pix\waterlooplein_fleamarket.jpg <-- hostinger /domains/pgoh13.eu/public_html/free_site/travel/amsterdam_pix waterlooplein_fleamarket.jpg
121.01.13 22:46 B D:\free2\travel\amsterdam_pix\waterlooplein_fleamarket250.jpg <-- hostinger /domains/pgoh13.eu/public_html/free_site/travel/amsterdam_pix waterlooplein_fleamarket250.jpg
121.01.13 22:46 B D:\free2\travel\amsterdam_pix\windmills_zaans.jpg <-- hostinger /domains/pgoh13.eu/public_html/free_site/travel/amsterdam_pix windmills_zaans.jpg
121.01.13 22:46 B D:\free2\travel\amsterdam_pix\windmills_zaans250.jpg <-- hostinger /domains/pgoh13.eu/public_html/free_site/travel/amsterdam_pix windmills_zaans250.jpg
121.01.13 22:46 B D:\free2\travel\amsterdam_pix\zaans_windmills.jpg <-- hostinger /domains/pgoh13.eu/public_html/free_site/travel/amsterdam_pix zaans_windmills.jpg
121.01.13 22:47 B D:\free2\travel\amsterdam_pix\zeedijk_chinatown.jpg <-- hostinger /domains/pgoh13.eu/public_html/free_site/travel/amsterdam_pix zeedijk_chinatown.jpg
121.01.13 22:47 B D:\free2\travel\amsterdam_pix\zeedijk_chinatown250.jpg <-- hostinger /domains/pgoh13.eu/public_html/free_site/travel/amsterdam_pix zeedijk_chinatown250.jpg
121.01.14 19:09 B D:\free2\travel\amsterdam_pix\zeedijk_chinatown250.jpg --> ftpperso.free.fr /travel/amsterdam_pix zeedijk_chinatown250.jpg
121.01.14 19:09 B D:\free2\travel\amsterdam_pix\zeedijk_chinatown.jpg --> ftpperso.free.fr /travel/amsterdam_pix zeedijk_chinatown.jpg
