120.08.23 14:24 B D:\free2\maroc_pix\marrakech_nightlife450.jpg <-- free.fr /maroc_pix marrakech_nightlife450.jpg
120.08.23 14:24 B D:\free2\maroc_pix\marrakech_nightlife.jpg <-- free.fr /maroc_pix marrakech_nightlife.jpg
120.08.23 14:24 B D:\free2\maroc_pix\beach_football450.jpg <-- free.fr /maroc_pix beach_football450.jpg
120.08.23 14:24 B D:\free2\maroc_pix\beach_football.jpg <-- free.fr /maroc_pix beach_football.jpg
120.08.23 14:24 B D:\free2\maroc_pix\try_them_out300.jpg <-- free.fr /maroc_pix try_them_out300.jpg
120.08.23 14:24 B D:\free2\maroc_pix\traditional_musicians300.jpg <-- free.fr /maroc_pix traditional_musicians300.jpg
120.08.23 14:24 B D:\free2\maroc_pix\sunset_marrakech300.jpg <-- free.fr /maroc_pix sunset_marrakech300.jpg
120.08.23 14:24 B D:\free2\maroc_pix\sunset_casa300.jpg <-- free.fr /maroc_pix sunset_casa300.jpg
120.08.23 14:24 B D:\free2\maroc_pix\sunset_agadir450.jpg <-- free.fr /maroc_pix sunset_agadir450.jpg
120.08.23 14:24 B D:\free2\maroc_pix\street_musicians300.jpg <-- free.fr /maroc_pix street_musicians300.jpg
120.08.23 14:24 B D:\free2\maroc_pix\ricks_cafe300.jpg <-- free.fr /maroc_pix ricks_cafe300.jpg
120.08.23 14:24 B D:\free2\maroc_pix\ricks_cafe.jpg <-- free.fr /maroc_pix ricks_cafe.jpg
120.08.23 14:24 B D:\free2\maroc_pix\rabat_souk_entrance300.jpg <-- free.fr /maroc_pix rabat_souk_entrance300.jpg
120.08.23 14:24 B D:\free2\maroc_pix\rabat_oudaia_gates300.jpg <-- free.fr /maroc_pix rabat_oudaia_gates300.jpg
120.08.23 14:24 B D:\free2\maroc_pix\rabat_mausoleum300.jpg <-- free.fr /maroc_pix rabat_mausoleum300.jpg
120.08.23 14:24 B D:\free2\maroc_pix\rabat_hassantowerV300.jpg <-- free.fr /maroc_pix rabat_hassantowerV300.jpg
120.08.23 14:24 B D:\free2\maroc_pix\rabat_hassantower_entrance300.jpg <-- free.fr /maroc_pix rabat_hassantower_entrance300.jpg
120.08.23 14:24 B D:\free2\maroc_pix\rabat_hassantower300.jpg <-- free.fr /maroc_pix rabat_hassantower300.jpg
120.08.23 14:24 B D:\free2\maroc_pix\rabat_entrance_medina300.jpg <-- free.fr /maroc_pix rabat_entrance_medina300.jpg
120.08.23 14:24 B D:\free2\maroc_pix\rabat_beach_oudaia300.jpg <-- free.fr /maroc_pix rabat_beach_oudaia300.jpg
120.08.23 14:24 B D:\free2\maroc_pix\orangetrees_marrakech300.jpg <-- free.fr /maroc_pix orangetrees_marrakech300.jpg
120.08.23 14:24 B D:\free2\maroc_pix\orange_juice300.jpg <-- free.fr /maroc_pix orange_juice300.jpg
120.08.23 14:24 B D:\free2\maroc_pix\nomans_land300.jpg <-- free.fr /maroc_pix nomans_land300.jpg
120.08.23 14:24 B D:\free2\maroc_pix\necropolis_chellah300.jpg <-- free.fr /maroc_pix necropolis_chellah300.jpg
120.08.23 14:24 B D:\free2\maroc_pix\motto_morocco450.jpg <-- free.fr /maroc_pix motto_morocco450.jpg
120.08.23 14:24 B D:\free2\maroc_pix\mosque_habbous300.jpg <-- free.fr /maroc_pix mosque_habbous300.jpg
120.08.23 14:24 B D:\free2\maroc_pix\medicine_man300.jpg <-- free.fr /maroc_pix medicine_man300.jpg
120.08.23 14:24 B D:\free2\maroc_pix\marrakech_nightlife300.jpg <-- free.fr /maroc_pix marrakech_nightlife300.jpg
120.08.23 14:24 B D:\free2\maroc_pix\marrakech_gare300.jpg <-- free.fr /maroc_pix marrakech_gare300.jpg
120.08.23 14:24 B D:\free2\maroc_pix\marrakech_caleche300.jpg <-- free.fr /maroc_pix marrakech_caleche300.jpg
120.08.23 14:24 B D:\free2\maroc_pix\marrakech_airport300.jpg <-- free.fr /maroc_pix marrakech_airport300.jpg
120.08.23 14:24 B D:\free2\maroc_pix\lambsbrain_andall300.jpg <-- free.fr /maroc_pix lambsbrain_andall300.jpg
120.08.23 14:24 B D:\free2\maroc_pix\lambsbrain_andall.jpg <-- free.fr /maroc_pix lambsbrain_andall.jpg
120.08.23 14:24 B D:\free2\maroc_pix\koutoubia_marrakech450.jpg <-- free.fr /maroc_pix koutoubia_marrakech450.jpg
120.08.23 14:24 B D:\free2\maroc_pix\koutoubia_marrakech300.jpg <-- free.fr /maroc_pix koutoubia_marrakech300.jpg
120.08.23 14:24 B D:\free2\maroc_pix\habbous_casaV300.jpg <-- free.fr /maroc_pix habbous_casaV300.jpg
120.08.23 14:24 B D:\free2\maroc_pix\habbous_casa300.jpg <-- free.fr /maroc_pix habbous_casa300.jpg
120.08.23 14:24 B D:\free2\maroc_pix\gueliz_marrakech300.jpg <-- free.fr /maroc_pix gueliz_marrakech300.jpg
120.08.23 14:24 B D:\free2\maroc_pix\ginseng_teastall300.jpg <-- free.fr /maroc_pix ginseng_teastall300.jpg
120.08.23 14:24 B D:\free2\maroc_pix\friedfish_eggplants300.jpg <-- free.fr /maroc_pix friedfish_eggplants300.jpg
120.08.23 14:24 B D:\free2\maroc_pix\foodstalls_everywhere300.jpg <-- free.fr /maroc_pix foodstalls_everywhere300.jpg
120.08.23 14:24 B D:\free2\maroc_pix\fishing_forbottles300.jpg <-- free.fr /maroc_pix fishing_forbottles300.jpg
120.08.23 14:24 B D:\free2\maroc_pix\djemaa_nightime300.jpg <-- free.fr /maroc_pix djemaa_nightime300.jpg
120.08.23 14:24 B D:\free2\maroc_pix\djemaa_daytime300.jpg <-- free.fr /maroc_pix djemaa_daytime300.jpg
120.08.23 14:24 B D:\free2\maroc_pix\corniche_frommosque300.jpg <-- free.fr /maroc_pix corniche_frommosque300.jpg
120.08.23 14:24 B D:\free2\maroc_pix\cobra_charmer300.jpg <-- free.fr /maroc_pix cobra_charmer300.jpg
120.08.23 14:24 B D:\free2\maroc_pix\child_performers300.jpg <-- free.fr /maroc_pix child_performers300.jpg
120.08.23 14:24 B D:\free2\maroc_pix\chellah_storks300.jpg <-- free.fr /maroc_pix chellah_storks300.jpg
120.08.23 14:24 B D:\free2\maroc_pix\chellah_signboards300.jpg <-- free.fr /maroc_pix chellah_signboards300.jpg
120.08.23 14:24 B D:\free2\maroc_pix\casa_royalpalace300.jpg <-- free.fr /maroc_pix casa_royalpalace300.jpg
120.08.23 14:24 B D:\free2\maroc_pix\casa_pigeons_fountain300.jpg <-- free.fr /maroc_pix casa_pigeons_fountain300.jpg
120.08.23 14:24 B D:\free2\maroc_pix\casa_marabout300.jpg <-- free.fr /maroc_pix casa_marabout300.jpg
120.08.23 14:24 B D:\free2\maroc_pix\casa_Hassanmosque300.jpg <-- free.fr /maroc_pix casa_Hassanmosque300.jpg
120.08.23 14:24 B D:\free2\maroc_pix\casa_esplanade300.jpg <-- free.fr /maroc_pix casa_esplanade300.jpg
120.08.23 14:24 B D:\free2\maroc_pix\casa_cmarket300.jpg <-- free.fr /maroc_pix casa_cmarket300.jpg
120.08.23 14:24 B D:\free2\maroc_pix\Casa_clock_mohdV300.jpg <-- free.fr /maroc_pix Casa_clock_mohdV300.jpg
120.08.23 14:24 B D:\free2\maroc_pix\arabian_lights300.jpg <-- free.fr /maroc_pix arabian_lights300.jpg
120.08.23 14:24 B D:\free2\maroc_pix\agadir_souk450.jpg <-- free.fr /maroc_pix agadir_souk450.jpg
120.08.23 14:24 B D:\free2\maroc_pix\agadir_mosque450.jpg <-- free.fr /maroc_pix agadir_mosque450.jpg
120.08.23 14:24 B D:\free2\maroc_pix\agadir_esplanade450.jpg <-- free.fr /maroc_pix agadir_esplanade450.jpg
120.08.23 14:24 B D:\free2\maroc_pix\lamb_tagine.jpg <-- free.fr /maroc_pix lamb_tagine.jpg
120.08.23 14:24 B D:\free2\maroc_pix\try_them_out.jpg <-- free.fr /maroc_pix try_them_out.jpg
120.08.23 14:24 B D:\free2\maroc_pix\traditional_musicians.jpg <-- free.fr /maroc_pix traditional_musicians.jpg
120.08.23 14:24 B D:\free2\maroc_pix\sunset_marrakech.jpg <-- free.fr /maroc_pix sunset_marrakech.jpg
120.08.23 14:24 B D:\free2\maroc_pix\sunset_casa.jpg <-- free.fr /maroc_pix sunset_casa.jpg
120.08.23 14:24 B D:\free2\maroc_pix\sunset_agadir.jpg <-- free.fr /maroc_pix sunset_agadir.jpg
120.08.23 14:24 B D:\free2\maroc_pix\street_musicians.jpg <-- free.fr /maroc_pix street_musicians.jpg
120.08.23 14:24 B D:\free2\maroc_pix\rabat_souk_entrance.jpg <-- free.fr /maroc_pix rabat_souk_entrance.jpg
120.08.23 14:24 B D:\free2\maroc_pix\rabat_oudaia_gates.jpg <-- free.fr /maroc_pix rabat_oudaia_gates.jpg
120.08.23 14:24 B D:\free2\maroc_pix\rabat_mausoleum.jpg <-- free.fr /maroc_pix rabat_mausoleum.jpg
120.08.23 14:24 B D:\free2\maroc_pix\rabat_hassantowerV.jpg <-- free.fr /maroc_pix rabat_hassantowerV.jpg
120.08.23 14:24 B D:\free2\maroc_pix\rabat_hassantower_entrance.jpg <-- free.fr /maroc_pix rabat_hassantower_entrance.jpg
120.08.23 14:24 B D:\free2\maroc_pix\rabat_hassantower.jpg <-- free.fr /maroc_pix rabat_hassantower.jpg
120.08.23 14:24 B D:\free2\maroc_pix\rabat_entrance_medina.jpg <-- free.fr /maroc_pix rabat_entrance_medina.jpg
120.08.23 14:24 B D:\free2\maroc_pix\rabat_beach_oudaia.jpg <-- free.fr /maroc_pix rabat_beach_oudaia.jpg
120.08.23 14:24 B D:\free2\maroc_pix\orangetrees_marrakech.jpg <-- free.fr /maroc_pix orangetrees_marrakech.jpg
120.08.23 14:24 B D:\free2\maroc_pix\orange_juice.jpg <-- free.fr /maroc_pix orange_juice.jpg
120.08.23 14:24 B D:\free2\maroc_pix\nomans_land.jpg <-- free.fr /maroc_pix nomans_land.jpg
120.08.23 14:24 B D:\free2\maroc_pix\necropolis_chellah.jpg <-- free.fr /maroc_pix necropolis_chellah.jpg
120.08.23 14:24 B D:\free2\maroc_pix\motto_morocco2.jpg <-- free.fr /maroc_pix motto_morocco2.jpg
120.08.23 14:24 B D:\free2\maroc_pix\motto_morocco.jpg <-- free.fr /maroc_pix motto_morocco.jpg
120.08.23 14:24 B D:\free2\maroc_pix\mosque_habbous.jpg <-- free.fr /maroc_pix mosque_habbous.jpg
120.08.23 14:24 B D:\free2\maroc_pix\medicine_man.jpg <-- free.fr /maroc_pix medicine_man.jpg
120.08.23 14:24 B D:\free2\maroc_pix\marrakech_souk.jpg <-- free.fr /maroc_pix marrakech_souk.jpg
120.08.23 14:24 B D:\free2\maroc_pix\marrakech_gare2.jpg <-- free.fr /maroc_pix marrakech_gare2.jpg
120.08.23 14:24 B D:\free2\maroc_pix\marrakech_gare.jpg <-- free.fr /maroc_pix marrakech_gare.jpg
120.08.23 14:24 B D:\free2\maroc_pix\marrakech_caleche.jpg <-- free.fr /maroc_pix marrakech_caleche.jpg
120.08.23 14:24 B D:\free2\maroc_pix\marrakech_airport.jpg <-- free.fr /maroc_pix marrakech_airport.jpg
120.08.23 14:24 B D:\free2\maroc_pix\koutoubia_marrakech.jpg <-- free.fr /maroc_pix koutoubia_marrakech.jpg
120.08.23 14:24 B D:\free2\maroc_pix\habbous_casaV.jpg <-- free.fr /maroc_pix habbous_casaV.jpg
120.08.23 14:24 B D:\free2\maroc_pix\habbous_casa.jpg <-- free.fr /maroc_pix habbous_casa.jpg
120.08.23 14:24 B D:\free2\maroc_pix\gueliz_marrakech.jpg <-- free.fr /maroc_pix gueliz_marrakech.jpg
120.08.23 14:24 B D:\free2\maroc_pix\ginseng_teastall.jpg <-- free.fr /maroc_pix ginseng_teastall.jpg
120.08.23 14:24 B D:\free2\maroc_pix\from_casa_yh.jpg <-- free.fr /maroc_pix from_casa_yh.jpg
120.08.23 14:24 B D:\free2\maroc_pix\friedfish_eggplants.jpg <-- free.fr /maroc_pix friedfish_eggplants.jpg
120.08.23 14:24 B D:\free2\maroc_pix\for_banner.jpg <-- free.fr /maroc_pix for_banner.jpg
120.08.23 14:24 B D:\free2\maroc_pix\foodstalls_everywhere2.jpg <-- free.fr /maroc_pix foodstalls_everywhere2.jpg
120.08.23 14:24 B D:\free2\maroc_pix\foodstalls_everywhere.jpg <-- free.fr /maroc_pix foodstalls_everywhere.jpg
120.08.23 14:24 B D:\free2\maroc_pix\fishing_forbottles.jpg <-- free.fr /maroc_pix fishing_forbottles.jpg
120.08.23 14:24 B D:\free2\maroc_pix\djemaa_nightime.jpg <-- free.fr /maroc_pix djemaa_nightime.jpg
120.08.23 14:24 B D:\free2\maroc_pix\djemaa_daytime.jpg <-- free.fr /maroc_pix djemaa_daytime.jpg
120.08.23 14:24 B D:\free2\maroc_pix\corniche_frommosque.jpg <-- free.fr /maroc_pix corniche_frommosque.jpg
120.08.23 14:24 B D:\free2\maroc_pix\cobra_charmer.jpg <-- free.fr /maroc_pix cobra_charmer.jpg
120.08.23 14:24 B D:\free2\maroc_pix\child_performers.jpg <-- free.fr /maroc_pix child_performers.jpg
120.08.23 14:24 B D:\free2\maroc_pix\chellah_storks.jpg <-- free.fr /maroc_pix chellah_storks.jpg
120.08.23 14:24 B D:\free2\maroc_pix\chellah_signboards.jpg <-- free.fr /maroc_pix chellah_signboards.jpg
120.08.23 14:24 B D:\free2\maroc_pix\casa_royalpalace.jpg <-- free.fr /maroc_pix casa_royalpalace.jpg
120.08.23 14:24 B D:\free2\maroc_pix\casa_pigeons_fountain.jpg <-- free.fr /maroc_pix casa_pigeons_fountain.jpg
120.08.23 14:24 B D:\free2\maroc_pix\casa_marabout.jpg <-- free.fr /maroc_pix casa_marabout.jpg
120.08.23 14:24 B D:\free2\maroc_pix\casa_Hassanmosque.jpg <-- free.fr /maroc_pix casa_Hassanmosque.jpg
120.08.23 14:24 B D:\free2\maroc_pix\casa_esplanade.jpg <-- free.fr /maroc_pix casa_esplanade.jpg
120.08.23 14:24 B D:\free2\maroc_pix\casa_cmarket.jpg <-- free.fr /maroc_pix casa_cmarket.jpg
120.08.23 14:24 B D:\free2\maroc_pix\Casa_clock_mohdV.jpg <-- free.fr /maroc_pix Casa_clock_mohdV.jpg
120.08.23 14:24 B D:\free2\maroc_pix\arabian_lights.jpg <-- free.fr /maroc_pix arabian_lights.jpg
120.08.23 14:24 B D:\free2\maroc_pix\agadir_souk.jpg <-- free.fr /maroc_pix agadir_souk.jpg
120.08.23 14:24 B D:\free2\maroc_pix\agadir_mosque.jpg <-- free.fr /maroc_pix agadir_mosque.jpg
120.08.23 14:24 B D:\free2\maroc_pix\agadir_esplanade.jpg <-- free.fr /maroc_pix agadir_esplanade.jpg
121.01.13 23:14 B D:\free2\travel\maroc_pix\WS_FTP.LOG <-- hostinger /domains/pgoh13.eu/public_html/free_site/travel/maroc_pix WS_FTP.LOG
