121.01.14 20:40 B D:\eu_site\free_site\travel\venice_pix\viewfrom_rialtobridge.jpg <-- hostinger /domains/pgoh13.eu/public_html/free_site/travel/venice_pix viewfrom_rialtobridge.jpg
121.01.14 20:40 B D:\eu_site\free_site\travel\venice_pix\venise_masks.jpg <-- hostinger /domains/pgoh13.eu/public_html/free_site/travel/venice_pix venise_masks.jpg
121.01.14 20:40 B D:\eu_site\free_site\travel\venice_pix\venice_pigeons.jpg <-- hostinger /domains/pgoh13.eu/public_html/free_site/travel/venice_pix venice_pigeons.jpg
121.01.14 20:40 B D:\eu_site\free_site\travel\venice_pix\venice_nightshopping.jpg <-- hostinger /domains/pgoh13.eu/public_html/free_site/travel/venice_pix venice_nightshopping.jpg
121.01.14 20:40 B D:\eu_site\free_site\travel\venice_pix\vaporetto_resized.jpg <-- hostinger /domains/pgoh13.eu/public_html/free_site/travel/venice_pix vaporetto_resized.jpg
121.01.14 20:40 B D:\eu_site\free_site\travel\venice_pix\vaporetto_lines.jpg <-- hostinger /domains/pgoh13.eu/public_html/free_site/travel/venice_pix vaporetto_lines.jpg
121.01.14 20:40 B D:\eu_site\free_site\travel\venice_pix\vaporetto_boat.jpg <-- hostinger /domains/pgoh13.eu/public_html/free_site/travel/venice_pix vaporetto_boat.jpg
121.01.14 20:40 B D:\eu_site\free_site\travel\venice_pix\traghetto_standingroomonly.jpg <-- hostinger /domains/pgoh13.eu/public_html/free_site/travel/venice_pix traghetto_standingroomonly.jpg
121.01.14 20:40 B D:\eu_site\free_site\travel\venice_pix\sunset_venice750.jpg <-- hostinger /domains/pgoh13.eu/public_html/free_site/travel/venice_pix sunset_venice750.jpg
121.01.14 20:40 B D:\eu_site\free_site\travel\venice_pix\sunset_venice250.jpg <-- hostinger /domains/pgoh13.eu/public_html/free_site/travel/venice_pix sunset_venice250.jpg
121.01.14 20:40 B D:\eu_site\free_site\travel\venice_pix\sunset_venice.jpg <-- hostinger /domains/pgoh13.eu/public_html/free_site/travel/venice_pix sunset_venice.jpg
121.01.14 20:40 B D:\eu_site\free_site\travel\venice_pix\streets_ofvenice.jpg <-- hostinger /domains/pgoh13.eu/public_html/free_site/travel/venice_pix streets_ofvenice.jpg
121.01.14 20:40 B D:\eu_site\free_site\travel\venice_pix\stmarks_teaser.jpg <-- hostinger /domains/pgoh13.eu/public_html/free_site/travel/venice_pix stmarks_teaser.jpg
121.01.14 20:40 B D:\eu_site\free_site\travel\venice_pix\stmarks_square.jpg <-- hostinger /domains/pgoh13.eu/public_html/free_site/travel/venice_pix stmarks_square.jpg
121.01.14 20:40 B D:\eu_site\free_site\travel\venice_pix\shopping_toCapdOro.jpg <-- hostinger /domains/pgoh13.eu/public_html/free_site/travel/venice_pix shopping_toCapdOro.jpg
121.01.14 20:40 B D:\eu_site\free_site\travel\venice_pix\shipyard_giudecca.jpg <-- hostinger /domains/pgoh13.eu/public_html/free_site/travel/venice_pix shipyard_giudecca.jpg
121.01.14 20:40 B D:\eu_site\free_site\travel\venice_pix\scalzi_bridge.jpg <-- hostinger /domains/pgoh13.eu/public_html/free_site/travel/venice_pix scalzi_bridge.jpg
121.01.14 20:40 B D:\eu_site\free_site\travel\venice_pix\santalucia_station.jpg <-- hostinger /domains/pgoh13.eu/public_html/free_site/travel/venice_pix santalucia_station.jpg
121.01.14 20:40 B D:\eu_site\free_site\travel\venice_pix\rialto_bridge.jpg <-- hostinger /domains/pgoh13.eu/public_html/free_site/travel/venice_pix rialto_bridge.jpg
121.01.14 20:40 B D:\eu_site\free_site\travel\venice_pix\reflections_atnight.jpg <-- hostinger /domains/pgoh13.eu/public_html/free_site/travel/venice_pix reflections_atnight.jpg
121.01.14 20:40 B D:\eu_site\free_site\travel\venice_pix\redentore_church.jpg <-- hostinger /domains/pgoh13.eu/public_html/free_site/travel/venice_pix redentore_church.jpg
121.01.14 20:40 B D:\eu_site\free_site\travel\venice_pix\ostello_venice.jpg <-- hostinger /domains/pgoh13.eu/public_html/free_site/travel/venice_pix ostello_venice.jpg
121.01.14 20:40 B D:\eu_site\free_site\travel\venice_pix\oneof_over150canals.jpg <-- hostinger /domains/pgoh13.eu/public_html/free_site/travel/venice_pix oneof_over150canals.jpg
121.01.14 20:40 B D:\eu_site\free_site\travel\venice_pix\night_magical.jpg <-- hostinger /domains/pgoh13.eu/public_html/free_site/travel/venice_pix night_magical.jpg
121.01.14 20:40 B D:\eu_site\free_site\travel\venice_pix\narrow_lane.jpg <-- hostinger /domains/pgoh13.eu/public_html/free_site/travel/venice_pix narrow_lane.jpg
121.01.14 20:40 B D:\eu_site\free_site\travel\venice_pix\lido_beach.jpg <-- hostinger /domains/pgoh13.eu/public_html/free_site/travel/venice_pix lido_beach.jpg
121.01.14 20:40 B D:\eu_site\free_site\travel\venice_pix\jewish_ghetto2.jpg <-- hostinger /domains/pgoh13.eu/public_html/free_site/travel/venice_pix jewish_ghetto2.jpg
121.01.14 20:40 B D:\eu_site\free_site\travel\venice_pix\jewish_ghetto1.jpg <-- hostinger /domains/pgoh13.eu/public_html/free_site/travel/venice_pix jewish_ghetto1.jpg
121.01.14 20:40 B D:\eu_site\free_site\travel\venice_pix\hotel_desbains.jpg <-- hostinger /domains/pgoh13.eu/public_html/free_site/travel/venice_pix hotel_desbains.jpg
121.01.14 20:40 B D:\eu_site\free_site\travel\venice_pix\grand_canal.jpg <-- hostinger /domains/pgoh13.eu/public_html/free_site/travel/venice_pix grand_canal.jpg
121.01.14 20:40 B D:\eu_site\free_site\travel\venice_pix\gondola_ride.jpg <-- hostinger /domains/pgoh13.eu/public_html/free_site/travel/venice_pix gondola_ride.jpg
121.01.14 20:40 B D:\eu_site\free_site\travel\venice_pix\ghetto_info.jpg <-- hostinger /domains/pgoh13.eu/public_html/free_site/travel/venice_pix ghetto_info.jpg
121.01.14 20:40 B D:\eu_site\free_site\travel\venice_pix\erberia_market.jpg <-- hostinger /domains/pgoh13.eu/public_html/free_site/travel/venice_pix erberia_market.jpg
121.01.14 20:40 B D:\eu_site\free_site\travel\venice_pix\doges_palace.jpg <-- hostinger /domains/pgoh13.eu/public_html/free_site/travel/venice_pix doges_palace.jpg
121.01.14 20:40 B D:\eu_site\free_site\travel\venice_pix\calatrava_bridge_kiv.jpg <-- hostinger /domains/pgoh13.eu/public_html/free_site/travel/venice_pix calatrava_bridge_kiv.jpg
121.01.14 20:40 B D:\eu_site\free_site\travel\venice_pix\calatrava_bridge.jpg <-- hostinger /domains/pgoh13.eu/public_html/free_site/travel/venice_pix calatrava_bridge.jpg
121.01.14 20:40 B D:\eu_site\free_site\travel\venice_pix\ca'_d'oro.jpg <-- hostinger /domains/pgoh13.eu/public_html/free_site/travel/venice_pix ca'_d'oro.jpg
121.01.14 20:40 B D:\eu_site\free_site\travel\venice_pix\basilicadi_sanmarco.jpg <-- hostinger /domains/pgoh13.eu/public_html/free_site/travel/venice_pix basilicadi_sanmarco.jpg
121.01.14 20:40 B D:\eu_site\free_site\travel\venice_pix\approaching_lido.jpg <-- hostinger /domains/pgoh13.eu/public_html/free_site/travel/venice_pix approaching_lido.jpg
