118.01.23 14:28 B G:\ixweb_for_free\prague\index.html <-- ixwebhosting /pgoh13.com/prague index.html
118.01.23 14:28 B G:\ixweb_for_free\prague\cubism750.jpg <-- ixwebhosting /pgoh13.com/prague cubism750.jpg
118.01.23 14:28 B G:\ixweb_for_free\prague\wenceslas_stall390.jpg <-- ixwebhosting /pgoh13.com/prague wenceslas_stall390.jpg
118.01.23 14:28 B G:\ixweb_for_free\prague\wenceslas_crowd390.jpg <-- ixwebhosting /pgoh13.com/prague wenceslas_crowd390.jpg
118.01.23 14:28 B G:\ixweb_for_free\prague\tv_tower2390.jpg <-- ixwebhosting /pgoh13.com/prague tv_tower2390.jpg
118.01.23 14:28 B G:\ixweb_for_free\prague\tv_tower1390.jpg <-- ixwebhosting /pgoh13.com/prague tv_tower1390.jpg
118.01.23 14:28 B G:\ixweb_for_free\prague\petrinhill_steps250.jpg <-- ixwebhosting /pgoh13.com/prague petrinhill_steps250.jpg
118.01.23 14:28 B G:\ixweb_for_free\prague\petrin_towerv250.jpg <-- ixwebhosting /pgoh13.com/prague petrin_towerv250.jpg
118.01.23 14:28 B G:\ixweb_for_free\prague\palladiumv250.jpg <-- ixwebhosting /pgoh13.com/prague palladiumv250.jpg
118.01.23 14:28 B G:\ixweb_for_free\prague\metro_escalator250.jpg <-- ixwebhosting /pgoh13.com/prague metro_escalator250.jpg
118.01.23 14:28 B G:\ixweb_for_free\prague\goulash250.jpg <-- ixwebhosting /pgoh13.com/prague goulash250.jpg
118.01.23 14:28 B G:\ixweb_for_free\prague\garden_uphill250.jpg <-- ixwebhosting /pgoh13.com/prague garden_uphill250.jpg
118.01.23 14:28 B G:\ixweb_for_free\prague\funicular_petrin250.jpg <-- ixwebhosting /pgoh13.com/prague funicular_petrin250.jpg
118.01.23 14:28 B G:\ixweb_for_free\prague\czech_humour750.jpg <-- ixwebhosting /pgoh13.com/prague czech_humour750.jpg
118.01.23 14:28 B G:\ixweb_for_free\prague\changing_guards250.jpg <-- ixwebhosting /pgoh13.com/prague changing_guards250.jpg
118.01.23 14:28 B G:\ixweb_for_free\prague\dancing_house400.jpg <-- ixwebhosting /pgoh13.com/prague dancing_house400.jpg
118.01.23 14:28 B G:\ixweb_for_free\prague\dancing_house250.jpg <-- ixwebhosting /pgoh13.com/prague dancing_house250.jpg
118.01.23 14:28 B G:\ixweb_for_free\prague\dancing_house.jpg <-- ixwebhosting /pgoh13.com/prague dancing_house.jpg
118.01.23 14:28 B G:\ixweb_for_free\prague\oldtown_squarenight250.jpg <-- ixwebhosting /pgoh13.com/prague oldtown_squarenight250.jpg
118.01.23 14:28 B G:\ixweb_for_free\prague\oldtown_squarenight.jpg <-- ixwebhosting /pgoh13.com/prague oldtown_squarenight.jpg
118.01.23 14:28 B G:\ixweb_for_free\prague\wenceslas_stall.jpg <-- ixwebhosting /pgoh13.com/prague wenceslas_stall.jpg
118.01.23 14:28 B G:\ixweb_for_free\prague\wenceslas_crowd.jpg <-- ixwebhosting /pgoh13.com/prague wenceslas_crowd.jpg
118.01.23 14:28 B G:\ixweb_for_free\prague\viewfrom_petrinhill.jpg <-- ixwebhosting /pgoh13.com/prague viewfrom_petrinhill.jpg
118.01.23 14:28 B G:\ixweb_for_free\prague\tv_tower2.jpg <-- ixwebhosting /pgoh13.com/prague tv_tower2.jpg
118.01.23 14:28 B G:\ixweb_for_free\prague\tv_tower1.jpg <-- ixwebhosting /pgoh13.com/prague tv_tower1.jpg
118.01.23 14:28 B G:\ixweb_for_free\prague\street_art250.jpg <-- ixwebhosting /pgoh13.com/prague street_art250.jpg
118.01.23 14:29 B G:\ixweb_for_free\prague\street_art.jpg <-- ixwebhosting /pgoh13.com/prague street_art.jpg
118.01.23 14:29 B G:\ixweb_for_free\prague\statue_night200.jpg <-- ixwebhosting /pgoh13.com/prague statue_night200.jpg
118.01.23 14:29 B G:\ixweb_for_free\prague\statue_night.jpg <-- ixwebhosting /pgoh13.com/prague statue_night.jpg
118.01.23 14:29 B G:\ixweb_for_free\prague\statue_day200.jpg <-- ixwebhosting /pgoh13.com/prague statue_day200.jpg
118.01.23 14:29 B G:\ixweb_for_free\prague\statue_day.jpg <-- ixwebhosting /pgoh13.com/prague statue_day.jpg
118.01.23 14:29 B G:\ixweb_for_free\prague\prague_kiv.php <-- ixwebhosting /pgoh13.com/prague prague_kiv.php
118.01.23 14:29 B G:\ixweb_for_free\prague\prague_banner.jpg <-- ixwebhosting /pgoh13.com/prague prague_banner.jpg
118.01.23 14:29 B G:\ixweb_for_free\prague\petrinhill_steps.jpg <-- ixwebhosting /pgoh13.com/prague petrinhill_steps.jpg
118.01.23 14:29 B G:\ixweb_for_free\prague\petrin_towerv.jpg <-- ixwebhosting /pgoh13.com/prague petrin_towerv.jpg
118.01.23 14:29 B G:\ixweb_for_free\prague\petrin_towerh.jpg <-- ixwebhosting /pgoh13.com/prague petrin_towerh.jpg
118.01.23 14:29 B G:\ixweb_for_free\prague\palladiumv.jpg <-- ixwebhosting /pgoh13.com/prague palladiumv.jpg
118.01.23 14:29 B G:\ixweb_for_free\prague\palladiumh.jpg <-- ixwebhosting /pgoh13.com/prague palladiumh.jpg
118.01.23 14:29 B G:\ixweb_for_free\prague\oldtown_squareday.jpg <-- ixwebhosting /pgoh13.com/prague oldtown_squareday.jpg
118.01.23 14:29 B G:\ixweb_for_free\prague\nicholas_church.JPG <-- ixwebhosting /pgoh13.com/prague nicholas_church.JPG
118.01.23 14:29 B G:\ixweb_for_free\prague\metro_escalator_kiv.jpg <-- ixwebhosting /pgoh13.com/prague metro_escalator_kiv.jpg
118.01.23 14:29 B G:\ixweb_for_free\prague\metro_escalator.jpg <-- ixwebhosting /pgoh13.com/prague metro_escalator.jpg
118.01.23 14:29 B G:\ixweb_for_free\prague\main_market.jpg <-- ixwebhosting /pgoh13.com/prague main_market.jpg
118.01.23 14:29 B G:\ixweb_for_free\prague\goulash.jpg <-- ixwebhosting /pgoh13.com/prague goulash.jpg
118.01.23 14:29 B G:\ixweb_for_free\prague\garden_uphill.jpg <-- ixwebhosting /pgoh13.com/prague garden_uphill.jpg
118.01.23 14:29 B G:\ixweb_for_free\prague\funicular_petrin.jpg <-- ixwebhosting /pgoh13.com/prague funicular_petrin.jpg
118.01.23 14:29 B G:\ixweb_for_free\prague\czech_humour.jpg <-- ixwebhosting /pgoh13.com/prague czech_humour.jpg
118.01.23 14:29 B G:\ixweb_for_free\prague\clock_closeup.jpg <-- ixwebhosting /pgoh13.com/prague clock_closeup.jpg
118.01.23 14:29 B G:\ixweb_for_free\prague\changing_guards.jpg <-- ixwebhosting /pgoh13.com/prague changing_guards.jpg
118.01.23 14:29 B G:\ixweb_for_free\prague\castlev.jpg <-- ixwebhosting /pgoh13.com/prague castlev.jpg
118.01.23 14:29 B G:\ixweb_for_free\prague\castle_outside200.jpg <-- ixwebhosting /pgoh13.com/prague castle_outside200.jpg
118.01.23 14:29 B G:\ixweb_for_free\prague\castle_outside.jpg <-- ixwebhosting /pgoh13.com/prague castle_outside.jpg
118.01.23 14:29 B G:\ixweb_for_free\prague\castle_insideh.jpg <-- ixwebhosting /pgoh13.com/prague castle_insideh.jpg
118.01.23 14:29 B G:\ixweb_for_free\prague\castle_inside200.jpg <-- ixwebhosting /pgoh13.com/prague castle_inside200.jpg
118.01.23 14:29 B G:\ixweb_for_free\prague\castle_inside.jpg <-- ixwebhosting /pgoh13.com/prague castle_inside.jpg
118.01.23 14:29 B G:\ixweb_for_free\prague\airport_creatures250.jpg <-- ixwebhosting /pgoh13.com/prague airport_creatures250.jpg
118.01.23 14:29 B G:\ixweb_for_free\prague\airport_creatures.jpg <-- ixwebhosting /pgoh13.com/prague airport_creatures.jpg
118.01.23 16:03 B G:\ixweb_for_free\prague\airport_creatures.jpg --> ftpperso.free.fr /prague airport_creatures.jpg
118.01.23 16:03 B G:\ixweb_for_free\prague\airport_creatures250.jpg --> ftpperso.free.fr /prague airport_creatures250.jpg
118.01.23 16:03 B G:\ixweb_for_free\prague\castle_inside.jpg --> ftpperso.free.fr /prague castle_inside.jpg
118.01.23 16:03 B G:\ixweb_for_free\prague\castle_inside200.jpg --> ftpperso.free.fr /prague castle_inside200.jpg
118.01.23 16:03 B G:\ixweb_for_free\prague\castle_insideh.jpg --> ftpperso.free.fr /prague castle_insideh.jpg
118.01.23 16:03 B G:\ixweb_for_free\prague\castle_outside.jpg --> ftpperso.free.fr /prague castle_outside.jpg
118.01.23 16:03 B G:\ixweb_for_free\prague\castle_outside200.jpg --> ftpperso.free.fr /prague castle_outside200.jpg
118.01.23 16:03 B G:\ixweb_for_free\prague\castlev.jpg --> ftpperso.free.fr /prague castlev.jpg
118.01.23 16:03 B G:\ixweb_for_free\prague\changing_guards.jpg --> ftpperso.free.fr /prague changing_guards.jpg
118.01.23 16:03 B G:\ixweb_for_free\prague\changing_guards250.jpg --> ftpperso.free.fr /prague changing_guards250.jpg
118.01.23 16:03 B G:\ixweb_for_free\prague\clock_closeup.jpg --> ftpperso.free.fr /prague clock_closeup.jpg
118.01.23 16:03 B G:\ixweb_for_free\prague\cubism750.jpg --> ftpperso.free.fr /prague cubism750.jpg
118.01.23 16:03 B G:\ixweb_for_free\prague\czech_humour.jpg --> ftpperso.free.fr /prague czech_humour.jpg
118.01.23 16:03 B G:\ixweb_for_free\prague\czech_humour750.jpg --> ftpperso.free.fr /prague czech_humour750.jpg
118.01.23 16:03 B G:\ixweb_for_free\prague\dancing_house.jpg --> ftpperso.free.fr /prague dancing_house.jpg
118.01.23 16:03 B G:\ixweb_for_free\prague\dancing_house250.jpg --> ftpperso.free.fr /prague dancing_house250.jpg
118.01.23 16:03 B G:\ixweb_for_free\prague\dancing_house400.jpg --> ftpperso.free.fr /prague dancing_house400.jpg
118.01.23 16:03 B G:\ixweb_for_free\prague\funicular_petrin.jpg --> ftpperso.free.fr /prague funicular_petrin.jpg
118.01.23 16:03 B G:\ixweb_for_free\prague\funicular_petrin250.jpg --> ftpperso.free.fr /prague funicular_petrin250.jpg
118.01.23 16:03 B G:\ixweb_for_free\prague\garden_uphill.jpg --> ftpperso.free.fr /prague garden_uphill.jpg
118.01.23 16:03 B G:\ixweb_for_free\prague\garden_uphill250.jpg --> ftpperso.free.fr /prague garden_uphill250.jpg
118.01.23 16:03 B G:\ixweb_for_free\prague\goulash.jpg --> ftpperso.free.fr /prague goulash.jpg
118.01.23 16:03 B G:\ixweb_for_free\prague\goulash250.jpg --> ftpperso.free.fr /prague goulash250.jpg
118.01.23 16:03 B G:\ixweb_for_free\prague\index.html --> ftpperso.free.fr /prague index.html
118.01.23 16:03 B G:\ixweb_for_free\prague\main_market.jpg --> ftpperso.free.fr /prague main_market.jpg
118.01.23 16:03 B G:\ixweb_for_free\prague\metro_escalator.jpg --> ftpperso.free.fr /prague metro_escalator.jpg
118.01.23 16:03 B G:\ixweb_for_free\prague\metro_escalator250.jpg --> ftpperso.free.fr /prague metro_escalator250.jpg
118.01.23 16:03 B G:\ixweb_for_free\prague\metro_escalator_kiv.jpg --> ftpperso.free.fr /prague metro_escalator_kiv.jpg
118.01.23 16:03 B G:\ixweb_for_free\prague\nicholas_church.JPG --> ftpperso.free.fr /prague nicholas_church.JPG
118.01.23 16:03 B G:\ixweb_for_free\prague\oldtown_squareday.jpg --> ftpperso.free.fr /prague oldtown_squareday.jpg
118.01.23 16:03 B G:\ixweb_for_free\prague\oldtown_squarenight.jpg --> ftpperso.free.fr /prague oldtown_squarenight.jpg
118.01.23 16:03 B G:\ixweb_for_free\prague\oldtown_squarenight250.jpg --> ftpperso.free.fr /prague oldtown_squarenight250.jpg
118.01.23 16:03 B G:\ixweb_for_free\prague\palladiumh.jpg --> ftpperso.free.fr /prague palladiumh.jpg
118.01.23 16:03 B G:\ixweb_for_free\prague\palladiumv.jpg --> ftpperso.free.fr /prague palladiumv.jpg
118.01.23 16:03 B G:\ixweb_for_free\prague\palladiumv250.jpg --> ftpperso.free.fr /prague palladiumv250.jpg
118.01.23 16:03 B G:\ixweb_for_free\prague\petrin_towerh.jpg --> ftpperso.free.fr /prague petrin_towerh.jpg
118.01.23 16:03 B G:\ixweb_for_free\prague\petrin_towerv.jpg --> ftpperso.free.fr /prague petrin_towerv.jpg
118.01.23 16:03 B G:\ixweb_for_free\prague\petrin_towerv250.jpg --> ftpperso.free.fr /prague petrin_towerv250.jpg
118.01.23 16:03 B G:\ixweb_for_free\prague\petrinhill_steps.jpg --> ftpperso.free.fr /prague petrinhill_steps.jpg
118.01.23 16:03 B G:\ixweb_for_free\prague\petrinhill_steps250.jpg --> ftpperso.free.fr /prague petrinhill_steps250.jpg
118.01.23 16:03 B G:\ixweb_for_free\prague\prague_banner.jpg --> ftpperso.free.fr /prague prague_banner.jpg
118.01.23 16:03 B G:\ixweb_for_free\prague\prague_kiv.php --> ftpperso.free.fr /prague prague_kiv.php
118.01.23 16:03 B G:\ixweb_for_free\prague\statue_day.jpg --> ftpperso.free.fr /prague statue_day.jpg
118.01.23 16:03 B G:\ixweb_for_free\prague\statue_day200.jpg --> ftpperso.free.fr /prague statue_day200.jpg
118.01.23 16:03 B G:\ixweb_for_free\prague\statue_night.jpg --> ftpperso.free.fr /prague statue_night.jpg
118.01.23 16:03 B G:\ixweb_for_free\prague\statue_night200.jpg --> ftpperso.free.fr /prague statue_night200.jpg
118.01.23 16:03 B G:\ixweb_for_free\prague\street_art.jpg --> ftpperso.free.fr /prague street_art.jpg
118.01.23 16:03 B G:\ixweb_for_free\prague\street_art250.jpg --> ftpperso.free.fr /prague street_art250.jpg
118.01.23 16:03 B G:\ixweb_for_free\prague\tv_tower1.jpg --> ftpperso.free.fr /prague tv_tower1.jpg
118.01.23 16:03 B G:\ixweb_for_free\prague\tv_tower1390.jpg --> ftpperso.free.fr /prague tv_tower1390.jpg
118.01.23 16:03 B G:\ixweb_for_free\prague\tv_tower2.jpg --> ftpperso.free.fr /prague tv_tower2.jpg
118.01.23 16:03 B G:\ixweb_for_free\prague\tv_tower2390.jpg --> ftpperso.free.fr /prague tv_tower2390.jpg
118.01.23 16:03 B G:\ixweb_for_free\prague\viewfrom_petrinhill.jpg --> ftpperso.free.fr /prague viewfrom_petrinhill.jpg
118.01.23 16:03 B G:\ixweb_for_free\prague\wenceslas_crowd.jpg --> ftpperso.free.fr /prague wenceslas_crowd.jpg
118.01.23 16:03 B G:\ixweb_for_free\prague\wenceslas_crowd390.jpg --> ftpperso.free.fr /prague wenceslas_crowd390.jpg
118.01.23 16:03 B G:\ixweb_for_free\prague\wenceslas_stall.jpg --> ftpperso.free.fr /prague wenceslas_stall.jpg
118.01.23 16:03 B G:\ixweb_for_free\prague\wenceslas_stall390.jpg --> ftpperso.free.fr /prague wenceslas_stall390.jpg
118.01.23 16:03 B G:\ixweb_for_free\prague\WS_FTP.LOG --> ftpperso.free.fr /prague WS_FTP.LOG
120.08.23 14:12 B D:\free2\prague\WS_FTP.LOG <-- free.fr /prague WS_FTP.LOG
120.08.23 14:12 B D:\free2\prague\wenceslas_stall390.jpg <-- free.fr /prague wenceslas_stall390.jpg
120.08.23 14:12 B D:\free2\prague\wenceslas_stall.jpg <-- free.fr /prague wenceslas_stall.jpg
120.08.23 14:12 B D:\free2\prague\wenceslas_crowd390.jpg <-- free.fr /prague wenceslas_crowd390.jpg
120.08.23 14:12 B D:\free2\prague\wenceslas_crowd.jpg <-- free.fr /prague wenceslas_crowd.jpg
120.08.23 14:12 B D:\free2\prague\viewfrom_petrinhill.jpg <-- free.fr /prague viewfrom_petrinhill.jpg
120.08.23 14:12 B D:\free2\prague\tv_tower2390.jpg <-- free.fr /prague tv_tower2390.jpg
120.08.23 14:12 B D:\free2\prague\tv_tower2.jpg <-- free.fr /prague tv_tower2.jpg
120.08.23 14:12 B D:\free2\prague\tv_tower1390.jpg <-- free.fr /prague tv_tower1390.jpg
120.08.23 14:12 B D:\free2\prague\tv_tower1.jpg <-- free.fr /prague tv_tower1.jpg
120.08.23 14:12 B D:\free2\prague\street_art250.jpg <-- free.fr /prague street_art250.jpg
120.08.23 14:12 B D:\free2\prague\street_art.jpg <-- free.fr /prague street_art.jpg
120.08.23 14:12 B D:\free2\prague\statue_night200.jpg <-- free.fr /prague statue_night200.jpg
120.08.23 14:12 B D:\free2\prague\statue_night.jpg <-- free.fr /prague statue_night.jpg
120.08.23 14:12 B D:\free2\prague\statue_day200.jpg <-- free.fr /prague statue_day200.jpg
120.08.23 14:12 B D:\free2\prague\statue_day.jpg <-- free.fr /prague statue_day.jpg
120.08.23 14:12 B D:\free2\prague\prague_kiv.php <-- free.fr /prague prague_kiv.php
120.08.23 14:12 B D:\free2\prague\prague_banner.jpg <-- free.fr /prague prague_banner.jpg
120.08.23 14:12 B D:\free2\prague\petrinhill_steps250.jpg <-- free.fr /prague petrinhill_steps250.jpg
120.08.23 14:12 B D:\free2\prague\petrinhill_steps.jpg <-- free.fr /prague petrinhill_steps.jpg
120.08.23 14:12 B D:\free2\prague\petrin_towerv250.jpg <-- free.fr /prague petrin_towerv250.jpg
120.08.23 14:12 B D:\free2\prague\petrin_towerv.jpg <-- free.fr /prague petrin_towerv.jpg
120.08.23 14:12 B D:\free2\prague\petrin_towerh.jpg <-- free.fr /prague petrin_towerh.jpg
121.01.05 17:17 B D:\free2\prague\petrin_towerh.jpg --> 185.224.138.60 /domains/pgoh13.eu/public_html/free_site/travel/prague petrin_towerh.jpg
121.01.05 17:17 B D:\free2\prague\petrin_towerv.jpg --> 185.224.138.60 /domains/pgoh13.eu/public_html/free_site/travel/prague petrin_towerv.jpg
121.01.05 17:17 B D:\free2\prague\petrin_towerv250.jpg --> 185.224.138.60 /domains/pgoh13.eu/public_html/free_site/travel/prague petrin_towerv250.jpg
121.01.05 17:17 B D:\free2\prague\petrinhill_steps.jpg --> 185.224.138.60 /domains/pgoh13.eu/public_html/free_site/travel/prague petrinhill_steps.jpg
121.01.05 17:17 B D:\free2\prague\petrinhill_steps250.jpg --> 185.224.138.60 /domains/pgoh13.eu/public_html/free_site/travel/prague petrinhill_steps250.jpg
121.01.05 17:17 B D:\free2\prague\prague_banner.jpg --> 185.224.138.60 /domains/pgoh13.eu/public_html/free_site/travel/prague prague_banner.jpg
121.01.05 17:17 B D:\free2\prague\prague_kiv.php --> 185.224.138.60 /domains/pgoh13.eu/public_html/free_site/travel/prague prague_kiv.php
121.01.05 17:17 B D:\free2\prague\statue_day.jpg --> 185.224.138.60 /domains/pgoh13.eu/public_html/free_site/travel/prague statue_day.jpg
121.01.05 17:17 B D:\free2\prague\statue_day200.jpg --> 185.224.138.60 /domains/pgoh13.eu/public_html/free_site/travel/prague statue_day200.jpg
121.01.05 17:17 B D:\free2\prague\statue_night.jpg --> 185.224.138.60 /domains/pgoh13.eu/public_html/free_site/travel/prague statue_night.jpg
121.01.05 17:17 B D:\free2\prague\statue_night200.jpg --> 185.224.138.60 /domains/pgoh13.eu/public_html/free_site/travel/prague statue_night200.jpg
121.01.05 17:17 B D:\free2\prague\street_art.jpg --> 185.224.138.60 /domains/pgoh13.eu/public_html/free_site/travel/prague street_art.jpg
121.01.05 17:17 B D:\free2\prague\street_art250.jpg --> 185.224.138.60 /domains/pgoh13.eu/public_html/free_site/travel/prague street_art250.jpg
121.01.05 17:18 B D:\free2\prague\tv_tower1.jpg --> 185.224.138.60 /domains/pgoh13.eu/public_html/free_site/travel/prague tv_tower1.jpg
121.01.05 17:18 B D:\free2\prague\tv_tower1390.jpg --> 185.224.138.60 /domains/pgoh13.eu/public_html/free_site/travel/prague tv_tower1390.jpg
121.01.05 17:18 B D:\free2\prague\tv_tower2.jpg --> 185.224.138.60 /domains/pgoh13.eu/public_html/free_site/travel/prague tv_tower2.jpg
121.01.05 17:18 B D:\free2\prague\tv_tower2390.jpg --> 185.224.138.60 /domains/pgoh13.eu/public_html/free_site/travel/prague tv_tower2390.jpg
121.01.05 17:18 B D:\free2\prague\viewfrom_petrinhill.jpg --> 185.224.138.60 /domains/pgoh13.eu/public_html/free_site/travel/prague viewfrom_petrinhill.jpg
121.01.05 17:18 B D:\free2\prague\wenceslas_crowd.jpg --> 185.224.138.60 /domains/pgoh13.eu/public_html/free_site/travel/prague wenceslas_crowd.jpg
121.01.05 17:18 B D:\free2\prague\wenceslas_crowd390.jpg --> 185.224.138.60 /domains/pgoh13.eu/public_html/free_site/travel/prague wenceslas_crowd390.jpg
121.01.05 17:18 B D:\free2\prague\wenceslas_stall.jpg --> 185.224.138.60 /domains/pgoh13.eu/public_html/free_site/travel/prague wenceslas_stall.jpg
121.01.05 17:18 B D:\free2\prague\wenceslas_stall390.jpg --> 185.224.138.60 /domains/pgoh13.eu/public_html/free_site/travel/prague wenceslas_stall390.jpg
121.01.13 23:17 B D:\free2\travel\prague\WS_FTP.LOG <-- hostinger /domains/pgoh13.eu/public_html/free_site/travel/prague WS_FTP.LOG
121.01.14 15:33 B D:\free2\travel\prague\image7_225.jpg <-- hostinger /domains/pgoh13.eu/public_html/free_site/travel/prague image7_225.jpg
121.01.14 15:33 B D:\free2\travel\prague\image7.jpg <-- hostinger /domains/pgoh13.eu/public_html/free_site/travel/prague image7.jpg
121.01.14 15:33 B D:\free2\travel\prague\image6_225.jpg <-- hostinger /domains/pgoh13.eu/public_html/free_site/travel/prague image6_225.jpg
121.01.14 15:33 B D:\free2\travel\prague\image6.jpg <-- hostinger /domains/pgoh13.eu/public_html/free_site/travel/prague image6.jpg
121.01.14 15:33 B D:\free2\travel\prague\image5_225.jpg <-- hostinger /domains/pgoh13.eu/public_html/free_site/travel/prague image5_225.jpg
121.01.14 15:33 B D:\free2\travel\prague\image5.jpg <-- hostinger /domains/pgoh13.eu/public_html/free_site/travel/prague image5.jpg
121.01.14 15:33 B D:\free2\travel\prague\slider-shadow.png <-- hostinger /domains/pgoh13.eu/public_html/free_site/travel/prague slider-shadow.png
121.01.14 15:33 B D:\free2\travel\prague\accordion-slider.css <-- hostinger /domains/pgoh13.eu/public_html/free_site/travel/prague accordion-slider.css
121.01.14 15:33 B D:\free2\travel\prague\image4.jpg <-- hostinger /domains/pgoh13.eu/public_html/free_site/travel/prague image4.jpg
121.01.14 15:33 B D:\free2\travel\prague\image3.jpg <-- hostinger /domains/pgoh13.eu/public_html/free_site/travel/prague image3.jpg
121.01.14 15:33 B D:\free2\travel\prague\image2.jpg <-- hostinger /domains/pgoh13.eu/public_html/free_site/travel/prague image2.jpg
121.01.14 15:33 B D:\free2\travel\prague\image1.jpg <-- hostinger /domains/pgoh13.eu/public_html/free_site/travel/prague image1.jpg
121.01.14 15:33 B D:\free2\travel\prague\wenceslas_stall390.jpg <-- hostinger /domains/pgoh13.eu/public_html/free_site/travel/prague wenceslas_stall390.jpg
121.01.14 15:33 B D:\free2\travel\prague\wenceslas_stall.jpg <-- hostinger /domains/pgoh13.eu/public_html/free_site/travel/prague wenceslas_stall.jpg
121.01.14 15:33 B D:\free2\travel\prague\wenceslas_crowd390.jpg <-- hostinger /domains/pgoh13.eu/public_html/free_site/travel/prague wenceslas_crowd390.jpg
121.01.14 15:33 B D:\free2\travel\prague\wenceslas_crowd.jpg <-- hostinger /domains/pgoh13.eu/public_html/free_site/travel/prague wenceslas_crowd.jpg
121.01.14 15:33 B D:\free2\travel\prague\viewfrom_petrinhill.jpg <-- hostinger /domains/pgoh13.eu/public_html/free_site/travel/prague viewfrom_petrinhill.jpg
121.01.14 15:33 B D:\free2\travel\prague\tv_tower2390.jpg <-- hostinger /domains/pgoh13.eu/public_html/free_site/travel/prague tv_tower2390.jpg
121.01.14 15:33 B D:\free2\travel\prague\tv_tower2.jpg <-- hostinger /domains/pgoh13.eu/public_html/free_site/travel/prague tv_tower2.jpg
121.01.14 15:33 B D:\free2\travel\prague\tv_tower1390.jpg <-- hostinger /domains/pgoh13.eu/public_html/free_site/travel/prague tv_tower1390.jpg
121.01.14 15:33 B D:\free2\travel\prague\tv_tower1.jpg <-- hostinger /domains/pgoh13.eu/public_html/free_site/travel/prague tv_tower1.jpg
121.01.14 15:33 B D:\free2\travel\prague\street_art250.jpg <-- hostinger /domains/pgoh13.eu/public_html/free_site/travel/prague street_art250.jpg
121.01.14 15:33 B D:\free2\travel\prague\street_art.jpg <-- hostinger /domains/pgoh13.eu/public_html/free_site/travel/prague street_art.jpg
121.01.14 15:33 B D:\free2\travel\prague\statue_night200.jpg <-- hostinger /domains/pgoh13.eu/public_html/free_site/travel/prague statue_night200.jpg
121.01.14 15:33 B D:\free2\travel\prague\statue_night.jpg <-- hostinger /domains/pgoh13.eu/public_html/free_site/travel/prague statue_night.jpg
121.01.14 15:33 B D:\free2\travel\prague\statue_day200.jpg <-- hostinger /domains/pgoh13.eu/public_html/free_site/travel/prague statue_day200.jpg
121.01.14 15:33 B D:\free2\travel\prague\statue_day.jpg <-- hostinger /domains/pgoh13.eu/public_html/free_site/travel/prague statue_day.jpg
121.01.14 15:33 B D:\free2\travel\prague\prague_kiv.php <-- hostinger /domains/pgoh13.eu/public_html/free_site/travel/prague prague_kiv.php
121.01.14 15:33 B D:\free2\travel\prague\prague_banner.jpg <-- hostinger /domains/pgoh13.eu/public_html/free_site/travel/prague prague_banner.jpg
121.01.14 15:33 B D:\free2\travel\prague\petrinhill_steps250.jpg <-- hostinger /domains/pgoh13.eu/public_html/free_site/travel/prague petrinhill_steps250.jpg
121.01.14 15:33 B D:\free2\travel\prague\petrinhill_steps.jpg <-- hostinger /domains/pgoh13.eu/public_html/free_site/travel/prague petrinhill_steps.jpg
121.01.14 15:33 B D:\free2\travel\prague\petrin_towerv250.jpg <-- hostinger /domains/pgoh13.eu/public_html/free_site/travel/prague petrin_towerv250.jpg
121.01.14 15:33 B D:\free2\travel\prague\petrin_towerv.jpg <-- hostinger /domains/pgoh13.eu/public_html/free_site/travel/prague petrin_towerv.jpg
121.01.14 15:33 B D:\free2\travel\prague\petrin_towerh.jpg <-- hostinger /domains/pgoh13.eu/public_html/free_site/travel/prague petrin_towerh.jpg
121.01.14 15:33 B D:\free2\travel\prague\palladiumv250.jpg <-- hostinger /domains/pgoh13.eu/public_html/free_site/travel/prague palladiumv250.jpg
121.01.14 15:33 B D:\free2\travel\prague\palladiumv.jpg <-- hostinger /domains/pgoh13.eu/public_html/free_site/travel/prague palladiumv.jpg
121.01.14 15:33 B D:\free2\travel\prague\palladiumh.jpg <-- hostinger /domains/pgoh13.eu/public_html/free_site/travel/prague palladiumh.jpg
121.01.14 15:33 B D:\free2\travel\prague\oldtown_squarenight250.jpg <-- hostinger /domains/pgoh13.eu/public_html/free_site/travel/prague oldtown_squarenight250.jpg
121.01.14 15:33 B D:\free2\travel\prague\oldtown_squarenight.jpg <-- hostinger /domains/pgoh13.eu/public_html/free_site/travel/prague oldtown_squarenight.jpg
121.01.14 15:33 B D:\free2\travel\prague\oldtown_squareday.jpg <-- hostinger /domains/pgoh13.eu/public_html/free_site/travel/prague oldtown_squareday.jpg
121.01.14 15:33 B D:\free2\travel\prague\nicholas_church.JPG <-- hostinger /domains/pgoh13.eu/public_html/free_site/travel/prague nicholas_church.JPG
121.01.14 15:33 B D:\free2\travel\prague\metro_escalator_kiv.jpg <-- hostinger /domains/pgoh13.eu/public_html/free_site/travel/prague metro_escalator_kiv.jpg
121.01.14 15:33 B D:\free2\travel\prague\metro_escalator250.jpg <-- hostinger /domains/pgoh13.eu/public_html/free_site/travel/prague metro_escalator250.jpg
121.01.14 15:33 B D:\free2\travel\prague\metro_escalator.jpg <-- hostinger /domains/pgoh13.eu/public_html/free_site/travel/prague metro_escalator.jpg
121.01.14 15:33 B D:\free2\travel\prague\main_market.jpg <-- hostinger /domains/pgoh13.eu/public_html/free_site/travel/prague main_market.jpg
121.01.14 15:33 B D:\free2\travel\prague\index.html <-- hostinger /domains/pgoh13.eu/public_html/free_site/travel/prague index.html
121.01.14 15:33 B D:\free2\travel\prague\goulash250.jpg <-- hostinger /domains/pgoh13.eu/public_html/free_site/travel/prague goulash250.jpg
121.01.14 15:33 B D:\free2\travel\prague\goulash.jpg <-- hostinger /domains/pgoh13.eu/public_html/free_site/travel/prague goulash.jpg
121.01.14 15:33 B D:\free2\travel\prague\garden_uphill250.jpg <-- hostinger /domains/pgoh13.eu/public_html/free_site/travel/prague garden_uphill250.jpg
121.01.14 15:33 B D:\free2\travel\prague\garden_uphill.jpg <-- hostinger /domains/pgoh13.eu/public_html/free_site/travel/prague garden_uphill.jpg
121.01.14 15:33 B D:\free2\travel\prague\funicular_petrin250.jpg <-- hostinger /domains/pgoh13.eu/public_html/free_site/travel/prague funicular_petrin250.jpg
121.01.14 15:33 B D:\free2\travel\prague\funicular_petrin.jpg <-- hostinger /domains/pgoh13.eu/public_html/free_site/travel/prague funicular_petrin.jpg
121.01.14 15:33 B D:\free2\travel\prague\dancing_house400.jpg <-- hostinger /domains/pgoh13.eu/public_html/free_site/travel/prague dancing_house400.jpg
121.01.14 15:33 B D:\free2\travel\prague\dancing_house250.jpg <-- hostinger /domains/pgoh13.eu/public_html/free_site/travel/prague dancing_house250.jpg
121.01.14 15:33 B D:\free2\travel\prague\dancing_house.jpg <-- hostinger /domains/pgoh13.eu/public_html/free_site/travel/prague dancing_house.jpg
121.01.14 15:33 B D:\free2\travel\prague\czech_humour750.jpg <-- hostinger /domains/pgoh13.eu/public_html/free_site/travel/prague czech_humour750.jpg
121.01.14 15:33 B D:\free2\travel\prague\czech_humour.jpg <-- hostinger /domains/pgoh13.eu/public_html/free_site/travel/prague czech_humour.jpg
121.01.14 15:33 B D:\free2\travel\prague\cubism750.jpg <-- hostinger /domains/pgoh13.eu/public_html/free_site/travel/prague cubism750.jpg
121.01.14 15:33 B D:\free2\travel\prague\clock_closeup.jpg <-- hostinger /domains/pgoh13.eu/public_html/free_site/travel/prague clock_closeup.jpg
121.01.14 15:33 B D:\free2\travel\prague\changing_guards250.jpg <-- hostinger /domains/pgoh13.eu/public_html/free_site/travel/prague changing_guards250.jpg
121.01.14 15:33 B D:\free2\travel\prague\changing_guards.jpg <-- hostinger /domains/pgoh13.eu/public_html/free_site/travel/prague changing_guards.jpg
121.01.14 15:33 B D:\free2\travel\prague\castlev.jpg <-- hostinger /domains/pgoh13.eu/public_html/free_site/travel/prague castlev.jpg
121.01.14 15:33 B D:\free2\travel\prague\castle_outside200.jpg <-- hostinger /domains/pgoh13.eu/public_html/free_site/travel/prague castle_outside200.jpg
121.01.14 15:33 B D:\free2\travel\prague\castle_outside.jpg <-- hostinger /domains/pgoh13.eu/public_html/free_site/travel/prague castle_outside.jpg
121.01.14 15:33 B D:\free2\travel\prague\castle_insideh.jpg <-- hostinger /domains/pgoh13.eu/public_html/free_site/travel/prague castle_insideh.jpg
121.01.14 15:33 B D:\free2\travel\prague\castle_inside200.jpg <-- hostinger /domains/pgoh13.eu/public_html/free_site/travel/prague castle_inside200.jpg
121.01.14 15:33 B D:\free2\travel\prague\castle_inside.jpg <-- hostinger /domains/pgoh13.eu/public_html/free_site/travel/prague castle_inside.jpg
121.01.14 15:33 B D:\free2\travel\prague\airport_creatures250.jpg <-- hostinger /domains/pgoh13.eu/public_html/free_site/travel/prague airport_creatures250.jpg
121.01.14 15:33 B D:\free2\travel\prague\airport_creatures.jpg <-- hostinger /domains/pgoh13.eu/public_html/free_site/travel/prague airport_creatures.jpg
121.01.14 15:36 B D:\free2\travel\prague\WS_FTP.LOG --> ftpperso.free.fr /prague WS_FTP.LOG
121.01.14 15:36 B D:\free2\travel\prague\wenceslas_stall390.jpg --> ftpperso.free.fr /prague wenceslas_stall390.jpg
121.01.14 15:36 B D:\free2\travel\prague\wenceslas_stall.jpg --> ftpperso.free.fr /prague wenceslas_stall.jpg
121.01.14 15:36 B D:\free2\travel\prague\wenceslas_crowd390.jpg --> ftpperso.free.fr /prague wenceslas_crowd390.jpg
121.01.14 15:36 B D:\free2\travel\prague\wenceslas_crowd.jpg --> ftpperso.free.fr /prague wenceslas_crowd.jpg
121.01.14 15:36 B D:\free2\travel\prague\viewfrom_petrinhill.jpg --> ftpperso.free.fr /prague viewfrom_petrinhill.jpg
121.01.14 15:36 B D:\free2\travel\prague\tv_tower2390.jpg --> ftpperso.free.fr /prague tv_tower2390.jpg
121.01.14 15:36 B D:\free2\travel\prague\tv_tower2.jpg --> ftpperso.free.fr /prague tv_tower2.jpg
121.01.14 15:36 B D:\free2\travel\prague\tv_tower1390.jpg --> ftpperso.free.fr /prague tv_tower1390.jpg
121.01.14 15:36 B D:\free2\travel\prague\tv_tower1.jpg --> ftpperso.free.fr /prague tv_tower1.jpg
121.01.14 15:36 B D:\free2\travel\prague\street_art250.jpg --> ftpperso.free.fr /prague street_art250.jpg
121.01.14 15:36 B D:\free2\travel\prague\street_art.jpg --> ftpperso.free.fr /prague street_art.jpg
121.01.14 15:36 B D:\free2\travel\prague\statue_night200.jpg --> ftpperso.free.fr /prague statue_night200.jpg
121.01.14 15:36 B D:\free2\travel\prague\statue_night.jpg --> ftpperso.free.fr /prague statue_night.jpg
121.01.14 15:36 B D:\free2\travel\prague\statue_day200.jpg --> ftpperso.free.fr /prague statue_day200.jpg
121.01.14 15:36 B D:\free2\travel\prague\statue_day.jpg --> ftpperso.free.fr /prague statue_day.jpg
121.01.14 15:36 B D:\free2\travel\prague\slider-shadow.png --> ftpperso.free.fr /prague slider-shadow.png
121.01.14 15:36 B D:\free2\travel\prague\prague_kiv.php --> ftpperso.free.fr /prague prague_kiv.php
121.01.14 15:36 B D:\free2\travel\prague\prague_banner.jpg --> ftpperso.free.fr /prague prague_banner.jpg
121.01.14 15:36 B D:\free2\travel\prague\petrinhill_steps250.jpg --> ftpperso.free.fr /prague petrinhill_steps250.jpg
121.01.14 15:36 B D:\free2\travel\prague\petrinhill_steps.jpg --> ftpperso.free.fr /prague petrinhill_steps.jpg
121.01.14 15:36 B D:\free2\travel\prague\petrin_towerv250.jpg --> ftpperso.free.fr /prague petrin_towerv250.jpg
121.01.14 15:36 B D:\free2\travel\prague\petrin_towerv.jpg --> ftpperso.free.fr /prague petrin_towerv.jpg
121.01.14 15:36 B D:\free2\travel\prague\petrin_towerh.jpg --> ftpperso.free.fr /prague petrin_towerh.jpg
121.01.14 15:36 B D:\free2\travel\prague\palladiumv250.jpg --> ftpperso.free.fr /prague palladiumv250.jpg
121.01.14 15:36 B D:\free2\travel\prague\palladiumv.jpg --> ftpperso.free.fr /prague palladiumv.jpg
121.01.14 15:36 B D:\free2\travel\prague\palladiumh.jpg --> ftpperso.free.fr /prague palladiumh.jpg
121.01.14 15:36 B D:\free2\travel\prague\oldtown_squarenight250.jpg --> ftpperso.free.fr /prague oldtown_squarenight250.jpg
121.01.14 15:36 B D:\free2\travel\prague\oldtown_squarenight.jpg --> ftpperso.free.fr /prague oldtown_squarenight.jpg
121.01.14 15:36 B D:\free2\travel\prague\oldtown_squareday.jpg --> ftpperso.free.fr /prague oldtown_squareday.jpg
121.01.14 15:36 B D:\free2\travel\prague\nicholas_church.JPG --> ftpperso.free.fr /prague nicholas_church.JPG
121.01.14 15:36 B D:\free2\travel\prague\metro_escalator_kiv.jpg --> ftpperso.free.fr /prague metro_escalator_kiv.jpg
121.01.14 15:36 B D:\free2\travel\prague\metro_escalator250.jpg --> ftpperso.free.fr /prague metro_escalator250.jpg
121.01.14 15:36 B D:\free2\travel\prague\metro_escalator.jpg --> ftpperso.free.fr /prague metro_escalator.jpg
121.01.14 15:36 B D:\free2\travel\prague\main_market.jpg --> ftpperso.free.fr /prague main_market.jpg
121.01.14 15:36 B D:\free2\travel\prague\index.html --> ftpperso.free.fr /prague index.html
121.01.14 15:36 B D:\free2\travel\prague\image7_225.jpg --> ftpperso.free.fr /prague image7_225.jpg
121.01.14 15:36 B D:\free2\travel\prague\image7.jpg --> ftpperso.free.fr /prague image7.jpg
121.01.14 15:36 B D:\free2\travel\prague\image6_225.jpg --> ftpperso.free.fr /prague image6_225.jpg
121.01.14 15:36 B D:\free2\travel\prague\image6.jpg --> ftpperso.free.fr /prague image6.jpg
121.01.14 15:36 B D:\free2\travel\prague\image5_225.jpg --> ftpperso.free.fr /prague image5_225.jpg
121.01.14 15:36 B D:\free2\travel\prague\image5.jpg --> ftpperso.free.fr /prague image5.jpg
121.01.14 15:36 B D:\free2\travel\prague\image4.jpg --> ftpperso.free.fr /prague image4.jpg
121.01.14 15:36 B D:\free2\travel\prague\image3.jpg --> ftpperso.free.fr /prague image3.jpg
121.01.14 15:36 B D:\free2\travel\prague\image2.jpg --> ftpperso.free.fr /prague image2.jpg
121.01.14 15:36 B D:\free2\travel\prague\image1.jpg --> ftpperso.free.fr /prague image1.jpg
121.01.14 15:36 B D:\free2\travel\prague\goulash250.jpg --> ftpperso.free.fr /prague goulash250.jpg
121.01.14 15:36 B D:\free2\travel\prague\goulash.jpg --> ftpperso.free.fr /prague goulash.jpg
121.01.14 15:36 B D:\free2\travel\prague\garden_uphill250.jpg --> ftpperso.free.fr /prague garden_uphill250.jpg
121.01.14 15:36 B D:\free2\travel\prague\garden_uphill.jpg --> ftpperso.free.fr /prague garden_uphill.jpg
121.01.14 15:36 B D:\free2\travel\prague\funicular_petrin250.jpg --> ftpperso.free.fr /prague funicular_petrin250.jpg
121.01.14 15:36 B D:\free2\travel\prague\funicular_petrin.jpg --> ftpperso.free.fr /prague funicular_petrin.jpg
121.01.14 15:36 B D:\free2\travel\prague\dancing_house400.jpg --> ftpperso.free.fr /prague dancing_house400.jpg
121.01.14 15:36 B D:\free2\travel\prague\dancing_house250.jpg --> ftpperso.free.fr /prague dancing_house250.jpg
121.01.14 15:36 B D:\free2\travel\prague\dancing_house.jpg --> ftpperso.free.fr /prague dancing_house.jpg
121.01.14 15:36 B D:\free2\travel\prague\czech_humour750.jpg --> ftpperso.free.fr /prague czech_humour750.jpg
121.01.14 15:36 B D:\free2\travel\prague\czech_humour.jpg --> ftpperso.free.fr /prague czech_humour.jpg
121.01.14 15:36 B D:\free2\travel\prague\cubism750.jpg --> ftpperso.free.fr /prague cubism750.jpg
121.01.14 15:36 B D:\free2\travel\prague\clock_closeup.jpg --> ftpperso.free.fr /prague clock_closeup.jpg
121.01.14 15:36 B D:\free2\travel\prague\changing_guards250.jpg --> ftpperso.free.fr /prague changing_guards250.jpg
121.01.14 15:36 B D:\free2\travel\prague\changing_guards.jpg --> ftpperso.free.fr /prague changing_guards.jpg
121.01.14 15:37 B D:\free2\travel\prague\castlev.jpg --> ftpperso.free.fr /prague castlev.jpg
121.01.14 15:37 B D:\free2\travel\prague\castle_outside200.jpg --> ftpperso.free.fr /prague castle_outside200.jpg
121.01.14 15:37 B D:\free2\travel\prague\castle_outside.jpg --> ftpperso.free.fr /prague castle_outside.jpg
121.01.14 15:37 B D:\free2\travel\prague\castle_insideh.jpg --> ftpperso.free.fr /prague castle_insideh.jpg
121.01.14 15:37 B D:\free2\travel\prague\castle_inside200.jpg --> ftpperso.free.fr /prague castle_inside200.jpg
121.01.14 15:37 B D:\free2\travel\prague\castle_inside.jpg --> ftpperso.free.fr /prague castle_inside.jpg
121.01.14 15:37 B D:\free2\travel\prague\airport_creatures250.jpg --> ftpperso.free.fr /prague airport_creatures250.jpg
121.01.14 15:37 B D:\free2\travel\prague\airport_creatures.jpg --> ftpperso.free.fr /prague airport_creatures.jpg
121.01.14 15:37 B D:\free2\travel\prague\accordion-slider.css --> ftpperso.free.fr /prague accordion-slider.css
121.01.14 15:42 B D:\free2\travel\prague\image1.jpg --> ftpperso.free.fr /prague image1.jpg
121.01.14 15:42 B D:\free2\travel\prague\image2.jpg --> ftpperso.free.fr /prague image2.jpg
121.01.14 15:42 B D:\free2\travel\prague\image3.jpg --> ftpperso.free.fr /prague image3.jpg
121.01.14 15:42 B D:\free2\travel\prague\image4.jpg --> ftpperso.free.fr /prague image4.jpg
121.01.14 15:42 B D:\free2\travel\prague\image5.jpg --> ftpperso.free.fr /prague image5.jpg
121.01.14 15:42 B D:\free2\travel\prague\image5_225.jpg --> ftpperso.free.fr /prague image5_225.jpg
121.01.14 15:42 B D:\free2\travel\prague\image6.jpg --> ftpperso.free.fr /prague image6.jpg
121.01.14 15:42 B D:\free2\travel\prague\image6_225.jpg --> ftpperso.free.fr /prague image6_225.jpg
121.01.14 15:42 B D:\free2\travel\prague\image7.jpg --> ftpperso.free.fr /prague image7.jpg
121.01.14 15:42 B D:\free2\travel\prague\image7_225.jpg --> ftpperso.free.fr /prague image7_225.jpg
