121.01.13 23:08 B D:\free2\travel\krakow\kazimierz_oldsynagogue.jpg <-- hostinger /domains/pgoh13.eu/public_html/free_site/travel/krakow kazimierz_oldsynagogue.jpg
121.01.13 23:08 B D:\free2\travel\krakow\kazimierz_oldsynagogue250.jpg <-- hostinger /domains/pgoh13.eu/public_html/free_site/travel/krakow kazimierz_oldsynagogue250.jpg
121.01.13 23:08 B D:\free2\travel\krakow\kazimierz_streetart.jpg <-- hostinger /domains/pgoh13.eu/public_html/free_site/travel/krakow kazimierz_streetart.jpg
121.01.13 23:10 B D:\free2\travel\krakow\rynek_busker.jpg <-- hostinger /domains/pgoh13.eu/public_html/free_site/travel/krakow rynek_busker.jpg
121.01.13 23:10 B D:\free2\travel\krakow\royalpalace_visitors250.jpg <-- hostinger /domains/pgoh13.eu/public_html/free_site/travel/krakow royalpalace_visitors250.jpg
121.01.13 23:10 B D:\free2\travel\krakow\royalpalace_visitors.jpg <-- hostinger /domains/pgoh13.eu/public_html/free_site/travel/krakow royalpalace_visitors.jpg
121.01.13 23:10 B D:\free2\travel\krakow\restaurantlunch_forbookingv250.jpg <-- hostinger /domains/pgoh13.eu/public_html/free_site/travel/krakow restaurantlunch_forbookingv250.jpg
121.01.13 23:10 B D:\free2\travel\krakow\restaurantlunch_forbookingv.jpg <-- hostinger /domains/pgoh13.eu/public_html/free_site/travel/krakow restaurantlunch_forbookingv.jpg
121.01.13 23:10 B D:\free2\travel\krakow\restaurantlunch_forbooking250.jpg <-- hostinger /domains/pgoh13.eu/public_html/free_site/travel/krakow restaurantlunch_forbooking250.jpg
121.01.13 23:10 B D:\free2\travel\krakow\restaurantlunch_forbooking.jpg <-- hostinger /domains/pgoh13.eu/public_html/free_site/travel/krakow restaurantlunch_forbooking.jpg
121.01.13 23:10 B D:\free2\travel\krakow\planty_lushness800.jpg <-- hostinger /domains/pgoh13.eu/public_html/free_site/travel/krakow planty_lushness800.jpg
121.01.13 23:10 B D:\free2\travel\krakow\planty_lushness.jpg <-- hostinger /domains/pgoh13.eu/public_html/free_site/travel/krakow planty_lushness.jpg
121.01.13 23:10 B D:\free2\travel\krakow\plac_szczepanski250.jpg <-- hostinger /domains/pgoh13.eu/public_html/free_site/travel/krakow plac_szczepanski250.jpg
121.01.13 23:10 B D:\free2\travel\krakow\plac_szczepanski.jpg <-- hostinger /domains/pgoh13.eu/public_html/free_site/travel/krakow plac_szczepanski.jpg
121.01.13 23:10 B D:\free2\travel\krakow\zloty_on100915v250.jpg <-- hostinger /domains/pgoh13.eu/public_html/free_site/travel/krakow zloty_on100915v250.jpg
121.01.13 23:10 B D:\free2\travel\krakow\zloty_on100915v.jpg <-- hostinger /domains/pgoh13.eu/public_html/free_site/travel/krakow zloty_on100915v.jpg
121.01.13 23:10 B D:\free2\travel\krakow\women_lumberjacks250.jpg <-- hostinger /domains/pgoh13.eu/public_html/free_site/travel/krakow women_lumberjacks250.jpg
121.01.13 23:10 B D:\free2\travel\krakow\women_lumberjacks.jpg <-- hostinger /domains/pgoh13.eu/public_html/free_site/travel/krakow women_lumberjacks.jpg
121.01.13 23:10 B D:\free2\travel\krakow\wisla_river250.jpg <-- hostinger /domains/pgoh13.eu/public_html/free_site/travel/krakow wisla_river250.jpg
121.01.13 23:10 B D:\free2\travel\krakow\wisla_river.jpg <-- hostinger /domains/pgoh13.eu/public_html/free_site/travel/krakow wisla_river.jpg
121.01.13 23:10 B D:\free2\travel\krakow\wawelcastle_visitors250.jpg <-- hostinger /domains/pgoh13.eu/public_html/free_site/travel/krakow wawelcastle_visitors250.jpg
121.01.13 23:10 B D:\free2\travel\krakow\wawelcastle_visitors.jpg <-- hostinger /domains/pgoh13.eu/public_html/free_site/travel/krakow wawelcastle_visitors.jpg
121.01.13 23:10 B D:\free2\travel\krakow\wawel_fromstreet250.jpg <-- hostinger /domains/pgoh13.eu/public_html/free_site/travel/krakow wawel_fromstreet250.jpg
121.01.13 23:10 B D:\free2\travel\krakow\wawel_fromstreet.jpg <-- hostinger /domains/pgoh13.eu/public_html/free_site/travel/krakow wawel_fromstreet.jpg
121.01.13 23:10 B D:\free2\travel\krakow\wawel_cathedralv250.jpg <-- hostinger /domains/pgoh13.eu/public_html/free_site/travel/krakow wawel_cathedralv250.jpg
121.01.13 23:10 B D:\free2\travel\krakow\wawel_cathedralv.jpg <-- hostinger /domains/pgoh13.eu/public_html/free_site/travel/krakow wawel_cathedralv.jpg
121.01.13 23:10 B D:\free2\travel\krakow\underground_chapel250.jpg <-- hostinger /domains/pgoh13.eu/public_html/free_site/travel/krakow underground_chapel250.jpg
121.01.13 23:10 B D:\free2\travel\krakow\underground_chapel.jpg <-- hostinger /domains/pgoh13.eu/public_html/free_site/travel/krakow underground_chapel.jpg
121.01.13 23:10 B D:\free2\travel\krakow\townhall_towerv250.jpg <-- hostinger /domains/pgoh13.eu/public_html/free_site/travel/krakow townhall_towerv250.jpg
121.01.13 23:10 B D:\free2\travel\krakow\townhall_towerv.jpg <-- hostinger /domains/pgoh13.eu/public_html/free_site/travel/krakow townhall_towerv.jpg
121.01.13 23:10 B D:\free2\travel\krakow\sukiennice_morning800.jpg <-- hostinger /domains/pgoh13.eu/public_html/free_site/travel/krakow sukiennice_morning800.jpg
121.01.13 23:10 B D:\free2\travel\krakow\sukiennice_morning250.jpg <-- hostinger /domains/pgoh13.eu/public_html/free_site/travel/krakow sukiennice_morning250.jpg
121.01.13 23:10 B D:\free2\travel\krakow\sukiennice_morning.jpg <-- hostinger /domains/pgoh13.eu/public_html/free_site/travel/krakow sukiennice_morning.jpg
121.01.13 23:10 B D:\free2\travel\krakow\stflorians_gate250.jpg <-- hostinger /domains/pgoh13.eu/public_html/free_site/travel/krakow stflorians_gate250.jpg
121.01.13 23:10 B D:\free2\travel\krakow\stflorians_gate.jpg <-- hostinger /domains/pgoh13.eu/public_html/free_site/travel/krakow stflorians_gate.jpg
121.01.13 23:10 B D:\free2\travel\krakow\souvenir_stallv250.jpg <-- hostinger /domains/pgoh13.eu/public_html/free_site/travel/krakow souvenir_stallv250.jpg
121.01.13 23:10 B D:\free2\travel\krakow\souvenir_stallv.jpg <-- hostinger /domains/pgoh13.eu/public_html/free_site/travel/krakow souvenir_stallv.jpg
121.01.13 23:10 B D:\free2\travel\krakow\schlindersfactory_inside250.jpg <-- hostinger /domains/pgoh13.eu/public_html/free_site/travel/krakow schlindersfactory_inside250.jpg
121.01.13 23:10 B D:\free2\travel\krakow\schlindersfactory_inside.jpg <-- hostinger /domains/pgoh13.eu/public_html/free_site/travel/krakow schlindersfactory_inside.jpg
121.01.13 23:10 B D:\free2\travel\krakow\schlindersfactory_entrance250.jpg <-- hostinger /domains/pgoh13.eu/public_html/free_site/travel/krakow schlindersfactory_entrance250.jpg
121.01.13 23:10 B D:\free2\travel\krakow\schlindersfactory_entrance.jpg <-- hostinger /domains/pgoh13.eu/public_html/free_site/travel/krakow schlindersfactory_entrance.jpg
121.01.13 23:10 B D:\free2\travel\krakow\salt_sculpture250.jpg <-- hostinger /domains/pgoh13.eu/public_html/free_site/travel/krakow salt_sculpture250.jpg
121.01.13 23:10 B D:\free2\travel\krakow\salt_sculpture.jpg <-- hostinger /domains/pgoh13.eu/public_html/free_site/travel/krakow salt_sculpture.jpg
121.01.13 23:10 B D:\free2\travel\krakow\rynek_townhallv250.jpg <-- hostinger /domains/pgoh13.eu/public_html/free_site/travel/krakow rynek_townhallv250.jpg
121.01.13 23:10 B D:\free2\travel\krakow\rynek_townhallv.jpg <-- hostinger /domains/pgoh13.eu/public_html/free_site/travel/krakow rynek_townhallv.jpg
121.01.13 23:10 B D:\free2\travel\krakow\rynek_statue250.jpg <-- hostinger /domains/pgoh13.eu/public_html/free_site/travel/krakow rynek_statue250.jpg
121.01.13 23:10 B D:\free2\travel\krakow\rynek_statue.jpg <-- hostinger /domains/pgoh13.eu/public_html/free_site/travel/krakow rynek_statue.jpg
121.01.13 23:10 B D:\free2\travel\krakow\rynek_horsecarriages250.jpg <-- hostinger /domains/pgoh13.eu/public_html/free_site/travel/krakow rynek_horsecarriages250.jpg
121.01.13 23:10 B D:\free2\travel\krakow\rynek_horsecarriages.jpg <-- hostinger /domains/pgoh13.eu/public_html/free_site/travel/krakow rynek_horsecarriages.jpg
121.01.13 23:10 B D:\free2\travel\krakow\rynek_busker250.jpg <-- hostinger /domains/pgoh13.eu/public_html/free_site/travel/krakow rynek_busker250.jpg
121.01.13 23:10 B D:\free2\travel\krakow\panoviewfrom_wawelhill800.jpg <-- hostinger /domains/pgoh13.eu/public_html/free_site/travel/krakow panoviewfrom_wawelhill800.jpg
121.01.13 23:10 B D:\free2\travel\krakow\panoviewfrom_wawelhill250.jpg <-- hostinger /domains/pgoh13.eu/public_html/free_site/travel/krakow panoviewfrom_wawelhill250.jpg
121.01.13 23:10 B D:\free2\travel\krakow\panoviewfrom_wawelhill.jpg <-- hostinger /domains/pgoh13.eu/public_html/free_site/travel/krakow panoviewfrom_wawelhill.jpg
121.01.13 23:10 B D:\free2\travel\krakow\overview_rynek250.jpg <-- hostinger /domains/pgoh13.eu/public_html/free_site/travel/krakow overview_rynek250.jpg
121.01.13 23:10 B D:\free2\travel\krakow\overview_rynek.jpg <-- hostinger /domains/pgoh13.eu/public_html/free_site/travel/krakow overview_rynek.jpg
121.01.13 23:10 B D:\free2\travel\krakow\oldest_university250.jpg <-- hostinger /domains/pgoh13.eu/public_html/free_site/travel/krakow oldest_university250.jpg
121.01.13 23:10 B D:\free2\travel\krakow\oldest_university.jpg <-- hostinger /domains/pgoh13.eu/public_html/free_site/travel/krakow oldest_university.jpg
121.01.13 23:10 B D:\free2\travel\krakow\nowahuta_tesco250.jpg <-- hostinger /domains/pgoh13.eu/public_html/free_site/travel/krakow nowahuta_tesco250.jpg
121.01.13 23:10 B D:\free2\travel\krakow\nowahuta_tesco.jpg <-- hostinger /domains/pgoh13.eu/public_html/free_site/travel/krakow nowahuta_tesco.jpg
121.01.13 23:10 B D:\free2\travel\krakow\mocak_maymenrotv250.jpg <-- hostinger /domains/pgoh13.eu/public_html/free_site/travel/krakow mocak_maymenrotv250.jpg
121.01.13 23:10 B D:\free2\travel\krakow\mocak_maymenrotv.jpg <-- hostinger /domains/pgoh13.eu/public_html/free_site/travel/krakow mocak_maymenrotv.jpg
121.01.13 23:10 B D:\free2\travel\krakow\mocak_maymenrot250.jpg <-- hostinger /domains/pgoh13.eu/public_html/free_site/travel/krakow mocak_maymenrot250.jpg
121.01.13 23:10 B D:\free2\travel\krakow\mocak_maymenrot.jpg <-- hostinger /domains/pgoh13.eu/public_html/free_site/travel/krakow mocak_maymenrot.jpg
121.01.13 23:10 B D:\free2\travel\krakow\mocak_inside250.jpg <-- hostinger /domains/pgoh13.eu/public_html/free_site/travel/krakow mocak_inside250.jpg
121.01.13 23:10 B D:\free2\travel\krakow\mocak_inside.jpg <-- hostinger /domains/pgoh13.eu/public_html/free_site/travel/krakow mocak_inside.jpg
121.01.13 23:10 B D:\free2\travel\krakow\mocak_building250.jpg <-- hostinger /domains/pgoh13.eu/public_html/free_site/travel/krakow mocak_building250.jpg
121.01.13 23:10 B D:\free2\travel\krakow\mocak_building.jpg <-- hostinger /domains/pgoh13.eu/public_html/free_site/travel/krakow mocak_building.jpg
121.01.13 23:10 B D:\free2\travel\krakow\milkbar_meal250.jpg <-- hostinger /domains/pgoh13.eu/public_html/free_site/travel/krakow milkbar_meal250.jpg
121.01.13 23:10 B D:\free2\travel\krakow\milkbar_meal.jpg <-- hostinger /domains/pgoh13.eu/public_html/free_site/travel/krakow milkbar_meal.jpg
121.01.13 23:10 B D:\free2\travel\krakow\menu_onwall250.jpg <-- hostinger /domains/pgoh13.eu/public_html/free_site/travel/krakow menu_onwall250.jpg
121.01.13 23:10 B D:\free2\travel\krakow\menu_onwall.jpg <-- hostinger /domains/pgoh13.eu/public_html/free_site/travel/krakow menu_onwall.jpg
121.01.13 23:10 B D:\free2\travel\krakow\maymenrot_explanation.jpg <-- hostinger /domains/pgoh13.eu/public_html/free_site/travel/krakow maymenrot_explanation.jpg
121.01.13 23:10 B D:\free2\travel\krakow\map_kazimierz250.jpg <-- hostinger /domains/pgoh13.eu/public_html/free_site/travel/krakow map_kazimierz250.jpg
121.01.13 23:10 B D:\free2\travel\krakow\map_kazimierz.jpg <-- hostinger /domains/pgoh13.eu/public_html/free_site/travel/krakow map_kazimierz.jpg
121.01.13 23:10 B D:\free2\travel\krakow\logo_milkbar250.jpg <-- hostinger /domains/pgoh13.eu/public_html/free_site/travel/krakow logo_milkbar250.jpg
121.01.13 23:10 B D:\free2\travel\krakow\logo_milkbar.jpg <-- hostinger /domains/pgoh13.eu/public_html/free_site/travel/krakow logo_milkbar.jpg
121.01.13 23:10 B D:\free2\travel\krakow\logo_kantorh50.jpg <-- hostinger /domains/pgoh13.eu/public_html/free_site/travel/krakow logo_kantorh50.jpg
121.01.13 23:10 B D:\free2\travel\krakow\logo_kantor250.jpg <-- hostinger /domains/pgoh13.eu/public_html/free_site/travel/krakow logo_kantor250.jpg
121.01.13 23:10 B D:\free2\travel\krakow\logo_kantor.jpg <-- hostinger /domains/pgoh13.eu/public_html/free_site/travel/krakow logo_kantor.jpg
121.01.13 23:10 B D:\free2\travel\krakow\lastsupper_insalt250.jpg <-- hostinger /domains/pgoh13.eu/public_html/free_site/travel/krakow lastsupper_insalt250.jpg
121.01.13 23:10 B D:\free2\travel\krakow\lastsupper_insalt.jpg <-- hostinger /domains/pgoh13.eu/public_html/free_site/travel/krakow lastsupper_insalt.jpg
121.01.13 23:10 B D:\free2\travel\krakow\krakow_citymap.jpg <-- hostinger /domains/pgoh13.eu/public_html/free_site/travel/krakow krakow_citymap.jpg
121.01.13 23:10 B D:\free2\travel\krakow\kazimierz_wolnicasquare250.jpg <-- hostinger /domains/pgoh13.eu/public_html/free_site/travel/krakow kazimierz_wolnicasquare250.jpg
121.01.13 23:10 B D:\free2\travel\krakow\kazimierz_wolnicasquare.jpg <-- hostinger /domains/pgoh13.eu/public_html/free_site/travel/krakow kazimierz_wolnicasquare.jpg
121.01.13 23:10 B D:\free2\travel\krakow\kazimierz_streetart250.jpg <-- hostinger /domains/pgoh13.eu/public_html/free_site/travel/krakow kazimierz_streetart250.jpg
121.01.13 23:10 B D:\free2\travel\krakow\kazimierz_streetart.jpg <-- hostinger /domains/pgoh13.eu/public_html/free_site/travel/krakow kazimierz_streetart.jpg
121.01.14 18:49 B D:\free2\travel\krakow\zloty_on100915v250.jpg --> ftpperso.free.fr /travel/krakow zloty_on100915v250.jpg
121.01.14 18:49 B D:\free2\travel\krakow\zloty_on100915v.jpg --> ftpperso.free.fr /travel/krakow zloty_on100915v.jpg
